<?xml version="1.0" encoding="UTF-8"?>
<coverage generated="1768035021152" clover="3.2.0">
  <project timestamp="1768035021152" name="All files">
    <metrics statements="471" coveredstatements="121" conditionals="338" coveredconditionals="155" methods="215" coveredmethods="35" elements="1024" coveredelements="311" complexity="0" loc="471" ncloc="471" packages="12" files="73" classes="73"/>
    <package name="components">
      <metrics statements="17" coveredstatements="0" conditionals="13" coveredconditionals="0" methods="5" coveredmethods="0"/>
      <file name="ErrorBoundary.tsx" path="/Users/emmanuelrassou/Desktop/Academics - Harvard/Side_projects/sellryte/projectslge/apps/mobile/src/components/ErrorBoundary.tsx">
        <metrics statements="17" coveredstatements="0" conditionals="13" coveredconditionals="0" methods="5" coveredmethods="0"/>
        <line num="25" count="0" type="stmt"/>
        <line num="26" count="0" type="stmt"/>
        <line num="34" count="0" type="stmt"/>
        <line num="42" count="0" type="cond" truecount="0" falsecount="2"/>
        <line num="43" count="0" type="stmt"/>
        <line num="46" count="0" type="stmt"/>
        <line num="52" count="0" type="cond" truecount="0" falsecount="2"/>
        <line num="53" count="0" type="stmt"/>
        <line num="57" count="0" type="stmt"/>
        <line num="60" count="0" type="stmt"/>
        <line num="61" count="0" type="stmt"/>
        <line num="69" count="0" type="cond" truecount="0" falsecount="2"/>
        <line num="70" count="0" type="cond" truecount="0" falsecount="2"/>
        <line num="71" count="0" type="stmt"/>
        <line num="74" count="0" type="stmt"/>
        <line num="103" count="0" type="stmt"/>
        <line num="107" count="0" type="stmt"/>
      </file>
    </package>
    <package name="navigation">
      <metrics statements="17" coveredstatements="0" conditionals="2" coveredconditionals="0" methods="13" coveredmethods="0"/>
      <file name="AppNavigator.tsx" path="/Users/emmanuelrassou/Desktop/Academics - Harvard/Side_projects/sellryte/projectslge/apps/mobile/src/navigation/AppNavigator.tsx">
        <metrics statements="2" coveredstatements="0" conditionals="0" coveredconditionals="0" methods="1" coveredmethods="0"/>
        <line num="66" count="0" type="stmt"/>
        <line num="81" count="0" type="stmt"/>
      </file>
      <file name="AppTabs.tsx" path="/Users/emmanuelrassou/Desktop/Academics - Harvard/Side_projects/sellryte/projectslge/apps/mobile/src/navigation/AppTabs.tsx">
        <metrics statements="10" coveredstatements="0" conditionals="0" coveredconditionals="0" methods="9" coveredmethods="0"/>
        <line num="11" count="0" type="stmt"/>
        <line num="14" count="0" type="stmt"/>
        <line num="42" count="0" type="stmt"/>
        <line num="53" count="0" type="stmt"/>
        <line num="63" count="0" type="stmt"/>
        <line num="67" count="0" type="stmt"/>
        <line num="75" count="0" type="stmt"/>
        <line num="79" count="0" type="stmt"/>
        <line num="87" count="0" type="stmt"/>
        <line num="91" count="0" type="stmt"/>
      </file>
      <file name="AuthStack.tsx" path="/Users/emmanuelrassou/Desktop/Academics - Harvard/Side_projects/sellryte/projectslge/apps/mobile/src/navigation/AuthStack.tsx">
        <metrics statements="2" coveredstatements="0" conditionals="0" coveredconditionals="0" methods="1" coveredmethods="0"/>
        <line num="11" count="0" type="stmt"/>
        <line num="14" count="0" type="stmt"/>
      </file>
      <file name="RootNavigator.tsx" path="/Users/emmanuelrassou/Desktop/Academics - Harvard/Side_projects/sellryte/projectslge/apps/mobile/src/navigation/RootNavigator.tsx">
        <metrics statements="3" coveredstatements="0" conditionals="2" coveredconditionals="0" methods="2" coveredmethods="0"/>
        <line num="11" count="0" type="stmt"/>
        <line num="20" count="0" type="stmt"/>
        <line num="22" count="0" type="stmt"/>
      </file>
      <file name="types.ts" path="/Users/emmanuelrassou/Desktop/Academics - Harvard/Side_projects/sellryte/projectslge/apps/mobile/src/navigation/types.ts">
        <metrics statements="0" coveredstatements="0" conditionals="0" coveredconditionals="0" methods="0" coveredmethods="0"/>
      </file>
    </package>
    <package name="navigation.stacks">
      <metrics statements="18" coveredstatements="0" conditionals="0" coveredconditionals="0" methods="9" coveredmethods="0"/>
      <file name="ChatStack.tsx" path="/Users/emmanuelrassou/Desktop/Academics - Harvard/Side_projects/sellryte/projectslge/apps/mobile/src/navigation/stacks/ChatStack.tsx">
        <metrics statements="2" coveredstatements="0" conditionals="0" coveredconditionals="0" methods="1" coveredmethods="0"/>
        <line num="9" count="0" type="stmt"/>
        <line num="12" count="0" type="stmt"/>
      </file>
      <file name="DealsStack.tsx" path="/Users/emmanuelrassou/Desktop/Academics - Harvard/Side_projects/sellryte/projectslge/apps/mobile/src/navigation/stacks/DealsStack.tsx">
        <metrics statements="2" coveredstatements="0" conditionals="0" coveredconditionals="0" methods="1" coveredmethods="0"/>
        <line num="13" count="0" type="stmt"/>
        <line num="16" count="0" type="stmt"/>
      </file>
      <file name="HomeStack.tsx" path="/Users/emmanuelrassou/Desktop/Academics - Harvard/Side_projects/sellryte/projectslge/apps/mobile/src/navigation/stacks/HomeStack.tsx">
        <metrics statements="2" coveredstatements="0" conditionals="0" coveredconditionals="0" methods="1" coveredmethods="0"/>
        <line num="9" count="0" type="stmt"/>
        <line num="12" count="0" type="stmt"/>
      </file>
      <file name="ListStack.tsx" path="/Users/emmanuelrassou/Desktop/Academics - Harvard/Side_projects/sellryte/projectslge/apps/mobile/src/navigation/stacks/ListStack.tsx">
        <metrics statements="2" coveredstatements="0" conditionals="0" coveredconditionals="0" methods="1" coveredmethods="0"/>
        <line num="12" count="0" type="stmt"/>
        <line num="15" count="0" type="stmt"/>
      </file>
      <file name="MatchesStack.tsx" path="/Users/emmanuelrassou/Desktop/Academics - Harvard/Side_projects/sellryte/projectslge/apps/mobile/src/navigation/stacks/MatchesStack.tsx">
        <metrics statements="2" coveredstatements="0" conditionals="0" coveredconditionals="0" methods="1" coveredmethods="0"/>
        <line num="9" count="0" type="stmt"/>
        <line num="12" count="0" type="stmt"/>
      </file>
      <file name="ProfileStack.tsx" path="/Users/emmanuelrassou/Desktop/Academics - Harvard/Side_projects/sellryte/projectslge/apps/mobile/src/navigation/stacks/ProfileStack.tsx">
        <metrics statements="2" coveredstatements="0" conditionals="0" coveredconditionals="0" methods="1" coveredmethods="0"/>
        <line num="10" count="0" type="stmt"/>
        <line num="13" count="0" type="stmt"/>
      </file>
      <file name="SwipeStack.tsx" path="/Users/emmanuelrassou/Desktop/Academics - Harvard/Side_projects/sellryte/projectslge/apps/mobile/src/navigation/stacks/SwipeStack.tsx">
        <metrics statements="2" coveredstatements="0" conditionals="0" coveredconditionals="0" methods="1" coveredmethods="0"/>
        <line num="9" count="0" type="stmt"/>
        <line num="12" count="0" type="stmt"/>
      </file>
      <file name="UploadStack.tsx" path="/Users/emmanuelrassou/Desktop/Academics - Harvard/Side_projects/sellryte/projectslge/apps/mobile/src/navigation/stacks/UploadStack.tsx">
        <metrics statements="2" coveredstatements="0" conditionals="0" coveredconditionals="0" methods="1" coveredmethods="0"/>
        <line num="9" count="0" type="stmt"/>
        <line num="12" count="0" type="stmt"/>
      </file>
      <file name="WantsStack.tsx" path="/Users/emmanuelrassou/Desktop/Academics - Harvard/Side_projects/sellryte/projectslge/apps/mobile/src/navigation/stacks/WantsStack.tsx">
        <metrics statements="2" coveredstatements="0" conditionals="0" coveredconditionals="0" methods="1" coveredmethods="0"/>
        <line num="9" count="0" type="stmt"/>
        <line num="12" count="0" type="stmt"/>
      </file>
    </package>
    <package name="schemas">
      <metrics statements="83" coveredstatements="70" conditionals="106" coveredconditionals="87" methods="19" coveredmethods="19"/>
      <file name="errorHandling.ts" path="/Users/emmanuelrassou/Desktop/Academics - Harvard/Side_projects/sellryte/projectslge/apps/mobile/src/schemas/errorHandling.ts">
        <metrics statements="35" coveredstatements="30" conditionals="38" coveredconditionals="31" methods="12" coveredmethods="12"/>
        <line num="11" count="8" type="cond" truecount="2" falsecount="0"/>
        <line num="12" count="8" type="stmt"/>
        <line num="13" count="8" type="stmt"/>
        <line num="14" count="8" type="stmt"/>
        <line num="21" count="3" type="stmt"/>
        <line num="28" count="1" type="cond" truecount="1" falsecount="1"/>
        <line num="35" count="5" type="stmt"/>
        <line num="42" count="3" type="stmt"/>
        <line num="43" count="2" type="cond" truecount="2" falsecount="0"/>
        <line num="51" count="2" type="stmt"/>
        <line num="52" count="2" type="cond" truecount="2" falsecount="0"/>
        <line num="53" count="1" type="stmt"/>
        <line num="55" count="1" type="stmt"/>
        <line num="66" count="2" type="stmt"/>
        <line num="67" count="2" type="stmt"/>
        <line num="68" count="2" type="cond" truecount="2" falsecount="0"/>
        <line num="69" count="1" type="stmt"/>
        <line num="71" count="1" type="stmt"/>
        <line num="73" count="0" type="cond" truecount="0" falsecount="2"/>
        <line num="74" count="0" type="stmt"/>
        <line num="76" count="0" type="stmt"/>
        <line num="92" count="4" type="cond" truecount="2" falsecount="0"/>
        <line num="93" count="1" type="stmt"/>
        <line num="94" count="1" type="cond" truecount="1" falsecount="1"/>
        <line num="95" count="1" type="stmt"/>
        <line num="97" count="0" type="stmt"/>
        <line num="99" count="3" type="cond" truecount="2" falsecount="0"/>
        <line num="100" count="2" type="cond" truecount="2" falsecount="0"/>
        <line num="101" count="1" type="stmt"/>
        <line num="103" count="1" type="stmt"/>
        <line num="106" count="1" type="stmt"/>
        <line num="107" count="1" type="cond" truecount="1" falsecount="1"/>
        <line num="108" count="1" type="stmt"/>
        <line num="110" count="0" type="stmt"/>
        <line num="119" count="9" type="stmt"/>
      </file>
      <file name="index.ts" path="/Users/emmanuelrassou/Desktop/Academics - Harvard/Side_projects/sellryte/projectslge/apps/mobile/src/schemas/index.ts">
        <metrics statements="0" coveredstatements="0" conditionals="0" coveredconditionals="0" methods="0" coveredmethods="0"/>
      </file>
      <file name="schema.ts" path="/Users/emmanuelrassou/Desktop/Academics - Harvard/Side_projects/sellryte/projectslge/apps/mobile/src/schemas/schema.ts">
        <metrics statements="48" coveredstatements="40" conditionals="68" coveredconditionals="56" methods="7" coveredmethods="7"/>
        <line num="146" count="15" type="stmt"/>
        <line num="150" count="25" type="cond" truecount="4" falsecount="1"/>
        <line num="152" count="2" type="cond" truecount="3" falsecount="1"/>
        <line num="157" count="11" type="cond" truecount="3" falsecount="0"/>
        <line num="161" count="11" type="cond" truecount="2" falsecount="0"/>
        <line num="164" count="1" type="stmt"/>
        <line num="166" count="0" type="stmt"/>
        <line num="171" count="9" type="cond" truecount="2" falsecount="0"/>
        <line num="175" count="9" type="cond" truecount="2" falsecount="0"/>
        <line num="190" count="9" type="stmt"/>
        <line num="193" count="9" type="cond" truecount="2" falsecount="0"/>
        <line num="194" count="2" type="stmt"/>
        <line num="197" count="9" type="cond" truecount="3" falsecount="1"/>
        <line num="198" count="0" type="stmt"/>
        <line num="201" count="9" type="cond" truecount="1" falsecount="1"/>
        <line num="202" count="0" type="stmt"/>
        <line num="205" count="9" type="cond" truecount="2" falsecount="0"/>
        <line num="206" count="3" type="stmt"/>
        <line num="208" count="9" type="cond" truecount="2" falsecount="0"/>
        <line num="209" count="3" type="stmt"/>
        <line num="211" count="9" type="cond" truecount="2" falsecount="0"/>
        <line num="212" count="3" type="stmt"/>
        <line num="214" count="9" type="cond" truecount="4" falsecount="0"/>
        <line num="215" count="3" type="stmt"/>
        <line num="217" count="9" type="cond" truecount="4" falsecount="0"/>
        <line num="218" count="1" type="stmt"/>
        <line num="223" count="9" type="cond" truecount="4" falsecount="0"/>
        <line num="224" count="2" type="cond" truecount="1" falsecount="1"/>
        <line num="225" count="0" type="cond" truecount="0" falsecount="2"/>
        <line num="226" count="0" type="stmt"/>
        <line num="228" count="2" type="cond" truecount="3" falsecount="1"/>
        <line num="229" count="2" type="stmt"/>
        <line num="234" count="9" type="cond" truecount="4" falsecount="0"/>
        <line num="235" count="1" type="cond" truecount="1" falsecount="1"/>
        <line num="236" count="0" type="cond" truecount="0" falsecount="2"/>
        <line num="237" count="0" type="stmt"/>
        <line num="240" count="1" type="stmt"/>
        <line num="244" count="9" type="cond" truecount="2" falsecount="0"/>
        <line num="245" count="3" type="stmt"/>
        <line num="248" count="9" type="stmt"/>
        <line num="255" count="10" type="stmt"/>
        <line num="261" count="10" type="stmt"/>
        <line num="268" count="10" type="cond" truecount="4" falsecount="1"/>
        <line num="270" count="4" type="stmt"/>
        <line num="272" count="2" type="stmt"/>
        <line num="274" count="3" type="stmt"/>
        <line num="276" count="1" type="stmt"/>
        <line num="278" count="0" type="stmt"/>
      </file>
    </package>
    <package name="screens">
      <metrics statements="122" coveredstatements="0" conditionals="2" coveredconditionals="0" methods="79" coveredmethods="0"/>
      <file name="AddWantScreen.tsx" path="/Users/emmanuelrassou/Desktop/Academics - Harvard/Side_projects/sellryte/projectslge/apps/mobile/src/screens/AddWantScreen.tsx">
        <metrics statements="3" coveredstatements="0" conditionals="0" coveredconditionals="0" methods="2" coveredmethods="0"/>
        <line num="16" count="0" type="stmt"/>
        <line num="22" count="0" type="stmt"/>
        <line num="31" count="0" type="stmt"/>
      </file>
      <file name="AgentScreen.tsx" path="/Users/emmanuelrassou/Desktop/Academics - Harvard/Side_projects/sellryte/projectslge/apps/mobile/src/screens/AgentScreen.tsx">
        <metrics statements="3" coveredstatements="0" conditionals="0" coveredconditionals="0" methods="2" coveredmethods="0"/>
        <line num="16" count="0" type="stmt"/>
        <line num="22" count="0" type="stmt"/>
        <line num="31" count="0" type="stmt"/>
      </file>
      <file name="AuthFormScreen.tsx" path="/Users/emmanuelrassou/Desktop/Academics - Harvard/Side_projects/sellryte/projectslge/apps/mobile/src/screens/AuthFormScreen.tsx">
        <metrics statements="4" coveredstatements="0" conditionals="0" coveredconditionals="0" methods="3" coveredmethods="0"/>
        <line num="10" count="0" type="stmt"/>
        <line num="16" count="0" type="stmt"/>
        <line num="20" count="0" type="stmt"/>
        <line num="28" count="0" type="stmt"/>
      </file>
      <file name="ChatScreen.tsx" path="/Users/emmanuelrassou/Desktop/Academics - Harvard/Side_projects/sellryte/projectslge/apps/mobile/src/screens/ChatScreen.tsx">
        <metrics statements="3" coveredstatements="0" conditionals="0" coveredconditionals="0" methods="2" coveredmethods="0"/>
        <line num="16" count="0" type="stmt"/>
        <line num="22" count="0" type="stmt"/>
        <line num="31" count="0" type="stmt"/>
      </file>
      <file name="ChatThreadScreen.tsx" path="/Users/emmanuelrassou/Desktop/Academics - Harvard/Side_projects/sellryte/projectslge/apps/mobile/src/screens/ChatThreadScreen.tsx">
        <metrics statements="4" coveredstatements="0" conditionals="0" coveredconditionals="0" methods="2" coveredmethods="0"/>
        <line num="10" count="0" type="stmt"/>
        <line num="12" count="0" type="stmt"/>
        <line num="18" count="0" type="stmt"/>
        <line num="26" count="0" type="stmt"/>
      </file>
      <file name="ClarificationScreen.tsx" path="/Users/emmanuelrassou/Desktop/Academics - Harvard/Side_projects/sellryte/projectslge/apps/mobile/src/screens/ClarificationScreen.tsx">
        <metrics statements="4" coveredstatements="0" conditionals="0" coveredconditionals="0" methods="3" coveredmethods="0"/>
        <line num="10" count="0" type="stmt"/>
        <line num="16" count="0" type="stmt"/>
        <line num="20" count="0" type="stmt"/>
        <line num="28" count="0" type="stmt"/>
      </file>
      <file name="ConfirmAddToListScreen.tsx" path="/Users/emmanuelrassou/Desktop/Academics - Harvard/Side_projects/sellryte/projectslge/apps/mobile/src/screens/ConfirmAddToListScreen.tsx">
        <metrics statements="3" coveredstatements="0" conditionals="0" coveredconditionals="0" methods="2" coveredmethods="0"/>
        <line num="10" count="0" type="stmt"/>
        <line num="15" count="0" type="stmt"/>
        <line num="23" count="0" type="stmt"/>
      </file>
      <file name="ConversationsScreen.tsx" path="/Users/emmanuelrassou/Desktop/Academics - Harvard/Side_projects/sellryte/projectslge/apps/mobile/src/screens/ConversationsScreen.tsx">
        <metrics statements="3" coveredstatements="0" conditionals="0" coveredconditionals="0" methods="2" coveredmethods="0"/>
        <line num="16" count="0" type="stmt"/>
        <line num="23" count="0" type="stmt"/>
        <line num="32" count="0" type="stmt"/>
      </file>
      <file name="DealChatScreen.tsx" path="/Users/emmanuelrassou/Desktop/Academics - Harvard/Side_projects/sellryte/projectslge/apps/mobile/src/screens/DealChatScreen.tsx">
        <metrics statements="4" coveredstatements="0" conditionals="0" coveredconditionals="0" methods="2" coveredmethods="0"/>
        <line num="10" count="0" type="stmt"/>
        <line num="12" count="0" type="stmt"/>
        <line num="18" count="0" type="stmt"/>
        <line num="26" count="0" type="stmt"/>
      </file>
      <file name="DealDetailScreen.tsx" path="/Users/emmanuelrassou/Desktop/Academics - Harvard/Side_projects/sellryte/projectslge/apps/mobile/src/screens/DealDetailScreen.tsx">
        <metrics statements="6" coveredstatements="0" conditionals="0" coveredconditionals="0" methods="4" coveredmethods="0"/>
        <line num="10" count="0" type="stmt"/>
        <line num="12" count="0" type="stmt"/>
        <line num="19" count="0" type="stmt"/>
        <line num="25" count="0" type="stmt"/>
        <line num="29" count="0" type="stmt"/>
        <line num="37" count="0" type="stmt"/>
      </file>
      <file name="DealsHomeScreen.tsx" path="/Users/emmanuelrassou/Desktop/Academics - Harvard/Side_projects/sellryte/projectslge/apps/mobile/src/screens/DealsHomeScreen.tsx">
        <metrics statements="3" coveredstatements="0" conditionals="0" coveredconditionals="0" methods="2" coveredmethods="0"/>
        <line num="10" count="0" type="stmt"/>
        <line num="16" count="0" type="stmt"/>
        <line num="25" count="0" type="stmt"/>
      </file>
      <file name="DealsScreen.tsx" path="/Users/emmanuelrassou/Desktop/Academics - Harvard/Side_projects/sellryte/projectslge/apps/mobile/src/screens/DealsScreen.tsx">
        <metrics statements="3" coveredstatements="0" conditionals="0" coveredconditionals="0" methods="2" coveredmethods="0"/>
        <line num="16" count="0" type="stmt"/>
        <line num="22" count="0" type="stmt"/>
        <line num="31" count="0" type="stmt"/>
      </file>
      <file name="ForgotPasswordScreen.tsx" path="/Users/emmanuelrassou/Desktop/Academics - Harvard/Side_projects/sellryte/projectslge/apps/mobile/src/screens/ForgotPasswordScreen.tsx">
        <metrics statements="4" coveredstatements="0" conditionals="0" coveredconditionals="0" methods="3" coveredmethods="0"/>
        <line num="10" count="0" type="stmt"/>
        <line num="16" count="0" type="stmt"/>
        <line num="20" count="0" type="stmt"/>
        <line num="28" count="0" type="stmt"/>
      </file>
      <file name="HomeScreen.tsx" path="/Users/emmanuelrassou/Desktop/Academics - Harvard/Side_projects/sellryte/projectslge/apps/mobile/src/screens/HomeScreen.tsx">
        <metrics statements="4" coveredstatements="0" conditionals="0" coveredconditionals="0" methods="3" coveredmethods="0"/>
        <line num="16" count="0" type="stmt"/>
        <line num="36" count="0" type="stmt"/>
        <line num="46" count="0" type="stmt"/>
        <line num="59" count="0" type="stmt"/>
      </file>
      <file name="ItemDetailScreen.tsx" path="/Users/emmanuelrassou/Desktop/Academics - Harvard/Side_projects/sellryte/projectslge/apps/mobile/src/screens/ItemDetailScreen.tsx">
        <metrics statements="4" coveredstatements="0" conditionals="0" coveredconditionals="0" methods="2" coveredmethods="0"/>
        <line num="16" count="0" type="stmt"/>
        <line num="18" count="0" type="stmt"/>
        <line num="26" count="0" type="stmt"/>
        <line num="35" count="0" type="stmt"/>
      </file>
      <file name="LoginScreen.tsx" path="/Users/emmanuelrassou/Desktop/Academics - Harvard/Side_projects/sellryte/projectslge/apps/mobile/src/screens/LoginScreen.tsx">
        <metrics statements="3" coveredstatements="0" conditionals="0" coveredconditionals="0" methods="2" coveredmethods="0"/>
        <line num="16" count="0" type="stmt"/>
        <line num="22" count="0" type="stmt"/>
        <line num="31" count="0" type="stmt"/>
      </file>
      <file name="LogisticsShippingScreen.tsx" path="/Users/emmanuelrassou/Desktop/Academics - Harvard/Side_projects/sellryte/projectslge/apps/mobile/src/screens/LogisticsShippingScreen.tsx">
        <metrics statements="4" coveredstatements="0" conditionals="0" coveredconditionals="0" methods="2" coveredmethods="0"/>
        <line num="10" count="0" type="stmt"/>
        <line num="12" count="0" type="stmt"/>
        <line num="18" count="0" type="stmt"/>
        <line num="26" count="0" type="stmt"/>
      </file>
      <file name="MatchDetailScreen.tsx" path="/Users/emmanuelrassou/Desktop/Academics - Harvard/Side_projects/sellryte/projectslge/apps/mobile/src/screens/MatchDetailScreen.tsx">
        <metrics statements="4" coveredstatements="0" conditionals="0" coveredconditionals="0" methods="2" coveredmethods="0"/>
        <line num="10" count="0" type="stmt"/>
        <line num="12" count="0" type="stmt"/>
        <line num="17" count="0" type="stmt"/>
        <line num="25" count="0" type="stmt"/>
      </file>
      <file name="MatchesHomeScreen.tsx" path="/Users/emmanuelrassou/Desktop/Academics - Harvard/Side_projects/sellryte/projectslge/apps/mobile/src/screens/MatchesHomeScreen.tsx">
        <metrics statements="3" coveredstatements="0" conditionals="0" coveredconditionals="0" methods="2" coveredmethods="0"/>
        <line num="10" count="0" type="stmt"/>
        <line num="16" count="0" type="stmt"/>
        <line num="25" count="0" type="stmt"/>
      </file>
      <file name="MatchesScreen.tsx" path="/Users/emmanuelrassou/Desktop/Academics - Harvard/Side_projects/sellryte/projectslge/apps/mobile/src/screens/MatchesScreen.tsx">
        <metrics statements="3" coveredstatements="0" conditionals="0" coveredconditionals="0" methods="2" coveredmethods="0"/>
        <line num="16" count="0" type="stmt"/>
        <line num="22" count="0" type="stmt"/>
        <line num="31" count="0" type="stmt"/>
      </file>
      <file name="MyListScreen.tsx" path="/Users/emmanuelrassou/Desktop/Academics - Harvard/Side_projects/sellryte/projectslge/apps/mobile/src/screens/MyListScreen.tsx">
        <metrics statements="3" coveredstatements="0" conditionals="0" coveredconditionals="0" methods="2" coveredmethods="0"/>
        <line num="16" count="0" type="stmt"/>
        <line num="23" count="0" type="stmt"/>
        <line num="32" count="0" type="stmt"/>
      </file>
      <file name="MyWantsScreen.tsx" path="/Users/emmanuelrassou/Desktop/Academics - Harvard/Side_projects/sellryte/projectslge/apps/mobile/src/screens/MyWantsScreen.tsx">
        <metrics statements="3" coveredstatements="0" conditionals="0" coveredconditionals="0" methods="2" coveredmethods="0"/>
        <line num="16" count="0" type="stmt"/>
        <line num="22" count="0" type="stmt"/>
        <line num="31" count="0" type="stmt"/>
      </file>
      <file name="OfferScreen.tsx" path="/Users/emmanuelrassou/Desktop/Academics - Harvard/Side_projects/sellryte/projectslge/apps/mobile/src/screens/OfferScreen.tsx">
        <metrics statements="3" coveredstatements="0" conditionals="0" coveredconditionals="0" methods="2" coveredmethods="0"/>
        <line num="16" count="0" type="stmt"/>
        <line num="22" count="0" type="stmt"/>
        <line num="31" count="0" type="stmt"/>
      </file>
      <file name="PickupDetailsScreen.tsx" path="/Users/emmanuelrassou/Desktop/Academics - Harvard/Side_projects/sellryte/projectslge/apps/mobile/src/screens/PickupDetailsScreen.tsx">
        <metrics statements="3" coveredstatements="0" conditionals="0" coveredconditionals="0" methods="2" coveredmethods="0"/>
        <line num="16" count="0" type="stmt"/>
        <line num="22" count="0" type="stmt"/>
        <line num="31" count="0" type="stmt"/>
      </file>
      <file name="ProfileScreen.tsx" path="/Users/emmanuelrassou/Desktop/Academics - Harvard/Side_projects/sellryte/projectslge/apps/mobile/src/screens/ProfileScreen.tsx">
        <metrics statements="3" coveredstatements="0" conditionals="0" coveredconditionals="0" methods="2" coveredmethods="0"/>
        <line num="16" count="0" type="stmt"/>
        <line num="22" count="0" type="stmt"/>
        <line num="31" count="0" type="stmt"/>
      </file>
      <file name="ResetPasswordScreen.tsx" path="/Users/emmanuelrassou/Desktop/Academics - Harvard/Side_projects/sellryte/projectslge/apps/mobile/src/screens/ResetPasswordScreen.tsx">
        <metrics statements="3" coveredstatements="0" conditionals="0" coveredconditionals="0" methods="2" coveredmethods="0"/>
        <line num="16" count="0" type="stmt"/>
        <line num="23" count="0" type="stmt"/>
        <line num="32" count="0" type="stmt"/>
      </file>
      <file name="ResetSentScreen.tsx" path="/Users/emmanuelrassou/Desktop/Academics - Harvard/Side_projects/sellryte/projectslge/apps/mobile/src/screens/ResetSentScreen.tsx">
        <metrics statements="3" coveredstatements="0" conditionals="0" coveredconditionals="0" methods="2" coveredmethods="0"/>
        <line num="16" count="0" type="stmt"/>
        <line num="22" count="0" type="stmt"/>
        <line num="31" count="0" type="stmt"/>
      </file>
      <file name="ShippingScreen.tsx" path="/Users/emmanuelrassou/Desktop/Academics - Harvard/Side_projects/sellryte/projectslge/apps/mobile/src/screens/ShippingScreen.tsx">
        <metrics statements="3" coveredstatements="0" conditionals="0" coveredconditionals="0" methods="2" coveredmethods="0"/>
        <line num="16" count="0" type="stmt"/>
        <line num="22" count="0" type="stmt"/>
        <line num="31" count="0" type="stmt"/>
      </file>
      <file name="SignupScreen.tsx" path="/Users/emmanuelrassou/Desktop/Academics - Harvard/Side_projects/sellryte/projectslge/apps/mobile/src/screens/SignupScreen.tsx">
        <metrics statements="3" coveredstatements="0" conditionals="0" coveredconditionals="0" methods="2" coveredmethods="0"/>
        <line num="16" count="0" type="stmt"/>
        <line num="22" count="0" type="stmt"/>
        <line num="31" count="0" type="stmt"/>
      </file>
      <file name="StubScreen.tsx" path="/Users/emmanuelrassou/Desktop/Academics - Harvard/Side_projects/sellryte/projectslge/apps/mobile/src/screens/StubScreen.tsx">
        <metrics statements="2" coveredstatements="0" conditionals="2" coveredconditionals="0" methods="1" coveredmethods="0"/>
        <line num="12" count="0" type="stmt"/>
        <line num="36" count="0" type="stmt"/>
      </file>
      <file name="SwipeBuyScreen.tsx" path="/Users/emmanuelrassou/Desktop/Academics - Harvard/Side_projects/sellryte/projectslge/apps/mobile/src/screens/SwipeBuyScreen.tsx">
        <metrics statements="3" coveredstatements="0" conditionals="0" coveredconditionals="0" methods="2" coveredmethods="0"/>
        <line num="16" count="0" type="stmt"/>
        <line num="22" count="0" type="stmt"/>
        <line num="31" count="0" type="stmt"/>
      </file>
      <file name="SwipeScreen.tsx" path="/Users/emmanuelrassou/Desktop/Academics - Harvard/Side_projects/sellryte/projectslge/apps/mobile/src/screens/SwipeScreen.tsx">
        <metrics statements="3" coveredstatements="0" conditionals="0" coveredconditionals="0" methods="2" coveredmethods="0"/>
        <line num="10" count="0" type="stmt"/>
        <line num="17" count="0" type="stmt"/>
        <line num="26" count="0" type="stmt"/>
      </file>
      <file name="SwipeSellScreen.tsx" path="/Users/emmanuelrassou/Desktop/Academics - Harvard/Side_projects/sellryte/projectslge/apps/mobile/src/screens/SwipeSellScreen.tsx">
        <metrics statements="3" coveredstatements="0" conditionals="0" coveredconditionals="0" methods="2" coveredmethods="0"/>
        <line num="16" count="0" type="stmt"/>
        <line num="22" count="0" type="stmt"/>
        <line num="31" count="0" type="stmt"/>
      </file>
      <file name="TestScreen.tsx" path="/Users/emmanuelrassou/Desktop/Academics - Harvard/Side_projects/sellryte/projectslge/apps/mobile/src/screens/TestScreen.tsx">
        <metrics statements="2" coveredstatements="0" conditionals="0" coveredconditionals="0" methods="1" coveredmethods="0"/>
        <line num="5" count="0" type="stmt"/>
        <line num="12" count="0" type="stmt"/>
      </file>
      <file name="UploadClarifyScreen.tsx" path="/Users/emmanuelrassou/Desktop/Academics - Harvard/Side_projects/sellryte/projectslge/apps/mobile/src/screens/UploadClarifyScreen.tsx">
        <metrics statements="3" coveredstatements="0" conditionals="0" coveredconditionals="0" methods="2" coveredmethods="0"/>
        <line num="16" count="0" type="stmt"/>
        <line num="22" count="0" type="stmt"/>
        <line num="31" count="0" type="stmt"/>
      </file>
      <file name="UploadScreen.tsx" path="/Users/emmanuelrassou/Desktop/Academics - Harvard/Side_projects/sellryte/projectslge/apps/mobile/src/screens/UploadScreen.tsx">
        <metrics statements="3" coveredstatements="0" conditionals="0" coveredconditionals="0" methods="2" coveredmethods="0"/>
        <line num="16" count="0" type="stmt"/>
        <line num="23" count="0" type="stmt"/>
        <line num="32" count="0" type="stmt"/>
      </file>
      <file name="WelcomeScreen.tsx" path="/Users/emmanuelrassou/Desktop/Academics - Harvard/Side_projects/sellryte/projectslge/apps/mobile/src/screens/WelcomeScreen.tsx">
        <metrics statements="4" coveredstatements="0" conditionals="0" coveredconditionals="0" methods="3" coveredmethods="0"/>
        <line num="16" count="0" type="stmt"/>
        <line num="36" count="0" type="stmt"/>
        <line num="46" count="0" type="stmt"/>
        <line num="59" count="0" type="stmt"/>
      </file>
    </package>
    <package name="screens.auth">
      <metrics statements="33" coveredstatements="0" conditionals="20" coveredconditionals="0" methods="20" coveredmethods="0"/>
      <file name="Auth.tsx" path="/Users/emmanuelrassou/Desktop/Academics - Harvard/Side_projects/sellryte/projectslge/apps/mobile/src/screens/auth/Auth.tsx">
        <metrics statements="18" coveredstatements="0" conditionals="20" coveredconditionals="0" methods="9" coveredmethods="0"/>
        <line num="12" count="0" type="cond" truecount="0" falsecount="2"/>
        <line num="13" count="0" type="stmt"/>
        <line num="14" count="0" type="stmt"/>
        <line num="15" count="0" type="stmt"/>
        <line num="17" count="0" type="stmt"/>
        <line num="18" count="0" type="cond" truecount="0" falsecount="2"/>
        <line num="19" count="0" type="stmt"/>
        <line num="23" count="0" type="stmt"/>
        <line num="25" count="0" type="stmt"/>
        <line num="26" count="0" type="cond" truecount="0" falsecount="2"/>
        <line num="27" count="0" type="stmt"/>
        <line num="29" count="0" type="stmt"/>
        <line num="33" count="0" type="stmt"/>
        <line num="37" count="0" type="stmt"/>
        <line num="75" count="0" type="stmt"/>
        <line num="123" count="0" type="stmt"/>
        <line num="135" count="0" type="stmt"/>
        <line num="147" count="0" type="stmt"/>
      </file>
      <file name="ForgotPassword.tsx" path="/Users/emmanuelrassou/Desktop/Academics - Harvard/Side_projects/sellryte/projectslge/apps/mobile/src/screens/auth/ForgotPassword.tsx">
        <metrics statements="5" coveredstatements="0" conditionals="0" coveredconditionals="0" methods="4" coveredmethods="0"/>
        <line num="11" count="0" type="stmt"/>
        <line num="15" count="0" type="stmt"/>
        <line num="36" count="0" type="stmt"/>
        <line num="48" count="0" type="stmt"/>
        <line num="58" count="0" type="stmt"/>
      </file>
      <file name="ResetPassword.tsx" path="/Users/emmanuelrassou/Desktop/Academics - Harvard/Side_projects/sellryte/projectslge/apps/mobile/src/screens/auth/ResetPassword.tsx">
        <metrics statements="3" coveredstatements="0" conditionals="0" coveredconditionals="0" methods="2" coveredmethods="0"/>
        <line num="11" count="0" type="stmt"/>
        <line num="22" count="0" type="stmt"/>
        <line num="30" count="0" type="stmt"/>
      </file>
      <file name="Welcome.tsx" path="/Users/emmanuelrassou/Desktop/Academics - Harvard/Side_projects/sellryte/projectslge/apps/mobile/src/screens/auth/Welcome.tsx">
        <metrics statements="7" coveredstatements="0" conditionals="0" coveredconditionals="0" methods="5" coveredmethods="0"/>
        <line num="12" count="0" type="stmt"/>
        <line num="14" count="0" type="stmt"/>
        <line num="15" count="0" type="stmt"/>
        <line num="18" count="0" type="stmt"/>
        <line num="48" count="0" type="stmt"/>
        <line num="54" count="0" type="stmt"/>
        <line num="74" count="0" type="stmt"/>
      </file>
    </package>
    <package name="screens.home">
      <metrics statements="63" coveredstatements="29" conditionals="77" coveredconditionals="52" methods="31" coveredmethods="10"/>
      <file name="ItemDetail.tsx" path="/Users/emmanuelrassou/Desktop/Academics - Harvard/Side_projects/sellryte/projectslge/apps/mobile/src/screens/home/ItemDetail.tsx">
        <metrics statements="37" coveredstatements="29" conditionals="56" coveredconditionals="52" methods="16" coveredmethods="10"/>
        <line num="21" count="16" type="stmt"/>
        <line num="22" count="16" type="stmt"/>
        <line num="23" count="16" type="stmt"/>
        <line num="24" count="16" type="stmt"/>
        <line num="25" count="16" type="stmt"/>
        <line num="27" count="16" type="stmt"/>
        <line num="29" count="8" type="stmt"/>
        <line num="32" count="8" type="stmt"/>
        <line num="33" count="8" type="cond" truecount="2" falsecount="0"/>
        <line num="34" count="6" type="stmt"/>
        <line num="35" count="6" type="stmt"/>
        <line num="39" count="2" type="stmt"/>
        <line num="43" count="16" type="cond" truecount="2" falsecount="0"/>
        <line num="45" count="16" type="stmt"/>
        <line num="46" count="0" type="stmt"/>
        <line num="49" count="16" type="cond" truecount="4" falsecount="0"/>
        <line num="50" count="2" type="stmt"/>
        <line num="53" count="0" type="stmt"/>
        <line num="64" count="0" type="stmt"/>
        <line num="72" count="14" type="cond" truecount="4" falsecount="0"/>
        <line num="73" count="8" type="stmt"/>
        <line num="76" count="0" type="stmt"/>
        <line num="92" count="6" type="stmt"/>
        <line num="95" count="0" type="stmt"/>
        <line num="114" count="1" type="stmt"/>
        <line num="216" count="3" type="stmt"/>
        <line num="219" count="3" type="stmt"/>
        <line num="220" count="0" type="stmt"/>
        <line num="222" count="2" type="stmt"/>
        <line num="260" count="3" type="stmt"/>
        <line num="273" count="6" type="cond" truecount="3" falsecount="2"/>
        <line num="275" count="3" type="stmt"/>
        <line num="277" count="1" type="stmt"/>
        <line num="279" count="2" type="stmt"/>
        <line num="281" count="0" type="stmt"/>
        <line num="283" count="0" type="stmt"/>
        <line num="287" count="1" type="stmt"/>
      </file>
      <file name="MyList.tsx" path="/Users/emmanuelrassou/Desktop/Academics - Harvard/Side_projects/sellryte/projectslge/apps/mobile/src/screens/home/MyList.tsx">
        <metrics statements="26" coveredstatements="0" conditionals="21" coveredconditionals="0" methods="15" coveredmethods="0"/>
        <line num="13" count="0" type="cond" truecount="0" falsecount="5"/>
        <line num="15" count="0" type="stmt"/>
        <line num="17" count="0" type="stmt"/>
        <line num="19" count="0" type="stmt"/>
        <line num="21" count="0" type="stmt"/>
        <line num="23" count="0" type="stmt"/>
        <line num="28" count="0" type="stmt"/>
        <line num="29" count="0" type="stmt"/>
        <line num="30" count="0" type="stmt"/>
        <line num="31" count="0" type="stmt"/>
        <line num="33" count="0" type="stmt"/>
        <line num="34" count="0" type="stmt"/>
        <line num="35" count="0" type="stmt"/>
        <line num="38" count="0" type="stmt"/>
        <line num="40" count="0" type="stmt"/>
        <line num="41" count="0" type="cond" truecount="0" falsecount="2"/>
        <line num="42" count="0" type="stmt"/>
        <line num="46" count="0" type="stmt"/>
        <line num="76" count="0" type="stmt"/>
        <line num="77" count="0" type="stmt"/>
        <line num="80" count="0" type="stmt"/>
        <line num="82" count="0" type="stmt"/>
        <line num="108" count="0" type="stmt"/>
        <line num="111" count="0" type="stmt"/>
        <line num="139" count="0" type="cond" truecount="0" falsecount="2"/>
        <line num="148" count="0" type="stmt"/>
      </file>
    </package>
    <package name="screens.upload">
      <metrics statements="43" coveredstatements="0" conditionals="42" coveredconditionals="0" methods="13" coveredmethods="0"/>
      <file name="ConfirmAddToList.tsx" path="/Users/emmanuelrassou/Desktop/Academics - Harvard/Side_projects/sellryte/projectslge/apps/mobile/src/screens/upload/ConfirmAddToList.tsx">
        <metrics statements="21" coveredstatements="0" conditionals="30" coveredconditionals="0" methods="8" coveredmethods="0"/>
        <line num="12" count="0" type="stmt"/>
        <line num="13" count="0" type="stmt"/>
        <line num="14" count="0" type="stmt"/>
        <line num="16" count="0" type="cond" truecount="0" falsecount="2"/>
        <line num="17" count="0" type="cond" truecount="0" falsecount="2"/>
        <line num="18" count="0" type="cond" truecount="0" falsecount="2"/>
        <line num="19" count="0" type="stmt"/>
        <line num="23" count="0" type="stmt"/>
        <line num="24" count="0" type="stmt"/>
        <line num="33" count="0" type="stmt"/>
        <line num="35" count="0" type="cond" truecount="0" falsecount="2"/>
        <line num="36" count="0" type="stmt"/>
        <line num="40" count="0" type="stmt"/>
        <line num="44" count="0" type="stmt"/>
        <line num="45" count="0" type="cond" truecount="0" falsecount="2"/>
        <line num="46" count="0" type="stmt"/>
        <line num="50" count="0" type="stmt"/>
        <line num="54" count="0" type="stmt"/>
        <line num="80" count="0" type="stmt"/>
        <line num="95" count="0" type="stmt"/>
        <line num="143" count="0" type="stmt"/>
      </file>
      <file name="Upload.tsx" path="/Users/emmanuelrassou/Desktop/Academics - Harvard/Side_projects/sellryte/projectslge/apps/mobile/src/screens/upload/Upload.tsx">
        <metrics statements="22" coveredstatements="0" conditionals="12" coveredconditionals="0" methods="5" coveredmethods="0"/>
        <line num="13" count="0" type="stmt"/>
        <line num="15" count="0" type="stmt"/>
        <line num="16" count="0" type="stmt"/>
        <line num="18" count="0" type="cond" truecount="0" falsecount="2"/>
        <line num="19" count="0" type="stmt"/>
        <line num="23" count="0" type="stmt"/>
        <line num="26" count="0" type="stmt"/>
        <line num="33" count="0" type="cond" truecount="0" falsecount="4"/>
        <line num="34" count="0" type="stmt"/>
        <line num="35" count="0" type="stmt"/>
        <line num="39" count="0" type="stmt"/>
        <line num="40" count="0" type="stmt"/>
        <line num="42" count="0" type="cond" truecount="0" falsecount="2"/>
        <line num="43" count="0" type="stmt"/>
        <line num="47" count="0" type="stmt"/>
        <line num="50" count="0" type="stmt"/>
        <line num="56" count="0" type="cond" truecount="0" falsecount="4"/>
        <line num="57" count="0" type="stmt"/>
        <line num="58" count="0" type="stmt"/>
        <line num="62" count="0" type="stmt"/>
        <line num="66" count="0" type="stmt"/>
        <line num="104" count="0" type="stmt"/>
      </file>
    </package>
    <package name="state">
      <metrics statements="49" coveredstatements="1" conditionals="39" coveredconditionals="0" methods="19" coveredmethods="1"/>
      <file name="authStore.ts" path="/Users/emmanuelrassou/Desktop/Academics - Harvard/Side_projects/sellryte/projectslge/apps/mobile/src/state/authStore.ts">
        <metrics statements="5" coveredstatements="0" conditionals="0" coveredconditionals="0" methods="5" coveredmethods="0"/>
        <line num="11" count="0" type="stmt"/>
        <line num="15" count="0" type="stmt"/>
        <line num="20" count="0" type="stmt"/>
        <line num="25" count="0" type="stmt"/>
        <line num="29" count="0" type="stmt"/>
      </file>
      <file name="itemsStore.ts" path="/Users/emmanuelrassou/Desktop/Academics - Harvard/Side_projects/sellryte/projectslge/apps/mobile/src/state/itemsStore.ts">
        <metrics statements="44" coveredstatements="1" conditionals="39" coveredconditionals="0" methods="14" coveredmethods="1"/>
        <line num="50" count="1" type="stmt"/>
        <line num="57" count="0" type="stmt"/>
        <line num="58" count="0" type="cond" truecount="0" falsecount="2"/>
        <line num="59" count="0" type="stmt"/>
        <line num="77" count="0" type="stmt"/>
        <line num="78" count="0" type="cond" truecount="0" falsecount="2"/>
        <line num="79" count="0" type="stmt"/>
        <line num="80" count="0" type="stmt"/>
        <line num="193" count="0" type="stmt"/>
        <line num="198" count="0" type="stmt"/>
        <line num="207" count="0" type="stmt"/>
        <line num="208" count="0" type="cond" truecount="0" falsecount="2"/>
        <line num="210" count="0" type="stmt"/>
        <line num="211" count="0" type="cond" truecount="0" falsecount="4"/>
        <line num="212" count="0" type="cond" truecount="0" falsecount="2"/>
        <line num="214" count="0" type="stmt"/>
        <line num="219" count="0" type="stmt"/>
        <line num="220" count="0" type="cond" truecount="0" falsecount="2"/>
        <line num="221" count="0" type="stmt"/>
        <line num="229" count="0" type="cond" truecount="0" falsecount="4"/>
        <line num="230" count="0" type="stmt"/>
        <line num="238" count="0" type="stmt"/>
        <line num="239" count="0" type="stmt"/>
        <line num="259" count="0" type="stmt"/>
        <line num="260" count="0" type="cond" truecount="0" falsecount="2"/>
        <line num="261" count="0" type="stmt"/>
        <line num="267" count="0" type="cond" truecount="0" falsecount="2"/>
        <line num="269" count="0" type="stmt"/>
        <line num="273" count="0" type="stmt"/>
        <line num="277" count="0" type="stmt"/>
        <line num="278" count="0" type="stmt"/>
        <line num="282" count="0" type="stmt"/>
        <line num="283" count="0" type="stmt"/>
        <line num="284" count="0" type="cond" truecount="0" falsecount="2"/>
        <line num="285" count="0" type="stmt"/>
        <line num="293" count="0" type="stmt"/>
        <line num="299" count="0" type="stmt"/>
        <line num="300" count="0" type="cond" truecount="0" falsecount="2"/>
        <line num="301" count="0" type="stmt"/>
        <line num="302" count="0" type="cond" truecount="0" falsecount="2"/>
        <line num="306" count="0" type="cond" truecount="0" falsecount="2"/>
        <line num="308" count="0" type="stmt"/>
        <line num="312" count="0" type="stmt"/>
        <line num="316" count="0" type="stmt"/>
      </file>
    </package>
    <package name="theme">
      <metrics statements="2" coveredstatements="0" conditionals="0" coveredconditionals="0" methods="0" coveredmethods="0"/>
      <file name="tokens.ts" path="/Users/emmanuelrassou/Desktop/Academics - Harvard/Side_projects/sellryte/projectslge/apps/mobile/src/theme/tokens.ts">
        <metrics statements="2" coveredstatements="0" conditionals="0" coveredconditionals="0" methods="0" coveredmethods="0"/>
        <line num="2" count="0" type="stmt"/>
        <line num="13" count="0" type="stmt"/>
      </file>
    </package>
    <package name="ui">
      <metrics statements="5" coveredstatements="5" conditionals="0" coveredconditionals="0" methods="0" coveredmethods="0"/>
      <file name="tokens.ts" path="/Users/emmanuelrassou/Desktop/Academics - Harvard/Side_projects/sellryte/projectslge/apps/mobile/src/ui/tokens.ts">
        <metrics statements="5" coveredstatements="5" conditionals="0" coveredconditionals="0" methods="0" coveredmethods="0"/>
        <line num="3" count="1" type="stmt"/>
        <line num="25" count="1" type="stmt"/>
        <line num="36" count="1" type="stmt"/>
        <line num="44" count="1" type="stmt"/>
        <line num="75" count="1" type="stmt"/>
      </file>
    </package>
    <package name="ui.components">
      <metrics statements="19" coveredstatements="16" conditionals="37" coveredconditionals="16" methods="7" coveredmethods="5"/>
      <file name="Badge.tsx" path="/Users/emmanuelrassou/Desktop/Academics - Harvard/Side_projects/sellryte/projectslge/apps/mobile/src/ui/components/Badge.tsx">
        <metrics statements="4" coveredstatements="4" conditionals="1" coveredconditionals="0" methods="1" coveredmethods="1"/>
        <line num="14" count="1" type="stmt"/>
        <line num="54" count="10" type="stmt"/>
        <line num="56" count="10" type="stmt"/>
        <line num="75" count="1" type="stmt"/>
      </file>
      <file name="Button.tsx" path="/Users/emmanuelrassou/Desktop/Academics - Harvard/Side_projects/sellryte/projectslge/apps/mobile/src/ui/components/Button.tsx">
        <metrics statements="5" coveredstatements="5" conditionals="22" coveredconditionals="12" methods="2" coveredmethods="2"/>
        <line num="32" count="2" type="stmt"/>
        <line num="33" count="2" type="stmt"/>
        <line num="35" count="2" type="stmt"/>
        <line num="37" count="2" type="stmt"/>
        <line num="63" count="1" type="stmt"/>
      </file>
      <file name="Card.tsx" path="/Users/emmanuelrassou/Desktop/Academics - Harvard/Side_projects/sellryte/projectslge/apps/mobile/src/ui/components/Card.tsx">
        <metrics statements="5" coveredstatements="3" conditionals="5" coveredconditionals="2" methods="2" coveredmethods="1"/>
        <line num="12" count="19" type="cond" truecount="1" falsecount="1"/>
        <line num="13" count="0" type="stmt"/>
        <line num="15" count="0" type="cond" truecount="0" falsecount="2"/>
        <line num="23" count="19" type="stmt"/>
        <line num="26" count="1" type="stmt"/>
      </file>
      <file name="Input.tsx" path="/Users/emmanuelrassou/Desktop/Academics - Harvard/Side_projects/sellryte/projectslge/apps/mobile/src/ui/components/Input.tsx">
        <metrics statements="2" coveredstatements="1" conditionals="6" coveredconditionals="0" methods="1" coveredmethods="0"/>
        <line num="12" count="0" type="stmt"/>
        <line num="33" count="1" type="stmt"/>
      </file>
      <file name="Text.tsx" path="/Users/emmanuelrassou/Desktop/Academics - Harvard/Side_projects/sellryte/projectslge/apps/mobile/src/ui/components/Text.tsx">
        <metrics statements="3" coveredstatements="3" conditionals="3" coveredconditionals="2" methods="1" coveredmethods="1"/>
        <line num="16" count="1" type="stmt"/>
        <line num="37" count="102" type="stmt"/>
        <line num="55" count="1" type="stmt"/>
      </file>
      <file name="index.ts" path="/Users/emmanuelrassou/Desktop/Academics - Harvard/Side_projects/sellryte/projectslge/apps/mobile/src/ui/components/index.ts">
        <metrics statements="0" coveredstatements="0" conditionals="0" coveredconditionals="0" methods="0" coveredmethods="0"/>
      </file>
    </package>
  </project>
</coverage>
