{"/Users/emmanuelrassou/Desktop/Academics - Harvard/Side_projects/sellryte/projectslge/apps/mobile/src/components/ErrorBoundary.tsx": {"path":"/Users/emmanuelrassou/Desktop/Academics - Harvard/Side_projects/sellryte/projectslge/apps/mobile/src/components/ErrorBoundary.tsx","statementMap":{"0":{"start":{"line":25,"column":4},"end":{"line":25,"column":17}},"1":{"start":{"line":26,"column":4},"end":{"line":30,"column":6}},"2":{"start":{"line":34,"column":4},"end":{"line":37,"column":6}},"3":{"start":{"line":42,"column":4},"end":{"line":44,"column":5}},"4":{"start":{"line":43,"column":6},"end":{"line":43,"column":72}},"5":{"start":{"line":46,"column":4},"end":{"line":49,"column":7}},"6":{"start":{"line":52,"column":4},"end":{"line":54,"column":5}},"7":{"start":{"line":53,"column":6},"end":{"line":53,"column":43}},"8":{"start":{"line":57,"column":4},"end":{"line":57,"column":30}},"9":{"start":{"line":60,"column":16},"end":{"line":66,"column":3}},"10":{"start":{"line":61,"column":4},"end":{"line":65,"column":7}},"11":{"start":{"line":69,"column":4},"end":{"line":101,"column":5}},"12":{"start":{"line":70,"column":6},"end":{"line":72,"column":7}},"13":{"start":{"line":71,"column":8},"end":{"line":71,"column":35}},"14":{"start":{"line":74,"column":6},"end":{"line":100,"column":8}},"15":{"start":{"line":103,"column":4},"end":{"line":103,"column":31}},"16":{"start":{"line":107,"column":15},"end":{"line":145,"column":2}}},"fnMap":{"0":{"name":"(anonymous_0)","decl":{"start":{"line":24,"column":2},"end":{"line":24,"column":3}},"loc":{"start":{"line":24,"column":28},"end":{"line":31,"column":3}},"line":24},"1":{"name":"(anonymous_1)","decl":{"start":{"line":33,"column":2},"end":{"line":33,"column":3}},"loc":{"start":{"line":33,"column":64},"end":{"line":38,"column":3}},"line":33},"2":{"name":"(anonymous_2)","decl":{"start":{"line":40,"column":2},"end":{"line":40,"column":3}},"loc":{"start":{"line":40,"column":56},"end":{"line":58,"column":3}},"line":40},"3":{"name":"(anonymous_3)","decl":{"start":{"line":60,"column":16},"end":{"line":60,"column":17}},"loc":{"start":{"line":60,"column":22},"end":{"line":66,"column":3}},"line":60},"4":{"name":"(anonymous_4)","decl":{"start":{"line":68,"column":2},"end":{"line":68,"column":3}},"loc":{"start":{"line":68,"column":11},"end":{"line":104,"column":3}},"line":68}},"branchMap":{"0":{"loc":{"start":{"line":42,"column":4},"end":{"line":44,"column":5}},"type":"if","locations":[{"start":{"line":42,"column":4},"end":{"line":44,"column":5}},{"start":{},"end":{}}],"line":42},"1":{"loc":{"start":{"line":52,"column":4},"end":{"line":54,"column":5}},"type":"if","locations":[{"start":{"line":52,"column":4},"end":{"line":54,"column":5}},{"start":{},"end":{}}],"line":52},"2":{"loc":{"start":{"line":69,"column":4},"end":{"line":101,"column":5}},"type":"if","locations":[{"start":{"line":69,"column":4},"end":{"line":101,"column":5}},{"start":{},"end":{}}],"line":69},"3":{"loc":{"start":{"line":70,"column":6},"end":{"line":72,"column":7}},"type":"if","locations":[{"start":{"line":70,"column":6},"end":{"line":72,"column":7}},{"start":{},"end":{}}],"line":70},"4":{"loc":{"start":{"line":81,"column":15},"end":{"line":81,"column":74}},"type":"binary-expr","locations":[{"start":{"line":81,"column":15},"end":{"line":81,"column":40}},{"start":{"line":81,"column":44},"end":{"line":81,"column":74}}],"line":81},"5":{"loc":{"start":{"line":84,"column":13},"end":{"line":93,"column":13}},"type":"binary-expr","locations":[{"start":{"line":84,"column":13},"end":{"line":84,"column":20}},{"start":{"line":84,"column":24},"end":{"line":84,"column":44}},{"start":{"line":85,"column":14},"end":{"line":92,"column":21}}],"line":84}},"s":{"0":0,"1":0,"2":0,"3":0,"4":0,"5":0,"6":0,"7":0,"8":0,"9":0,"10":0,"11":0,"12":0,"13":0,"14":0,"15":0,"16":0},"f":{"0":0,"1":0,"2":0,"3":0,"4":0},"b":{"0":[0,0],"1":[0,0],"2":[0,0],"3":[0,0],"4":[0,0],"5":[0,0,0]}}
,"/Users/emmanuelrassou/Desktop/Academics - Harvard/Side_projects/sellryte/projectslge/apps/mobile/src/navigation/AppNavigator.tsx": {"path":"/Users/emmanuelrassou/Desktop/Academics - Harvard/Side_projects/sellryte/projectslge/apps/mobile/src/navigation/AppNavigator.tsx","statementMap":{"0":{"start":{"line":66,"column":14},"end":{"line":66,"column":62}},"1":{"start":{"line":81,"column":2},"end":{"line":115,"column":4}}},"fnMap":{"0":{"name":"AppNavigator","decl":{"start":{"line":80,"column":24},"end":{"line":80,"column":36}},"loc":{"start":{"line":80,"column":39},"end":{"line":116,"column":1}},"line":80}},"branchMap":{},"s":{"0":0,"1":0},"f":{"0":0},"b":{}}
,"/Users/emmanuelrassou/Desktop/Academics - Harvard/Side_projects/sellryte/projectslge/apps/mobile/src/navigation/AppTabs.tsx": {"path":"/Users/emmanuelrassou/Desktop/Academics - Harvard/Side_projects/sellryte/projectslge/apps/mobile/src/navigation/AppTabs.tsx","statementMap":{"0":{"start":{"line":11,"column":12},"end":{"line":11,"column":56}},"1":{"start":{"line":14,"column":2},"end":{"line":94,"column":4}},"2":{"start":{"line":42,"column":12},"end":{"line":42,"column":52}},"3":{"start":{"line":53,"column":12},"end":{"line":53,"column":52}},"4":{"start":{"line":63,"column":12},"end":{"line":63,"column":52}},"5":{"start":{"line":67,"column":15},"end":{"line":67,"column":74}},"6":{"start":{"line":75,"column":12},"end":{"line":75,"column":52}},"7":{"start":{"line":79,"column":15},"end":{"line":79,"column":79}},"8":{"start":{"line":87,"column":12},"end":{"line":87,"column":52}},"9":{"start":{"line":91,"column":15},"end":{"line":91,"column":78}}},"fnMap":{"0":{"name":"AppTabs","decl":{"start":{"line":13,"column":24},"end":{"line":13,"column":31}},"loc":{"start":{"line":13,"column":34},"end":{"line":95,"column":1}},"line":13},"1":{"name":"(anonymous_1)","decl":{"start":{"line":41,"column":22},"end":{"line":41,"column":23}},"loc":{"start":{"line":42,"column":12},"end":{"line":42,"column":52}},"line":42},"2":{"name":"(anonymous_2)","decl":{"start":{"line":52,"column":22},"end":{"line":52,"column":23}},"loc":{"start":{"line":53,"column":12},"end":{"line":53,"column":52}},"line":53},"3":{"name":"(anonymous_3)","decl":{"start":{"line":62,"column":22},"end":{"line":62,"column":23}},"loc":{"start":{"line":63,"column":12},"end":{"line":63,"column":52}},"line":63},"4":{"name":"(anonymous_4)","decl":{"start":{"line":67,"column":9},"end":{"line":67,"column":10}},"loc":{"start":{"line":67,"column":15},"end":{"line":67,"column":74}},"line":67},"5":{"name":"(anonymous_5)","decl":{"start":{"line":74,"column":22},"end":{"line":74,"column":23}},"loc":{"start":{"line":75,"column":12},"end":{"line":75,"column":52}},"line":75},"6":{"name":"(anonymous_6)","decl":{"start":{"line":79,"column":9},"end":{"line":79,"column":10}},"loc":{"start":{"line":79,"column":15},"end":{"line":79,"column":79}},"line":79},"7":{"name":"(anonymous_7)","decl":{"start":{"line":86,"column":22},"end":{"line":86,"column":23}},"loc":{"start":{"line":87,"column":12},"end":{"line":87,"column":52}},"line":87},"8":{"name":"(anonymous_8)","decl":{"start":{"line":91,"column":9},"end":{"line":91,"column":10}},"loc":{"start":{"line":91,"column":15},"end":{"line":91,"column":78}},"line":91}},"branchMap":{},"s":{"0":0,"1":0,"2":0,"3":0,"4":0,"5":0,"6":0,"7":0,"8":0,"9":0},"f":{"0":0,"1":0,"2":0,"3":0,"4":0,"5":0,"6":0,"7":0,"8":0},"b":{}}
,"/Users/emmanuelrassou/Desktop/Academics - Harvard/Side_projects/sellryte/projectslge/apps/mobile/src/navigation/AuthStack.tsx": {"path":"/Users/emmanuelrassou/Desktop/Academics - Harvard/Side_projects/sellryte/projectslge/apps/mobile/src/navigation/AuthStack.tsx","statementMap":{"0":{"start":{"line":11,"column":14},"end":{"line":11,"column":62}},"1":{"start":{"line":14,"column":2},"end":{"line":27,"column":4}}},"fnMap":{"0":{"name":"AuthStack","decl":{"start":{"line":13,"column":24},"end":{"line":13,"column":33}},"loc":{"start":{"line":13,"column":36},"end":{"line":28,"column":1}},"line":13}},"branchMap":{},"s":{"0":0,"1":0},"f":{"0":0},"b":{}}
,"/Users/emmanuelrassou/Desktop/Academics - Harvard/Side_projects/sellryte/projectslge/apps/mobile/src/navigation/RootNavigator.tsx": {"path":"/Users/emmanuelrassou/Desktop/Academics - Harvard/Side_projects/sellryte/projectslge/apps/mobile/src/navigation/RootNavigator.tsx","statementMap":{"0":{"start":{"line":11,"column":14},"end":{"line":11,"column":62}},"1":{"start":{"line":20,"column":19},"end":{"line":20,"column":58}},"2":{"start":{"line":20,"column":43},"end":{"line":20,"column":57}},"3":{"start":{"line":22,"column":2},"end":{"line":37,"column":4}}},"fnMap":{"0":{"name":"RootNavigator","decl":{"start":{"line":19,"column":24},"end":{"line":19,"column":37}},"loc":{"start":{"line":19,"column":40},"end":{"line":38,"column":1}},"line":19},"1":{"name":"(anonymous_1)","decl":{"start":{"line":20,"column":32},"end":{"line":20,"column":33}},"loc":{"start":{"line":20,"column":43},"end":{"line":20,"column":57}},"line":20}},"branchMap":{"0":{"loc":{"start":{"line":30,"column":9},"end":{"line":34,"column":9}},"type":"cond-expr","locations":[{"start":{"line":31,"column":10},"end":{"line":31,"column":57}},{"start":{"line":33,"column":10},"end":{"line":33,"column":60}}],"line":30}},"s":{"0":0,"1":0,"2":0,"3":0},"f":{"0":0,"1":0},"b":{"0":[0,0]}}
,"/Users/emmanuelrassou/Desktop/Academics - Harvard/Side_projects/sellryte/projectslge/apps/mobile/src/navigation/types.ts": {"path":"/Users/emmanuelrassou/Desktop/Academics - Harvard/Side_projects/sellryte/projectslge/apps/mobile/src/navigation/types.ts","statementMap":{},"fnMap":{},"branchMap":{},"s":{},"f":{},"b":{}}
,"/Users/emmanuelrassou/Desktop/Academics - Harvard/Side_projects/sellryte/projectslge/apps/mobile/src/navigation/stacks/ChatStack.tsx": {"path":"/Users/emmanuelrassou/Desktop/Academics - Harvard/Side_projects/sellryte/projectslge/apps/mobile/src/navigation/stacks/ChatStack.tsx","statementMap":{"0":{"start":{"line":9,"column":14},"end":{"line":9,"column":62}},"1":{"start":{"line":12,"column":2},"end":{"line":23,"column":4}}},"fnMap":{"0":{"name":"ChatStack","decl":{"start":{"line":11,"column":24},"end":{"line":11,"column":33}},"loc":{"start":{"line":11,"column":36},"end":{"line":24,"column":1}},"line":11}},"branchMap":{},"s":{"0":0,"1":0},"f":{"0":0},"b":{}}
,"/Users/emmanuelrassou/Desktop/Academics - Harvard/Side_projects/sellryte/projectslge/apps/mobile/src/navigation/stacks/DealsStack.tsx": {"path":"/Users/emmanuelrassou/Desktop/Academics - Harvard/Side_projects/sellryte/projectslge/apps/mobile/src/navigation/stacks/DealsStack.tsx","statementMap":{"0":{"start":{"line":13,"column":14},"end":{"line":13,"column":63}},"1":{"start":{"line":16,"column":2},"end":{"line":31,"column":4}}},"fnMap":{"0":{"name":"DealsStack","decl":{"start":{"line":15,"column":24},"end":{"line":15,"column":34}},"loc":{"start":{"line":15,"column":37},"end":{"line":32,"column":1}},"line":15}},"branchMap":{},"s":{"0":0,"1":0},"f":{"0":0},"b":{}}
,"/Users/emmanuelrassou/Desktop/Academics - Harvard/Side_projects/sellryte/projectslge/apps/mobile/src/navigation/stacks/HomeStack.tsx": {"path":"/Users/emmanuelrassou/Desktop/Academics - Harvard/Side_projects/sellryte/projectslge/apps/mobile/src/navigation/stacks/HomeStack.tsx","statementMap":{"0":{"start":{"line":9,"column":14},"end":{"line":9,"column":62}},"1":{"start":{"line":12,"column":2},"end":{"line":23,"column":4}}},"fnMap":{"0":{"name":"HomeStack","decl":{"start":{"line":11,"column":24},"end":{"line":11,"column":33}},"loc":{"start":{"line":11,"column":36},"end":{"line":24,"column":1}},"line":11}},"branchMap":{},"s":{"0":0,"1":0},"f":{"0":0},"b":{}}
,"/Users/emmanuelrassou/Desktop/Academics - Harvard/Side_projects/sellryte/projectslge/apps/mobile/src/navigation/stacks/ListStack.tsx": {"path":"/Users/emmanuelrassou/Desktop/Academics - Harvard/Side_projects/sellryte/projectslge/apps/mobile/src/navigation/stacks/ListStack.tsx","statementMap":{"0":{"start":{"line":12,"column":14},"end":{"line":12,"column":62}},"1":{"start":{"line":15,"column":2},"end":{"line":29,"column":4}}},"fnMap":{"0":{"name":"ListStack","decl":{"start":{"line":14,"column":24},"end":{"line":14,"column":33}},"loc":{"start":{"line":14,"column":36},"end":{"line":30,"column":1}},"line":14}},"branchMap":{},"s":{"0":0,"1":0},"f":{"0":0},"b":{}}
,"/Users/emmanuelrassou/Desktop/Academics - Harvard/Side_projects/sellryte/projectslge/apps/mobile/src/navigation/stacks/MatchesStack.tsx": {"path":"/Users/emmanuelrassou/Desktop/Academics - Harvard/Side_projects/sellryte/projectslge/apps/mobile/src/navigation/stacks/MatchesStack.tsx","statementMap":{"0":{"start":{"line":9,"column":14},"end":{"line":9,"column":65}},"1":{"start":{"line":12,"column":2},"end":{"line":23,"column":4}}},"fnMap":{"0":{"name":"MatchesStack","decl":{"start":{"line":11,"column":24},"end":{"line":11,"column":36}},"loc":{"start":{"line":11,"column":39},"end":{"line":24,"column":1}},"line":11}},"branchMap":{},"s":{"0":0,"1":0},"f":{"0":0},"b":{}}
,"/Users/emmanuelrassou/Desktop/Academics - Harvard/Side_projects/sellryte/projectslge/apps/mobile/src/navigation/stacks/ProfileStack.tsx": {"path":"/Users/emmanuelrassou/Desktop/Academics - Harvard/Side_projects/sellryte/projectslge/apps/mobile/src/navigation/stacks/ProfileStack.tsx","statementMap":{"0":{"start":{"line":10,"column":14},"end":{"line":10,"column":65}},"1":{"start":{"line":13,"column":2},"end":{"line":25,"column":4}}},"fnMap":{"0":{"name":"ProfileStack","decl":{"start":{"line":12,"column":24},"end":{"line":12,"column":36}},"loc":{"start":{"line":12,"column":39},"end":{"line":26,"column":1}},"line":12}},"branchMap":{},"s":{"0":0,"1":0},"f":{"0":0},"b":{}}
,"/Users/emmanuelrassou/Desktop/Academics - Harvard/Side_projects/sellryte/projectslge/apps/mobile/src/navigation/stacks/SwipeStack.tsx": {"path":"/Users/emmanuelrassou/Desktop/Academics - Harvard/Side_projects/sellryte/projectslge/apps/mobile/src/navigation/stacks/SwipeStack.tsx","statementMap":{"0":{"start":{"line":9,"column":14},"end":{"line":9,"column":63}},"1":{"start":{"line":12,"column":2},"end":{"line":23,"column":4}}},"fnMap":{"0":{"name":"SwipeStack","decl":{"start":{"line":11,"column":24},"end":{"line":11,"column":34}},"loc":{"start":{"line":11,"column":37},"end":{"line":24,"column":1}},"line":11}},"branchMap":{},"s":{"0":0,"1":0},"f":{"0":0},"b":{}}
,"/Users/emmanuelrassou/Desktop/Academics - Harvard/Side_projects/sellryte/projectslge/apps/mobile/src/navigation/stacks/UploadStack.tsx": {"path":"/Users/emmanuelrassou/Desktop/Academics - Harvard/Side_projects/sellryte/projectslge/apps/mobile/src/navigation/stacks/UploadStack.tsx","statementMap":{"0":{"start":{"line":9,"column":14},"end":{"line":9,"column":64}},"1":{"start":{"line":12,"column":2},"end":{"line":23,"column":4}}},"fnMap":{"0":{"name":"UploadStack","decl":{"start":{"line":11,"column":24},"end":{"line":11,"column":35}},"loc":{"start":{"line":11,"column":38},"end":{"line":24,"column":1}},"line":11}},"branchMap":{},"s":{"0":0,"1":0},"f":{"0":0},"b":{}}
,"/Users/emmanuelrassou/Desktop/Academics - Harvard/Side_projects/sellryte/projectslge/apps/mobile/src/navigation/stacks/WantsStack.tsx": {"path":"/Users/emmanuelrassou/Desktop/Academics - Harvard/Side_projects/sellryte/projectslge/apps/mobile/src/navigation/stacks/WantsStack.tsx","statementMap":{"0":{"start":{"line":9,"column":14},"end":{"line":9,"column":63}},"1":{"start":{"line":12,"column":2},"end":{"line":23,"column":4}}},"fnMap":{"0":{"name":"WantsStack","decl":{"start":{"line":11,"column":24},"end":{"line":11,"column":34}},"loc":{"start":{"line":11,"column":37},"end":{"line":24,"column":1}},"line":11}},"branchMap":{},"s":{"0":0,"1":0},"f":{"0":0},"b":{}}
,"/Users/emmanuelrassou/Desktop/Academics - Harvard/Side_projects/sellryte/projectslge/apps/mobile/src/schemas/errorHandling.ts": {"path":"/Users/emmanuelrassou/Desktop/Academics - Harvard/Side_projects/sellryte/projectslge/apps/mobile/src/schemas/errorHandling.ts","statementMap":{"0":{"start":{"line":11,"column":4},"end":{"line":11,"column":50}},"1":{"start":{"line":12,"column":4},"end":{"line":12,"column":41}},"2":{"start":{"line":13,"column":4},"end":{"line":13,"column":25}},"3":{"start":{"line":14,"column":4},"end":{"line":14,"column":66}},"4":{"start":{"line":21,"column":4},"end":{"line":21,"column":49}},"5":{"start":{"line":21,"column":36},"end":{"line":21,"column":47}},"6":{"start":{"line":28,"column":4},"end":{"line":28,"column":66}},"7":{"start":{"line":35,"column":4},"end":{"line":35,"column":58}},"8":{"start":{"line":35,"column":37},"end":{"line":35,"column":56}},"9":{"start":{"line":42,"column":18},"end":{"line":42,"column":64}},"10":{"start":{"line":42,"column":44},"end":{"line":42,"column":63}},"11":{"start":{"line":43,"column":4},"end":{"line":43,"column":40}},"12":{"start":{"line":51,"column":17},"end":{"line":51,"column":41}},"13":{"start":{"line":52,"column":2},"end":{"line":54,"column":3}},"14":{"start":{"line":53,"column":4},"end":{"line":53,"column":45}},"15":{"start":{"line":55,"column":2},"end":{"line":55,"column":28}},"16":{"start":{"line":66,"column":2},"end":{"line":82,"column":3}},"17":{"start":{"line":67,"column":19},"end":{"line":67,"column":43}},"18":{"start":{"line":68,"column":4},"end":{"line":70,"column":5}},"19":{"start":{"line":69,"column":6},"end":{"line":69,"column":75}},"20":{"start":{"line":71,"column":4},"end":{"line":71,"column":55}},"21":{"start":{"line":73,"column":4},"end":{"line":75,"column":5}},"22":{"start":{"line":74,"column":6},"end":{"line":74,"column":39}},"23":{"start":{"line":76,"column":4},"end":{"line":81,"column":6}},"24":{"start":{"line":92,"column":2},"end":{"line":112,"column":3}},"25":{"start":{"line":93,"column":20},"end":{"line":93,"column":55}},"26":{"start":{"line":94,"column":4},"end":{"line":98,"column":5}},"27":{"start":{"line":95,"column":6},"end":{"line":95,"column":47}},"28":{"start":{"line":97,"column":6},"end":{"line":97,"column":58}},"29":{"start":{"line":99,"column":9},"end":{"line":112,"column":3}},"30":{"start":{"line":100,"column":4},"end":{"line":104,"column":5}},"31":{"start":{"line":101,"column":6},"end":{"line":101,"column":42}},"32":{"start":{"line":103,"column":6},"end":{"line":103,"column":45}},"33":{"start":{"line":106,"column":20},"end":{"line":106,"column":47}},"34":{"start":{"line":107,"column":4},"end":{"line":111,"column":5}},"35":{"start":{"line":108,"column":6},"end":{"line":108,"column":36}},"36":{"start":{"line":110,"column":6},"end":{"line":110,"column":29}},"37":{"start":{"line":119,"column":2},"end":{"line":132,"column":4}}},"fnMap":{"0":{"name":"(anonymous_0)","decl":{"start":{"line":10,"column":2},"end":{"line":10,"column":3}},"loc":{"start":{"line":10,"column":59},"end":{"line":15,"column":3}},"line":10},"1":{"name":"(anonymous_1)","decl":{"start":{"line":20,"column":2},"end":{"line":20,"column":3}},"loc":{"start":{"line":20,"column":31},"end":{"line":22,"column":3}},"line":20},"2":{"name":"(anonymous_2)","decl":{"start":{"line":21,"column":27},"end":{"line":21,"column":28}},"loc":{"start":{"line":21,"column":36},"end":{"line":21,"column":47}},"line":21},"3":{"name":"(anonymous_3)","decl":{"start":{"line":27,"column":2},"end":{"line":27,"column":3}},"loc":{"start":{"line":27,"column":33},"end":{"line":29,"column":3}},"line":27},"4":{"name":"(anonymous_4)","decl":{"start":{"line":34,"column":2},"end":{"line":34,"column":3}},"loc":{"start":{"line":34,"column":40},"end":{"line":36,"column":3}},"line":34},"5":{"name":"(anonymous_5)","decl":{"start":{"line":35,"column":28},"end":{"line":35,"column":29}},"loc":{"start":{"line":35,"column":37},"end":{"line":35,"column":56}},"line":35},"6":{"name":"(anonymous_6)","decl":{"start":{"line":41,"column":2},"end":{"line":41,"column":3}},"loc":{"start":{"line":41,"column":46},"end":{"line":44,"column":3}},"line":41},"7":{"name":"(anonymous_7)","decl":{"start":{"line":42,"column":35},"end":{"line":42,"column":36}},"loc":{"start":{"line":42,"column":44},"end":{"line":42,"column":63}},"line":42},"8":{"name":"validateListingOrThrow","decl":{"start":{"line":50,"column":16},"end":{"line":50,"column":38}},"loc":{"start":{"line":50,"column":75},"end":{"line":56,"column":1}},"line":50},"9":{"name":"validateListingSafe","decl":{"start":{"line":65,"column":16},"end":{"line":65,"column":35}},"loc":{"start":{"line":65,"column":90},"end":{"line":83,"column":1}},"line":65},"10":{"name":"handleListingError","decl":{"start":{"line":88,"column":16},"end":{"line":88,"column":34}},"loc":{"start":{"line":91,"column":8},"end":{"line":113,"column":1}},"line":91},"11":{"name":"safeGetListingData","decl":{"start":{"line":118,"column":16},"end":{"line":118,"column":34}},"loc":{"start":{"line":118,"column":81},"end":{"line":133,"column":1}},"line":118}},"branchMap":{"0":{"loc":{"start":{"line":11,"column":10},"end":{"line":11,"column":48}},"type":"binary-expr","locations":[{"start":{"line":11,"column":10},"end":{"line":11,"column":17}},{"start":{"line":11,"column":21},"end":{"line":11,"column":48}}],"line":11},"1":{"loc":{"start":{"line":28,"column":11},"end":{"line":28,"column":65}},"type":"cond-expr","locations":[{"start":{"line":28,"column":36},"end":{"line":28,"column":58}},{"start":{"line":28,"column":61},"end":{"line":28,"column":65}}],"line":28},"2":{"loc":{"start":{"line":43,"column":11},"end":{"line":43,"column":39}},"type":"cond-expr","locations":[{"start":{"line":43,"column":19},"end":{"line":43,"column":32}},{"start":{"line":43,"column":35},"end":{"line":43,"column":39}}],"line":43},"3":{"loc":{"start":{"line":52,"column":2},"end":{"line":54,"column":3}},"type":"if","locations":[{"start":{"line":52,"column":2},"end":{"line":54,"column":3}},{"start":{},"end":{}}],"line":52},"4":{"loc":{"start":{"line":68,"column":4},"end":{"line":70,"column":5}},"type":"if","locations":[{"start":{"line":68,"column":4},"end":{"line":70,"column":5}},{"start":{},"end":{}}],"line":68},"5":{"loc":{"start":{"line":73,"column":4},"end":{"line":75,"column":5}},"type":"if","locations":[{"start":{"line":73,"column":4},"end":{"line":75,"column":5}},{"start":{},"end":{}}],"line":73},"6":{"loc":{"start":{"line":79,"column":38},"end":{"line":79,"column":105}},"type":"cond-expr","locations":[{"start":{"line":79,"column":63},"end":{"line":79,"column":76}},{"start":{"line":79,"column":79},"end":{"line":79,"column":105}}],"line":79},"7":{"loc":{"start":{"line":92,"column":2},"end":{"line":112,"column":3}},"type":"if","locations":[{"start":{"line":92,"column":2},"end":{"line":112,"column":3}},{"start":{"line":99,"column":9},"end":{"line":112,"column":3}}],"line":92},"8":{"loc":{"start":{"line":94,"column":4},"end":{"line":98,"column":5}},"type":"if","locations":[{"start":{"line":94,"column":4},"end":{"line":98,"column":5}},{"start":{"line":96,"column":11},"end":{"line":98,"column":5}}],"line":94},"9":{"loc":{"start":{"line":99,"column":9},"end":{"line":112,"column":3}},"type":"if","locations":[{"start":{"line":99,"column":9},"end":{"line":112,"column":3}},{"start":{"line":105,"column":9},"end":{"line":112,"column":3}}],"line":99},"10":{"loc":{"start":{"line":100,"column":4},"end":{"line":104,"column":5}},"type":"if","locations":[{"start":{"line":100,"column":4},"end":{"line":104,"column":5}},{"start":{"line":102,"column":11},"end":{"line":104,"column":5}}],"line":100},"11":{"loc":{"start":{"line":107,"column":4},"end":{"line":111,"column":5}},"type":"if","locations":[{"start":{"line":107,"column":4},"end":{"line":111,"column":5}},{"start":{"line":109,"column":11},"end":{"line":111,"column":5}}],"line":107},"12":{"loc":{"start":{"line":120,"column":8},"end":{"line":120,"column":32}},"type":"binary-expr","locations":[{"start":{"line":120,"column":8},"end":{"line":120,"column":19}},{"start":{"line":120,"column":23},"end":{"line":120,"column":32}}],"line":120},"13":{"loc":{"start":{"line":121,"column":11},"end":{"line":121,"column":54}},"type":"binary-expr","locations":[{"start":{"line":121,"column":11},"end":{"line":121,"column":35}},{"start":{"line":121,"column":39},"end":{"line":121,"column":54}}],"line":121},"14":{"loc":{"start":{"line":122,"column":14},"end":{"line":122,"column":60}},"type":"binary-expr","locations":[{"start":{"line":122,"column":14},"end":{"line":122,"column":41}},{"start":{"line":122,"column":45},"end":{"line":122,"column":60}}],"line":122},"15":{"loc":{"start":{"line":123,"column":17},"end":{"line":123,"column":77}},"type":"binary-expr","locations":[{"start":{"line":123,"column":17},"end":{"line":123,"column":47}},{"start":{"line":123,"column":51},"end":{"line":123,"column":77}}],"line":123},"16":{"loc":{"start":{"line":124,"column":15},"end":{"line":124,"column":49}},"type":"binary-expr","locations":[{"start":{"line":124,"column":15},"end":{"line":124,"column":43}},{"start":{"line":124,"column":47},"end":{"line":124,"column":49}}],"line":124},"17":{"loc":{"start":{"line":125,"column":11},"end":{"line":125,"column":39}},"type":"binary-expr","locations":[{"start":{"line":125,"column":11},"end":{"line":125,"column":25}},{"start":{"line":125,"column":29},"end":{"line":125,"column":39}}],"line":125},"18":{"loc":{"start":{"line":129,"column":10},"end":{"line":129,"column":42}},"type":"binary-expr","locations":[{"start":{"line":129,"column":10},"end":{"line":129,"column":36}},{"start":{"line":129,"column":40},"end":{"line":129,"column":42}}],"line":129}},"s":{"0":8,"1":8,"2":8,"3":8,"4":2,"5":3,"6":1,"7":3,"8":5,"9":2,"10":3,"11":2,"12":2,"13":2,"14":1,"15":1,"16":2,"17":2,"18":2,"19":1,"20":1,"21":0,"22":0,"23":0,"24":4,"25":1,"26":1,"27":1,"28":0,"29":3,"30":2,"31":1,"32":1,"33":1,"34":1,"35":1,"36":0,"37":9},"f":{"0":8,"1":2,"2":3,"3":1,"4":3,"5":5,"6":2,"7":3,"8":2,"9":2,"10":4,"11":9},"b":{"0":[8,8],"1":[1,0],"2":[1,1],"3":[1,1],"4":[1,1],"5":[0,0],"6":[0,0],"7":[1,3],"8":[1,0],"9":[2,1],"10":[1,1],"11":[1,0],"12":[9,1],"13":[9,1],"14":[9,1],"15":[9,1],"16":[9,1],"17":[9,1],"18":[9,6]},"_coverageSchema":"1a1c01bbd47fc00a2c39e90264f33305004495a9","hash":"c51d1574178d3b25a6e3adcfd7e0ee104a67442e"}
,"/Users/emmanuelrassou/Desktop/Academics - Harvard/Side_projects/sellryte/projectslge/apps/mobile/src/schemas/index.ts": {"path":"/Users/emmanuelrassou/Desktop/Academics - Harvard/Side_projects/sellryte/projectslge/apps/mobile/src/schemas/index.ts","statementMap":{},"fnMap":{},"branchMap":{},"s":{},"f":{},"b":{}}
,"/Users/emmanuelrassou/Desktop/Academics - Harvard/Side_projects/sellryte/projectslge/apps/mobile/src/schemas/schema.ts": {"path":"/Users/emmanuelrassou/Desktop/Academics - Harvard/Side_projects/sellryte/projectslge/apps/mobile/src/schemas/schema.ts","statementMap":{"0":{"start":{"line":146,"column":2},"end":{"line":146,"column":69}},"1":{"start":{"line":150,"column":2},"end":{"line":167,"column":3}},"2":{"start":{"line":152,"column":6},"end":{"line":155,"column":54}},"3":{"start":{"line":157,"column":6},"end":{"line":159,"column":54}},"4":{"start":{"line":161,"column":6},"end":{"line":162,"column":54}},"5":{"start":{"line":164,"column":6},"end":{"line":164,"column":54}},"6":{"start":{"line":166,"column":6},"end":{"line":166,"column":19}},"7":{"start":{"line":171,"column":2},"end":{"line":171,"column":79}},"8":{"start":{"line":175,"column":2},"end":{"line":175,"column":75}},"9":{"start":{"line":190,"column":36},"end":{"line":190,"column":38}},"10":{"start":{"line":193,"column":2},"end":{"line":195,"column":3}},"11":{"start":{"line":194,"column":4},"end":{"line":194,"column":68}},"12":{"start":{"line":197,"column":2},"end":{"line":199,"column":3}},"13":{"start":{"line":198,"column":4},"end":{"line":198,"column":80}},"14":{"start":{"line":201,"column":2},"end":{"line":220,"column":3}},"15":{"start":{"line":202,"column":4},"end":{"line":202,"column":85}},"16":{"start":{"line":205,"column":4},"end":{"line":207,"column":5}},"17":{"start":{"line":206,"column":6},"end":{"line":206,"column":77}},"18":{"start":{"line":208,"column":4},"end":{"line":210,"column":5}},"19":{"start":{"line":209,"column":6},"end":{"line":209,"column":83}},"20":{"start":{"line":211,"column":4},"end":{"line":213,"column":5}},"21":{"start":{"line":212,"column":6},"end":{"line":212,"column":89}},"22":{"start":{"line":214,"column":4},"end":{"line":216,"column":5}},"23":{"start":{"line":215,"column":6},"end":{"line":215,"column":94}},"24":{"start":{"line":217,"column":4},"end":{"line":219,"column":5}},"25":{"start":{"line":218,"column":6},"end":{"line":218,"column":94}},"26":{"start":{"line":223,"column":2},"end":{"line":231,"column":3}},"27":{"start":{"line":224,"column":4},"end":{"line":230,"column":5}},"28":{"start":{"line":225,"column":6},"end":{"line":227,"column":7}},"29":{"start":{"line":226,"column":8},"end":{"line":226,"column":126}},"30":{"start":{"line":228,"column":11},"end":{"line":230,"column":5}},"31":{"start":{"line":229,"column":6},"end":{"line":229,"column":104}},"32":{"start":{"line":234,"column":2},"end":{"line":242,"column":3}},"33":{"start":{"line":235,"column":4},"end":{"line":241,"column":5}},"34":{"start":{"line":236,"column":6},"end":{"line":238,"column":7}},"35":{"start":{"line":237,"column":8},"end":{"line":237,"column":107}},"36":{"start":{"line":240,"column":6},"end":{"line":240,"column":107}},"37":{"start":{"line":244,"column":2},"end":{"line":246,"column":3}},"38":{"start":{"line":245,"column":4},"end":{"line":245,"column":73}},"39":{"start":{"line":248,"column":2},"end":{"line":248,"column":16}},"40":{"start":{"line":255,"column":20},"end":{"line":260,"column":4}},"41":{"start":{"line":261,"column":2},"end":{"line":261,"column":39}},"42":{"start":{"line":268,"column":2},"end":{"line":279,"column":3}},"43":{"start":{"line":270,"column":6},"end":{"line":270,"column":29}},"44":{"start":{"line":272,"column":6},"end":{"line":272,"column":29}},"45":{"start":{"line":274,"column":6},"end":{"line":274,"column":30}},"46":{"start":{"line":276,"column":6},"end":{"line":276,"column":25}},"47":{"start":{"line":278,"column":6},"end":{"line":278,"column":23}}},"fnMap":{"0":{"name":"isListingPhase","decl":{"start":{"line":145,"column":16},"end":{"line":145,"column":30}},"loc":{"start":{"line":145,"column":69},"end":{"line":147,"column":1}},"line":145},"1":{"name":"hasPhase","decl":{"start":{"line":149,"column":16},"end":{"line":149,"column":24}},"loc":{"start":{"line":149,"column":73},"end":{"line":168,"column":1}},"line":149},"2":{"name":"hasClarificationData","decl":{"start":{"line":170,"column":16},"end":{"line":170,"column":36}},"loc":{"start":{"line":170,"column":114},"end":{"line":172,"column":1}},"line":170},"3":{"name":"hasNegotiationData","decl":{"start":{"line":174,"column":16},"end":{"line":174,"column":34}},"loc":{"start":{"line":174,"column":108},"end":{"line":176,"column":1}},"line":174},"4":{"name":"validateListing","decl":{"start":{"line":189,"column":16},"end":{"line":189,"column":31}},"loc":{"start":{"line":189,"column":78},"end":{"line":249,"column":1}},"line":189},"5":{"name":"formatCurrency","decl":{"start":{"line":254,"column":16},"end":{"line":254,"column":30}},"loc":{"start":{"line":254,"column":80},"end":{"line":262,"column":1}},"line":254},"6":{"name":"getPhaseDisplayText","decl":{"start":{"line":267,"column":16},"end":{"line":267,"column":35}},"loc":{"start":{"line":267,"column":65},"end":{"line":280,"column":1}},"line":267}},"branchMap":{"0":{"loc":{"start":{"line":150,"column":2},"end":{"line":167,"column":3}},"type":"switch","locations":[{"start":{"line":151,"column":4},"end":{"line":155,"column":54}},{"start":{"line":156,"column":4},"end":{"line":159,"column":54}},{"start":{"line":160,"column":4},"end":{"line":162,"column":54}},{"start":{"line":163,"column":4},"end":{"line":164,"column":54}},{"start":{"line":165,"column":4},"end":{"line":166,"column":19}}],"line":150},"1":{"loc":{"start":{"line":152,"column":13},"end":{"line":155,"column":53}},"type":"binary-expr","locations":[{"start":{"line":152,"column":13},"end":{"line":152,"column":52}},{"start":{"line":153,"column":13},"end":{"line":153,"column":57}},{"start":{"line":154,"column":13},"end":{"line":154,"column":55}},{"start":{"line":155,"column":13},"end":{"line":155,"column":53}}],"line":152},"2":{"loc":{"start":{"line":157,"column":13},"end":{"line":159,"column":53}},"type":"binary-expr","locations":[{"start":{"line":157,"column":13},"end":{"line":157,"column":57}},{"start":{"line":158,"column":13},"end":{"line":158,"column":55}},{"start":{"line":159,"column":13},"end":{"line":159,"column":53}}],"line":157},"3":{"loc":{"start":{"line":161,"column":13},"end":{"line":162,"column":53}},"type":"binary-expr","locations":[{"start":{"line":161,"column":13},"end":{"line":161,"column":55}},{"start":{"line":162,"column":13},"end":{"line":162,"column":53}}],"line":161},"4":{"loc":{"start":{"line":171,"column":9},"end":{"line":171,"column":78}},"type":"binary-expr","locations":[{"start":{"line":171,"column":9},"end":{"line":171,"column":44}},{"start":{"line":171,"column":48},"end":{"line":171,"column":78}}],"line":171},"5":{"loc":{"start":{"line":175,"column":9},"end":{"line":175,"column":74}},"type":"binary-expr","locations":[{"start":{"line":175,"column":9},"end":{"line":175,"column":42}},{"start":{"line":175,"column":46},"end":{"line":175,"column":74}}],"line":175},"6":{"loc":{"start":{"line":193,"column":2},"end":{"line":195,"column":3}},"type":"if","locations":[{"start":{"line":193,"column":2},"end":{"line":195,"column":3}},{"start":{},"end":{}}],"line":193},"7":{"loc":{"start":{"line":197,"column":2},"end":{"line":199,"column":3}},"type":"if","locations":[{"start":{"line":197,"column":2},"end":{"line":199,"column":3}},{"start":{},"end":{}}],"line":197},"8":{"loc":{"start":{"line":197,"column":6},"end":{"line":197,"column":54}},"type":"binary-expr","locations":[{"start":{"line":197,"column":6},"end":{"line":197,"column":20}},{"start":{"line":197,"column":24},"end":{"line":197,"column":54}}],"line":197},"9":{"loc":{"start":{"line":201,"column":2},"end":{"line":220,"column":3}},"type":"if","locations":[{"start":{"line":201,"column":2},"end":{"line":220,"column":3}},{"start":{"line":203,"column":9},"end":{"line":220,"column":3}}],"line":201},"10":{"loc":{"start":{"line":205,"column":4},"end":{"line":207,"column":5}},"type":"if","locations":[{"start":{"line":205,"column":4},"end":{"line":207,"column":5}},{"start":{},"end":{}}],"line":205},"11":{"loc":{"start":{"line":208,"column":4},"end":{"line":210,"column":5}},"type":"if","locations":[{"start":{"line":208,"column":4},"end":{"line":210,"column":5}},{"start":{},"end":{}}],"line":208},"12":{"loc":{"start":{"line":211,"column":4},"end":{"line":213,"column":5}},"type":"if","locations":[{"start":{"line":211,"column":4},"end":{"line":213,"column":5}},{"start":{},"end":{}}],"line":211},"13":{"loc":{"start":{"line":214,"column":4},"end":{"line":216,"column":5}},"type":"if","locations":[{"start":{"line":214,"column":4},"end":{"line":216,"column":5}},{"start":{},"end":{}}],"line":214},"14":{"loc":{"start":{"line":214,"column":8},"end":{"line":214,"column":78}},"type":"binary-expr","locations":[{"start":{"line":214,"column":8},"end":{"line":214,"column":35}},{"start":{"line":214,"column":39},"end":{"line":214,"column":78}}],"line":214},"15":{"loc":{"start":{"line":217,"column":4},"end":{"line":219,"column":5}},"type":"if","locations":[{"start":{"line":217,"column":4},"end":{"line":219,"column":5}},{"start":{},"end":{}}],"line":217},"16":{"loc":{"start":{"line":217,"column":8},"end":{"line":217,"column":89}},"type":"binary-expr","locations":[{"start":{"line":217,"column":8},"end":{"line":217,"column":32}},{"start":{"line":217,"column":36},"end":{"line":217,"column":89}}],"line":217},"17":{"loc":{"start":{"line":223,"column":2},"end":{"line":231,"column":3}},"type":"if","locations":[{"start":{"line":223,"column":2},"end":{"line":231,"column":3}},{"start":{},"end":{}}],"line":223},"18":{"loc":{"start":{"line":223,"column":6},"end":{"line":223,"column":105}},"type":"binary-expr","locations":[{"start":{"line":223,"column":6},"end":{"line":223,"column":62}},{"start":{"line":223,"column":66},"end":{"line":223,"column":105}}],"line":223},"19":{"loc":{"start":{"line":224,"column":4},"end":{"line":230,"column":5}},"type":"if","locations":[{"start":{"line":224,"column":4},"end":{"line":230,"column":5}},{"start":{"line":228,"column":11},"end":{"line":230,"column":5}}],"line":224},"20":{"loc":{"start":{"line":225,"column":6},"end":{"line":227,"column":7}},"type":"if","locations":[{"start":{"line":225,"column":6},"end":{"line":227,"column":7}},{"start":{},"end":{}}],"line":225},"21":{"loc":{"start":{"line":228,"column":11},"end":{"line":230,"column":5}},"type":"if","locations":[{"start":{"line":228,"column":11},"end":{"line":230,"column":5}},{"start":{},"end":{}}],"line":228},"22":{"loc":{"start":{"line":228,"column":15},"end":{"line":228,"column":105}},"type":"binary-expr","locations":[{"start":{"line":228,"column":15},"end":{"line":228,"column":59}},{"start":{"line":228,"column":63},"end":{"line":228,"column":105}}],"line":228},"23":{"loc":{"start":{"line":234,"column":2},"end":{"line":242,"column":3}},"type":"if","locations":[{"start":{"line":234,"column":2},"end":{"line":242,"column":3}},{"start":{},"end":{}}],"line":234},"24":{"loc":{"start":{"line":234,"column":6},"end":{"line":234,"column":106}},"type":"binary-expr","locations":[{"start":{"line":234,"column":6},"end":{"line":234,"column":60}},{"start":{"line":234,"column":64},"end":{"line":234,"column":106}}],"line":234},"25":{"loc":{"start":{"line":235,"column":4},"end":{"line":241,"column":5}},"type":"if","locations":[{"start":{"line":235,"column":4},"end":{"line":241,"column":5}},{"start":{"line":239,"column":11},"end":{"line":241,"column":5}}],"line":235},"26":{"loc":{"start":{"line":236,"column":6},"end":{"line":238,"column":7}},"type":"if","locations":[{"start":{"line":236,"column":6},"end":{"line":238,"column":7}},{"start":{},"end":{}}],"line":236},"27":{"loc":{"start":{"line":244,"column":2},"end":{"line":246,"column":3}},"type":"if","locations":[{"start":{"line":244,"column":2},"end":{"line":246,"column":3}},{"start":{},"end":{}}],"line":244},"28":{"loc":{"start":{"line":254,"column":46},"end":{"line":254,"column":70}},"type":"default-arg","locations":[{"start":{"line":254,"column":65},"end":{"line":254,"column":70}}],"line":254},"29":{"loc":{"start":{"line":268,"column":2},"end":{"line":279,"column":3}},"type":"switch","locations":[{"start":{"line":269,"column":4},"end":{"line":270,"column":29}},{"start":{"line":271,"column":4},"end":{"line":272,"column":29}},{"start":{"line":273,"column":4},"end":{"line":274,"column":30}},{"start":{"line":275,"column":4},"end":{"line":276,"column":25}},{"start":{"line":277,"column":4},"end":{"line":278,"column":23}}],"line":268}},"s":{"0":15,"1":25,"2":2,"3":11,"4":11,"5":1,"6":0,"7":9,"8":9,"9":9,"10":9,"11":2,"12":9,"13":0,"14":9,"15":0,"16":9,"17":3,"18":9,"19":3,"20":9,"21":3,"22":9,"23":3,"24":9,"25":1,"26":9,"27":2,"28":0,"29":0,"30":2,"31":2,"32":9,"33":1,"34":0,"35":0,"36":1,"37":9,"38":3,"39":9,"40":10,"41":10,"42":10,"43":4,"44":2,"45":3,"46":1,"47":0},"f":{"0":15,"1":25,"2":9,"3":9,"4":9,"5":10,"6":10},"b":{"0":[2,11,11,1,0],"1":[2,1,1,0],"2":[11,10,8],"3":[11,9],"4":[9,4],"5":[9,4],"6":[2,7],"7":[0,9],"8":[9,9],"9":[0,9],"10":[3,6],"11":[3,6],"12":[3,6],"13":[3,6],"14":[9,9],"15":[1,8],"16":[9,9],"17":[2,7],"18":[9,2],"19":[0,2],"20":[0,0],"21":[2,0],"22":[2,1],"23":[1,8],"24":[9,1],"25":[0,1],"26":[0,0],"27":[3,6],"28":[9],"29":[4,2,3,1,0]},"_coverageSchema":"1a1c01bbd47fc00a2c39e90264f33305004495a9","hash":"424bcc10d1d36e0bd8d4abd2b1f24a7fd59a56d4"}
,"/Users/emmanuelrassou/Desktop/Academics - Harvard/Side_projects/sellryte/projectslge/apps/mobile/src/screens/AddWantScreen.tsx": {"path":"/Users/emmanuelrassou/Desktop/Academics - Harvard/Side_projects/sellryte/projectslge/apps/mobile/src/screens/AddWantScreen.tsx","statementMap":{"0":{"start":{"line":16,"column":2},"end":{"line":28,"column":4}},"1":{"start":{"line":22,"column":25},"end":{"line":22,"column":44}},"2":{"start":{"line":31,"column":15},"end":{"line":56,"column":2}}},"fnMap":{"0":{"name":"AddWantScreen","decl":{"start":{"line":15,"column":24},"end":{"line":15,"column":37}},"loc":{"start":{"line":15,"column":61},"end":{"line":29,"column":1}},"line":15},"1":{"name":"(anonymous_1)","decl":{"start":{"line":22,"column":19},"end":{"line":22,"column":20}},"loc":{"start":{"line":22,"column":25},"end":{"line":22,"column":44}},"line":22}},"branchMap":{},"s":{"0":0,"1":0,"2":0},"f":{"0":0,"1":0},"b":{}}
,"/Users/emmanuelrassou/Desktop/Academics - Harvard/Side_projects/sellryte/projectslge/apps/mobile/src/screens/AgentScreen.tsx": {"path":"/Users/emmanuelrassou/Desktop/Academics - Harvard/Side_projects/sellryte/projectslge/apps/mobile/src/screens/AgentScreen.tsx","statementMap":{"0":{"start":{"line":16,"column":2},"end":{"line":28,"column":4}},"1":{"start":{"line":22,"column":25},"end":{"line":22,"column":44}},"2":{"start":{"line":31,"column":15},"end":{"line":56,"column":2}}},"fnMap":{"0":{"name":"AgentScreen","decl":{"start":{"line":15,"column":24},"end":{"line":15,"column":35}},"loc":{"start":{"line":15,"column":59},"end":{"line":29,"column":1}},"line":15},"1":{"name":"(anonymous_1)","decl":{"start":{"line":22,"column":19},"end":{"line":22,"column":20}},"loc":{"start":{"line":22,"column":25},"end":{"line":22,"column":44}},"line":22}},"branchMap":{},"s":{"0":0,"1":0,"2":0},"f":{"0":0,"1":0},"b":{}}
,"/Users/emmanuelrassou/Desktop/Academics - Harvard/Side_projects/sellryte/projectslge/apps/mobile/src/screens/AuthFormScreen.tsx": {"path":"/Users/emmanuelrassou/Desktop/Academics - Harvard/Side_projects/sellryte/projectslge/apps/mobile/src/screens/AuthFormScreen.tsx","statementMap":{"0":{"start":{"line":10,"column":2},"end":{"line":25,"column":4}},"1":{"start":{"line":16,"column":25},"end":{"line":16,"column":62}},"2":{"start":{"line":20,"column":60},"end":{"line":20,"column":79}},"3":{"start":{"line":28,"column":15},"end":{"line":64,"column":2}}},"fnMap":{"0":{"name":"AuthFormScreen","decl":{"start":{"line":9,"column":24},"end":{"line":9,"column":38}},"loc":{"start":{"line":9,"column":62},"end":{"line":26,"column":1}},"line":9},"1":{"name":"(anonymous_1)","decl":{"start":{"line":16,"column":19},"end":{"line":16,"column":20}},"loc":{"start":{"line":16,"column":25},"end":{"line":16,"column":62}},"line":16},"2":{"name":"(anonymous_2)","decl":{"start":{"line":20,"column":54},"end":{"line":20,"column":55}},"loc":{"start":{"line":20,"column":60},"end":{"line":20,"column":79}},"line":20}},"branchMap":{},"s":{"0":0,"1":0,"2":0,"3":0},"f":{"0":0,"1":0,"2":0},"b":{}}
,"/Users/emmanuelrassou/Desktop/Academics - Harvard/Side_projects/sellryte/projectslge/apps/mobile/src/screens/ChatScreen.tsx": {"path":"/Users/emmanuelrassou/Desktop/Academics - Harvard/Side_projects/sellryte/projectslge/apps/mobile/src/screens/ChatScreen.tsx","statementMap":{"0":{"start":{"line":16,"column":2},"end":{"line":28,"column":4}},"1":{"start":{"line":22,"column":25},"end":{"line":22,"column":44}},"2":{"start":{"line":31,"column":15},"end":{"line":56,"column":2}}},"fnMap":{"0":{"name":"ChatScreen","decl":{"start":{"line":15,"column":24},"end":{"line":15,"column":34}},"loc":{"start":{"line":15,"column":58},"end":{"line":29,"column":1}},"line":15},"1":{"name":"(anonymous_1)","decl":{"start":{"line":22,"column":19},"end":{"line":22,"column":20}},"loc":{"start":{"line":22,"column":25},"end":{"line":22,"column":44}},"line":22}},"branchMap":{},"s":{"0":0,"1":0,"2":0},"f":{"0":0,"1":0},"b":{}}
,"/Users/emmanuelrassou/Desktop/Academics - Harvard/Side_projects/sellryte/projectslge/apps/mobile/src/screens/ChatThreadScreen.tsx": {"path":"/Users/emmanuelrassou/Desktop/Academics - Harvard/Side_projects/sellryte/projectslge/apps/mobile/src/screens/ChatThreadScreen.tsx","statementMap":{"0":{"start":{"line":10,"column":29},"end":{"line":10,"column":41}},"1":{"start":{"line":12,"column":2},"end":{"line":23,"column":4}},"2":{"start":{"line":18,"column":60},"end":{"line":18,"column":79}},"3":{"start":{"line":26,"column":15},"end":{"line":61,"column":2}}},"fnMap":{"0":{"name":"ChatThreadScreen","decl":{"start":{"line":9,"column":24},"end":{"line":9,"column":40}},"loc":{"start":{"line":9,"column":71},"end":{"line":24,"column":1}},"line":9},"1":{"name":"(anonymous_1)","decl":{"start":{"line":18,"column":54},"end":{"line":18,"column":55}},"loc":{"start":{"line":18,"column":60},"end":{"line":18,"column":79}},"line":18}},"branchMap":{},"s":{"0":0,"1":0,"2":0,"3":0},"f":{"0":0,"1":0},"b":{}}
,"/Users/emmanuelrassou/Desktop/Academics - Harvard/Side_projects/sellryte/projectslge/apps/mobile/src/screens/ClarificationScreen.tsx": {"path":"/Users/emmanuelrassou/Desktop/Academics - Harvard/Side_projects/sellryte/projectslge/apps/mobile/src/screens/ClarificationScreen.tsx","statementMap":{"0":{"start":{"line":10,"column":2},"end":{"line":25,"column":4}},"1":{"start":{"line":16,"column":25},"end":{"line":16,"column":64}},"2":{"start":{"line":20,"column":60},"end":{"line":20,"column":79}},"3":{"start":{"line":28,"column":15},"end":{"line":64,"column":2}}},"fnMap":{"0":{"name":"ClarificationScreen","decl":{"start":{"line":9,"column":24},"end":{"line":9,"column":43}},"loc":{"start":{"line":9,"column":67},"end":{"line":26,"column":1}},"line":9},"1":{"name":"(anonymous_1)","decl":{"start":{"line":16,"column":19},"end":{"line":16,"column":20}},"loc":{"start":{"line":16,"column":25},"end":{"line":16,"column":64}},"line":16},"2":{"name":"(anonymous_2)","decl":{"start":{"line":20,"column":54},"end":{"line":20,"column":55}},"loc":{"start":{"line":20,"column":60},"end":{"line":20,"column":79}},"line":20}},"branchMap":{},"s":{"0":0,"1":0,"2":0,"3":0},"f":{"0":0,"1":0,"2":0},"b":{}}
,"/Users/emmanuelrassou/Desktop/Academics - Harvard/Side_projects/sellryte/projectslge/apps/mobile/src/screens/ConfirmAddToListScreen.tsx": {"path":"/Users/emmanuelrassou/Desktop/Academics - Harvard/Side_projects/sellryte/projectslge/apps/mobile/src/screens/ConfirmAddToListScreen.tsx","statementMap":{"0":{"start":{"line":10,"column":2},"end":{"line":20,"column":4}},"1":{"start":{"line":15,"column":60},"end":{"line":15,"column":79}},"2":{"start":{"line":23,"column":15},"end":{"line":53,"column":2}}},"fnMap":{"0":{"name":"ConfirmAddToListScreen","decl":{"start":{"line":9,"column":24},"end":{"line":9,"column":46}},"loc":{"start":{"line":9,"column":70},"end":{"line":21,"column":1}},"line":9},"1":{"name":"(anonymous_1)","decl":{"start":{"line":15,"column":54},"end":{"line":15,"column":55}},"loc":{"start":{"line":15,"column":60},"end":{"line":15,"column":79}},"line":15}},"branchMap":{},"s":{"0":0,"1":0,"2":0},"f":{"0":0,"1":0},"b":{}}
,"/Users/emmanuelrassou/Desktop/Academics - Harvard/Side_projects/sellryte/projectslge/apps/mobile/src/screens/ConversationsScreen.tsx": {"path":"/Users/emmanuelrassou/Desktop/Academics - Harvard/Side_projects/sellryte/projectslge/apps/mobile/src/screens/ConversationsScreen.tsx","statementMap":{"0":{"start":{"line":16,"column":2},"end":{"line":29,"column":4}},"1":{"start":{"line":23,"column":25},"end":{"line":23,"column":90}},"2":{"start":{"line":32,"column":15},"end":{"line":64,"column":2}}},"fnMap":{"0":{"name":"ConversationsScreen","decl":{"start":{"line":15,"column":24},"end":{"line":15,"column":43}},"loc":{"start":{"line":15,"column":67},"end":{"line":30,"column":1}},"line":15},"1":{"name":"(anonymous_1)","decl":{"start":{"line":23,"column":19},"end":{"line":23,"column":20}},"loc":{"start":{"line":23,"column":25},"end":{"line":23,"column":90}},"line":23}},"branchMap":{},"s":{"0":0,"1":0,"2":0},"f":{"0":0,"1":0},"b":{}}
,"/Users/emmanuelrassou/Desktop/Academics - Harvard/Side_projects/sellryte/projectslge/apps/mobile/src/screens/DealChatScreen.tsx": {"path":"/Users/emmanuelrassou/Desktop/Academics - Harvard/Side_projects/sellryte/projectslge/apps/mobile/src/screens/DealChatScreen.tsx","statementMap":{"0":{"start":{"line":10,"column":21},"end":{"line":10,"column":33}},"1":{"start":{"line":12,"column":2},"end":{"line":23,"column":4}},"2":{"start":{"line":18,"column":60},"end":{"line":18,"column":79}},"3":{"start":{"line":26,"column":15},"end":{"line":61,"column":2}}},"fnMap":{"0":{"name":"DealChatScreen","decl":{"start":{"line":9,"column":24},"end":{"line":9,"column":38}},"loc":{"start":{"line":9,"column":69},"end":{"line":24,"column":1}},"line":9},"1":{"name":"(anonymous_1)","decl":{"start":{"line":18,"column":54},"end":{"line":18,"column":55}},"loc":{"start":{"line":18,"column":60},"end":{"line":18,"column":79}},"line":18}},"branchMap":{},"s":{"0":0,"1":0,"2":0,"3":0},"f":{"0":0,"1":0},"b":{}}
,"/Users/emmanuelrassou/Desktop/Academics - Harvard/Side_projects/sellryte/projectslge/apps/mobile/src/screens/DealDetailScreen.tsx": {"path":"/Users/emmanuelrassou/Desktop/Academics - Harvard/Side_projects/sellryte/projectslge/apps/mobile/src/screens/DealDetailScreen.tsx","statementMap":{"0":{"start":{"line":10,"column":21},"end":{"line":10,"column":33}},"1":{"start":{"line":12,"column":2},"end":{"line":34,"column":4}},"2":{"start":{"line":19,"column":25},"end":{"line":19,"column":77}},"3":{"start":{"line":25,"column":25},"end":{"line":25,"column":68}},"4":{"start":{"line":29,"column":60},"end":{"line":29,"column":79}},"5":{"start":{"line":37,"column":15},"end":{"line":78,"column":2}}},"fnMap":{"0":{"name":"DealDetailScreen","decl":{"start":{"line":9,"column":24},"end":{"line":9,"column":40}},"loc":{"start":{"line":9,"column":71},"end":{"line":35,"column":1}},"line":9},"1":{"name":"(anonymous_1)","decl":{"start":{"line":19,"column":19},"end":{"line":19,"column":20}},"loc":{"start":{"line":19,"column":25},"end":{"line":19,"column":77}},"line":19},"2":{"name":"(anonymous_2)","decl":{"start":{"line":25,"column":19},"end":{"line":25,"column":20}},"loc":{"start":{"line":25,"column":25},"end":{"line":25,"column":68}},"line":25},"3":{"name":"(anonymous_3)","decl":{"start":{"line":29,"column":54},"end":{"line":29,"column":55}},"loc":{"start":{"line":29,"column":60},"end":{"line":29,"column":79}},"line":29}},"branchMap":{},"s":{"0":0,"1":0,"2":0,"3":0,"4":0,"5":0},"f":{"0":0,"1":0,"2":0,"3":0},"b":{}}
,"/Users/emmanuelrassou/Desktop/Academics - Harvard/Side_projects/sellryte/projectslge/apps/mobile/src/screens/DealsHomeScreen.tsx": {"path":"/Users/emmanuelrassou/Desktop/Academics - Harvard/Side_projects/sellryte/projectslge/apps/mobile/src/screens/DealsHomeScreen.tsx","statementMap":{"0":{"start":{"line":10,"column":2},"end":{"line":22,"column":4}},"1":{"start":{"line":16,"column":25},"end":{"line":16,"column":82}},"2":{"start":{"line":25,"column":15},"end":{"line":52,"column":2}}},"fnMap":{"0":{"name":"DealsHomeScreen","decl":{"start":{"line":9,"column":24},"end":{"line":9,"column":39}},"loc":{"start":{"line":9,"column":63},"end":{"line":23,"column":1}},"line":9},"1":{"name":"(anonymous_1)","decl":{"start":{"line":16,"column":19},"end":{"line":16,"column":20}},"loc":{"start":{"line":16,"column":25},"end":{"line":16,"column":82}},"line":16}},"branchMap":{},"s":{"0":0,"1":0,"2":0},"f":{"0":0,"1":0},"b":{}}
,"/Users/emmanuelrassou/Desktop/Academics - Harvard/Side_projects/sellryte/projectslge/apps/mobile/src/screens/DealsScreen.tsx": {"path":"/Users/emmanuelrassou/Desktop/Academics - Harvard/Side_projects/sellryte/projectslge/apps/mobile/src/screens/DealsScreen.tsx","statementMap":{"0":{"start":{"line":16,"column":2},"end":{"line":28,"column":4}},"1":{"start":{"line":22,"column":25},"end":{"line":22,"column":44}},"2":{"start":{"line":31,"column":15},"end":{"line":56,"column":2}}},"fnMap":{"0":{"name":"DealsScreen","decl":{"start":{"line":15,"column":24},"end":{"line":15,"column":35}},"loc":{"start":{"line":15,"column":59},"end":{"line":29,"column":1}},"line":15},"1":{"name":"(anonymous_1)","decl":{"start":{"line":22,"column":19},"end":{"line":22,"column":20}},"loc":{"start":{"line":22,"column":25},"end":{"line":22,"column":44}},"line":22}},"branchMap":{},"s":{"0":0,"1":0,"2":0},"f":{"0":0,"1":0},"b":{}}
,"/Users/emmanuelrassou/Desktop/Academics - Harvard/Side_projects/sellryte/projectslge/apps/mobile/src/screens/ForgotPasswordScreen.tsx": {"path":"/Users/emmanuelrassou/Desktop/Academics - Harvard/Side_projects/sellryte/projectslge/apps/mobile/src/screens/ForgotPasswordScreen.tsx","statementMap":{"0":{"start":{"line":10,"column":2},"end":{"line":25,"column":4}},"1":{"start":{"line":16,"column":25},"end":{"line":16,"column":61}},"2":{"start":{"line":20,"column":60},"end":{"line":20,"column":79}},"3":{"start":{"line":28,"column":15},"end":{"line":64,"column":2}}},"fnMap":{"0":{"name":"ForgotPasswordScreen","decl":{"start":{"line":9,"column":24},"end":{"line":9,"column":44}},"loc":{"start":{"line":9,"column":68},"end":{"line":26,"column":1}},"line":9},"1":{"name":"(anonymous_1)","decl":{"start":{"line":16,"column":19},"end":{"line":16,"column":20}},"loc":{"start":{"line":16,"column":25},"end":{"line":16,"column":61}},"line":16},"2":{"name":"(anonymous_2)","decl":{"start":{"line":20,"column":54},"end":{"line":20,"column":55}},"loc":{"start":{"line":20,"column":60},"end":{"line":20,"column":79}},"line":20}},"branchMap":{},"s":{"0":0,"1":0,"2":0,"3":0},"f":{"0":0,"1":0,"2":0},"b":{}}
,"/Users/emmanuelrassou/Desktop/Academics - Harvard/Side_projects/sellryte/projectslge/apps/mobile/src/screens/HomeScreen.tsx": {"path":"/Users/emmanuelrassou/Desktop/Academics - Harvard/Side_projects/sellryte/projectslge/apps/mobile/src/screens/HomeScreen.tsx","statementMap":{"0":{"start":{"line":16,"column":2},"end":{"line":56,"column":4}},"1":{"start":{"line":36,"column":27},"end":{"line":36,"column":56}},"2":{"start":{"line":46,"column":27},"end":{"line":46,"column":58}},"3":{"start":{"line":59,"column":15},"end":{"line":121,"column":2}}},"fnMap":{"0":{"name":"HomeScreen","decl":{"start":{"line":15,"column":24},"end":{"line":15,"column":34}},"loc":{"start":{"line":15,"column":58},"end":{"line":57,"column":1}},"line":15},"1":{"name":"(anonymous_1)","decl":{"start":{"line":36,"column":21},"end":{"line":36,"column":22}},"loc":{"start":{"line":36,"column":27},"end":{"line":36,"column":56}},"line":36},"2":{"name":"(anonymous_2)","decl":{"start":{"line":46,"column":21},"end":{"line":46,"column":22}},"loc":{"start":{"line":46,"column":27},"end":{"line":46,"column":58}},"line":46}},"branchMap":{},"s":{"0":0,"1":0,"2":0,"3":0},"f":{"0":0,"1":0,"2":0},"b":{}}
,"/Users/emmanuelrassou/Desktop/Academics - Harvard/Side_projects/sellryte/projectslge/apps/mobile/src/screens/ItemDetailScreen.tsx": {"path":"/Users/emmanuelrassou/Desktop/Academics - Harvard/Side_projects/sellryte/projectslge/apps/mobile/src/screens/ItemDetailScreen.tsx","statementMap":{"0":{"start":{"line":16,"column":21},"end":{"line":16,"column":33}},"1":{"start":{"line":18,"column":2},"end":{"line":32,"column":4}},"2":{"start":{"line":26,"column":25},"end":{"line":26,"column":44}},"3":{"start":{"line":35,"column":15},"end":{"line":70,"column":2}}},"fnMap":{"0":{"name":"ItemDetailScreen","decl":{"start":{"line":15,"column":24},"end":{"line":15,"column":40}},"loc":{"start":{"line":15,"column":71},"end":{"line":33,"column":1}},"line":15},"1":{"name":"(anonymous_1)","decl":{"start":{"line":26,"column":19},"end":{"line":26,"column":20}},"loc":{"start":{"line":26,"column":25},"end":{"line":26,"column":44}},"line":26}},"branchMap":{},"s":{"0":0,"1":0,"2":0,"3":0},"f":{"0":0,"1":0},"b":{}}
,"/Users/emmanuelrassou/Desktop/Academics - Harvard/Side_projects/sellryte/projectslge/apps/mobile/src/screens/LoginScreen.tsx": {"path":"/Users/emmanuelrassou/Desktop/Academics - Harvard/Side_projects/sellryte/projectslge/apps/mobile/src/screens/LoginScreen.tsx","statementMap":{"0":{"start":{"line":16,"column":2},"end":{"line":28,"column":4}},"1":{"start":{"line":22,"column":25},"end":{"line":22,"column":44}},"2":{"start":{"line":31,"column":15},"end":{"line":56,"column":2}}},"fnMap":{"0":{"name":"LoginScreen","decl":{"start":{"line":15,"column":24},"end":{"line":15,"column":35}},"loc":{"start":{"line":15,"column":59},"end":{"line":29,"column":1}},"line":15},"1":{"name":"(anonymous_1)","decl":{"start":{"line":22,"column":19},"end":{"line":22,"column":20}},"loc":{"start":{"line":22,"column":25},"end":{"line":22,"column":44}},"line":22}},"branchMap":{},"s":{"0":0,"1":0,"2":0},"f":{"0":0,"1":0},"b":{}}
,"/Users/emmanuelrassou/Desktop/Academics - Harvard/Side_projects/sellryte/projectslge/apps/mobile/src/screens/LogisticsShippingScreen.tsx": {"path":"/Users/emmanuelrassou/Desktop/Academics - Harvard/Side_projects/sellryte/projectslge/apps/mobile/src/screens/LogisticsShippingScreen.tsx","statementMap":{"0":{"start":{"line":10,"column":21},"end":{"line":10,"column":33}},"1":{"start":{"line":12,"column":2},"end":{"line":23,"column":4}},"2":{"start":{"line":18,"column":60},"end":{"line":18,"column":79}},"3":{"start":{"line":26,"column":15},"end":{"line":61,"column":2}}},"fnMap":{"0":{"name":"LogisticsShippingScreen","decl":{"start":{"line":9,"column":24},"end":{"line":9,"column":47}},"loc":{"start":{"line":9,"column":78},"end":{"line":24,"column":1}},"line":9},"1":{"name":"(anonymous_1)","decl":{"start":{"line":18,"column":54},"end":{"line":18,"column":55}},"loc":{"start":{"line":18,"column":60},"end":{"line":18,"column":79}},"line":18}},"branchMap":{},"s":{"0":0,"1":0,"2":0,"3":0},"f":{"0":0,"1":0},"b":{}}
,"/Users/emmanuelrassou/Desktop/Academics - Harvard/Side_projects/sellryte/projectslge/apps/mobile/src/screens/MatchDetailScreen.tsx": {"path":"/Users/emmanuelrassou/Desktop/Academics - Harvard/Side_projects/sellryte/projectslge/apps/mobile/src/screens/MatchDetailScreen.tsx","statementMap":{"0":{"start":{"line":10,"column":22},"end":{"line":10,"column":34}},"1":{"start":{"line":12,"column":2},"end":{"line":22,"column":4}},"2":{"start":{"line":17,"column":60},"end":{"line":17,"column":79}},"3":{"start":{"line":25,"column":15},"end":{"line":55,"column":2}}},"fnMap":{"0":{"name":"MatchDetailScreen","decl":{"start":{"line":9,"column":24},"end":{"line":9,"column":41}},"loc":{"start":{"line":9,"column":72},"end":{"line":23,"column":1}},"line":9},"1":{"name":"(anonymous_1)","decl":{"start":{"line":17,"column":54},"end":{"line":17,"column":55}},"loc":{"start":{"line":17,"column":60},"end":{"line":17,"column":79}},"line":17}},"branchMap":{},"s":{"0":0,"1":0,"2":0,"3":0},"f":{"0":0,"1":0},"b":{}}
,"/Users/emmanuelrassou/Desktop/Academics - Harvard/Side_projects/sellryte/projectslge/apps/mobile/src/screens/MatchesHomeScreen.tsx": {"path":"/Users/emmanuelrassou/Desktop/Academics - Harvard/Side_projects/sellryte/projectslge/apps/mobile/src/screens/MatchesHomeScreen.tsx","statementMap":{"0":{"start":{"line":10,"column":2},"end":{"line":22,"column":4}},"1":{"start":{"line":16,"column":25},"end":{"line":16,"column":85}},"2":{"start":{"line":25,"column":15},"end":{"line":52,"column":2}}},"fnMap":{"0":{"name":"MatchesHomeScreen","decl":{"start":{"line":9,"column":24},"end":{"line":9,"column":41}},"loc":{"start":{"line":9,"column":65},"end":{"line":23,"column":1}},"line":9},"1":{"name":"(anonymous_1)","decl":{"start":{"line":16,"column":19},"end":{"line":16,"column":20}},"loc":{"start":{"line":16,"column":25},"end":{"line":16,"column":85}},"line":16}},"branchMap":{},"s":{"0":0,"1":0,"2":0},"f":{"0":0,"1":0},"b":{}}
,"/Users/emmanuelrassou/Desktop/Academics - Harvard/Side_projects/sellryte/projectslge/apps/mobile/src/screens/MatchesScreen.tsx": {"path":"/Users/emmanuelrassou/Desktop/Academics - Harvard/Side_projects/sellryte/projectslge/apps/mobile/src/screens/MatchesScreen.tsx","statementMap":{"0":{"start":{"line":16,"column":2},"end":{"line":28,"column":4}},"1":{"start":{"line":22,"column":25},"end":{"line":22,"column":44}},"2":{"start":{"line":31,"column":15},"end":{"line":56,"column":2}}},"fnMap":{"0":{"name":"MatchesScreen","decl":{"start":{"line":15,"column":24},"end":{"line":15,"column":37}},"loc":{"start":{"line":15,"column":61},"end":{"line":29,"column":1}},"line":15},"1":{"name":"(anonymous_1)","decl":{"start":{"line":22,"column":19},"end":{"line":22,"column":20}},"loc":{"start":{"line":22,"column":25},"end":{"line":22,"column":44}},"line":22}},"branchMap":{},"s":{"0":0,"1":0,"2":0},"f":{"0":0,"1":0},"b":{}}
,"/Users/emmanuelrassou/Desktop/Academics - Harvard/Side_projects/sellryte/projectslge/apps/mobile/src/screens/MyListScreen.tsx": {"path":"/Users/emmanuelrassou/Desktop/Academics - Harvard/Side_projects/sellryte/projectslge/apps/mobile/src/screens/MyListScreen.tsx","statementMap":{"0":{"start":{"line":16,"column":2},"end":{"line":29,"column":4}},"1":{"start":{"line":23,"column":25},"end":{"line":23,"column":82}},"2":{"start":{"line":32,"column":15},"end":{"line":64,"column":2}}},"fnMap":{"0":{"name":"MyListScreen","decl":{"start":{"line":15,"column":24},"end":{"line":15,"column":36}},"loc":{"start":{"line":15,"column":60},"end":{"line":30,"column":1}},"line":15},"1":{"name":"(anonymous_1)","decl":{"start":{"line":23,"column":19},"end":{"line":23,"column":20}},"loc":{"start":{"line":23,"column":25},"end":{"line":23,"column":82}},"line":23}},"branchMap":{},"s":{"0":0,"1":0,"2":0},"f":{"0":0,"1":0},"b":{}}
,"/Users/emmanuelrassou/Desktop/Academics - Harvard/Side_projects/sellryte/projectslge/apps/mobile/src/screens/MyWantsScreen.tsx": {"path":"/Users/emmanuelrassou/Desktop/Academics - Harvard/Side_projects/sellryte/projectslge/apps/mobile/src/screens/MyWantsScreen.tsx","statementMap":{"0":{"start":{"line":16,"column":2},"end":{"line":28,"column":4}},"1":{"start":{"line":22,"column":25},"end":{"line":22,"column":44}},"2":{"start":{"line":31,"column":15},"end":{"line":56,"column":2}}},"fnMap":{"0":{"name":"MyWantsScreen","decl":{"start":{"line":15,"column":24},"end":{"line":15,"column":37}},"loc":{"start":{"line":15,"column":61},"end":{"line":29,"column":1}},"line":15},"1":{"name":"(anonymous_1)","decl":{"start":{"line":22,"column":19},"end":{"line":22,"column":20}},"loc":{"start":{"line":22,"column":25},"end":{"line":22,"column":44}},"line":22}},"branchMap":{},"s":{"0":0,"1":0,"2":0},"f":{"0":0,"1":0},"b":{}}
,"/Users/emmanuelrassou/Desktop/Academics - Harvard/Side_projects/sellryte/projectslge/apps/mobile/src/screens/OfferScreen.tsx": {"path":"/Users/emmanuelrassou/Desktop/Academics - Harvard/Side_projects/sellryte/projectslge/apps/mobile/src/screens/OfferScreen.tsx","statementMap":{"0":{"start":{"line":16,"column":2},"end":{"line":28,"column":4}},"1":{"start":{"line":22,"column":25},"end":{"line":22,"column":44}},"2":{"start":{"line":31,"column":15},"end":{"line":56,"column":2}}},"fnMap":{"0":{"name":"OfferScreen","decl":{"start":{"line":15,"column":24},"end":{"line":15,"column":35}},"loc":{"start":{"line":15,"column":59},"end":{"line":29,"column":1}},"line":15},"1":{"name":"(anonymous_1)","decl":{"start":{"line":22,"column":19},"end":{"line":22,"column":20}},"loc":{"start":{"line":22,"column":25},"end":{"line":22,"column":44}},"line":22}},"branchMap":{},"s":{"0":0,"1":0,"2":0},"f":{"0":0,"1":0},"b":{}}
,"/Users/emmanuelrassou/Desktop/Academics - Harvard/Side_projects/sellryte/projectslge/apps/mobile/src/screens/PickupDetailsScreen.tsx": {"path":"/Users/emmanuelrassou/Desktop/Academics - Harvard/Side_projects/sellryte/projectslge/apps/mobile/src/screens/PickupDetailsScreen.tsx","statementMap":{"0":{"start":{"line":16,"column":2},"end":{"line":28,"column":4}},"1":{"start":{"line":22,"column":25},"end":{"line":22,"column":44}},"2":{"start":{"line":31,"column":15},"end":{"line":56,"column":2}}},"fnMap":{"0":{"name":"PickupDetailsScreen","decl":{"start":{"line":15,"column":24},"end":{"line":15,"column":43}},"loc":{"start":{"line":15,"column":67},"end":{"line":29,"column":1}},"line":15},"1":{"name":"(anonymous_1)","decl":{"start":{"line":22,"column":19},"end":{"line":22,"column":20}},"loc":{"start":{"line":22,"column":25},"end":{"line":22,"column":44}},"line":22}},"branchMap":{},"s":{"0":0,"1":0,"2":0},"f":{"0":0,"1":0},"b":{}}
,"/Users/emmanuelrassou/Desktop/Academics - Harvard/Side_projects/sellryte/projectslge/apps/mobile/src/screens/ProfileScreen.tsx": {"path":"/Users/emmanuelrassou/Desktop/Academics - Harvard/Side_projects/sellryte/projectslge/apps/mobile/src/screens/ProfileScreen.tsx","statementMap":{"0":{"start":{"line":16,"column":2},"end":{"line":28,"column":4}},"1":{"start":{"line":22,"column":25},"end":{"line":22,"column":44}},"2":{"start":{"line":31,"column":15},"end":{"line":56,"column":2}}},"fnMap":{"0":{"name":"ProfileScreen","decl":{"start":{"line":15,"column":24},"end":{"line":15,"column":37}},"loc":{"start":{"line":15,"column":61},"end":{"line":29,"column":1}},"line":15},"1":{"name":"(anonymous_1)","decl":{"start":{"line":22,"column":19},"end":{"line":22,"column":20}},"loc":{"start":{"line":22,"column":25},"end":{"line":22,"column":44}},"line":22}},"branchMap":{},"s":{"0":0,"1":0,"2":0},"f":{"0":0,"1":0},"b":{}}
,"/Users/emmanuelrassou/Desktop/Academics - Harvard/Side_projects/sellryte/projectslge/apps/mobile/src/screens/ResetPasswordScreen.tsx": {"path":"/Users/emmanuelrassou/Desktop/Academics - Harvard/Side_projects/sellryte/projectslge/apps/mobile/src/screens/ResetPasswordScreen.tsx","statementMap":{"0":{"start":{"line":16,"column":2},"end":{"line":29,"column":4}},"1":{"start":{"line":23,"column":25},"end":{"line":23,"column":44}},"2":{"start":{"line":32,"column":15},"end":{"line":62,"column":2}}},"fnMap":{"0":{"name":"ResetPasswordScreen","decl":{"start":{"line":15,"column":24},"end":{"line":15,"column":43}},"loc":{"start":{"line":15,"column":67},"end":{"line":30,"column":1}},"line":15},"1":{"name":"(anonymous_1)","decl":{"start":{"line":23,"column":19},"end":{"line":23,"column":20}},"loc":{"start":{"line":23,"column":25},"end":{"line":23,"column":44}},"line":23}},"branchMap":{},"s":{"0":0,"1":0,"2":0},"f":{"0":0,"1":0},"b":{}}
,"/Users/emmanuelrassou/Desktop/Academics - Harvard/Side_projects/sellryte/projectslge/apps/mobile/src/screens/ResetSentScreen.tsx": {"path":"/Users/emmanuelrassou/Desktop/Academics - Harvard/Side_projects/sellryte/projectslge/apps/mobile/src/screens/ResetSentScreen.tsx","statementMap":{"0":{"start":{"line":16,"column":2},"end":{"line":28,"column":4}},"1":{"start":{"line":22,"column":25},"end":{"line":22,"column":44}},"2":{"start":{"line":31,"column":15},"end":{"line":56,"column":2}}},"fnMap":{"0":{"name":"ResetSentScreen","decl":{"start":{"line":15,"column":24},"end":{"line":15,"column":39}},"loc":{"start":{"line":15,"column":63},"end":{"line":29,"column":1}},"line":15},"1":{"name":"(anonymous_1)","decl":{"start":{"line":22,"column":19},"end":{"line":22,"column":20}},"loc":{"start":{"line":22,"column":25},"end":{"line":22,"column":44}},"line":22}},"branchMap":{},"s":{"0":0,"1":0,"2":0},"f":{"0":0,"1":0},"b":{}}
,"/Users/emmanuelrassou/Desktop/Academics - Harvard/Side_projects/sellryte/projectslge/apps/mobile/src/screens/ShippingScreen.tsx": {"path":"/Users/emmanuelrassou/Desktop/Academics - Harvard/Side_projects/sellryte/projectslge/apps/mobile/src/screens/ShippingScreen.tsx","statementMap":{"0":{"start":{"line":16,"column":2},"end":{"line":28,"column":4}},"1":{"start":{"line":22,"column":25},"end":{"line":22,"column":44}},"2":{"start":{"line":31,"column":15},"end":{"line":56,"column":2}}},"fnMap":{"0":{"name":"ShippingScreen","decl":{"start":{"line":15,"column":24},"end":{"line":15,"column":38}},"loc":{"start":{"line":15,"column":62},"end":{"line":29,"column":1}},"line":15},"1":{"name":"(anonymous_1)","decl":{"start":{"line":22,"column":19},"end":{"line":22,"column":20}},"loc":{"start":{"line":22,"column":25},"end":{"line":22,"column":44}},"line":22}},"branchMap":{},"s":{"0":0,"1":0,"2":0},"f":{"0":0,"1":0},"b":{}}
,"/Users/emmanuelrassou/Desktop/Academics - Harvard/Side_projects/sellryte/projectslge/apps/mobile/src/screens/SignupScreen.tsx": {"path":"/Users/emmanuelrassou/Desktop/Academics - Harvard/Side_projects/sellryte/projectslge/apps/mobile/src/screens/SignupScreen.tsx","statementMap":{"0":{"start":{"line":16,"column":2},"end":{"line":28,"column":4}},"1":{"start":{"line":22,"column":25},"end":{"line":22,"column":44}},"2":{"start":{"line":31,"column":15},"end":{"line":56,"column":2}}},"fnMap":{"0":{"name":"SignupScreen","decl":{"start":{"line":15,"column":24},"end":{"line":15,"column":36}},"loc":{"start":{"line":15,"column":60},"end":{"line":29,"column":1}},"line":15},"1":{"name":"(anonymous_1)","decl":{"start":{"line":22,"column":19},"end":{"line":22,"column":20}},"loc":{"start":{"line":22,"column":25},"end":{"line":22,"column":44}},"line":22}},"branchMap":{},"s":{"0":0,"1":0,"2":0},"f":{"0":0,"1":0},"b":{}}
,"/Users/emmanuelrassou/Desktop/Academics - Harvard/Side_projects/sellryte/projectslge/apps/mobile/src/screens/StubScreen.tsx": {"path":"/Users/emmanuelrassou/Desktop/Academics - Harvard/Side_projects/sellryte/projectslge/apps/mobile/src/screens/StubScreen.tsx","statementMap":{"0":{"start":{"line":12,"column":2},"end":{"line":33,"column":4}},"1":{"start":{"line":36,"column":15},"end":{"line":58,"column":2}}},"fnMap":{"0":{"name":"StubScreen","decl":{"start":{"line":11,"column":24},"end":{"line":11,"column":34}},"loc":{"start":{"line":11,"column":73},"end":{"line":34,"column":1}},"line":11}},"branchMap":{"0":{"loc":{"start":{"line":18,"column":9},"end":{"line":27,"column":9}},"type":"binary-expr","locations":[{"start":{"line":18,"column":9},"end":{"line":18,"column":17}},{"start":{"line":19,"column":10},"end":{"line":26,"column":17}}],"line":18}},"s":{"0":0,"1":0},"f":{"0":0},"b":{"0":[0,0]}}
,"/Users/emmanuelrassou/Desktop/Academics - Harvard/Side_projects/sellryte/projectslge/apps/mobile/src/screens/SwipeBuyScreen.tsx": {"path":"/Users/emmanuelrassou/Desktop/Academics - Harvard/Side_projects/sellryte/projectslge/apps/mobile/src/screens/SwipeBuyScreen.tsx","statementMap":{"0":{"start":{"line":16,"column":2},"end":{"line":28,"column":4}},"1":{"start":{"line":22,"column":25},"end":{"line":22,"column":44}},"2":{"start":{"line":31,"column":15},"end":{"line":56,"column":2}}},"fnMap":{"0":{"name":"SwipeBuyScreen","decl":{"start":{"line":15,"column":24},"end":{"line":15,"column":38}},"loc":{"start":{"line":15,"column":62},"end":{"line":29,"column":1}},"line":15},"1":{"name":"(anonymous_1)","decl":{"start":{"line":22,"column":19},"end":{"line":22,"column":20}},"loc":{"start":{"line":22,"column":25},"end":{"line":22,"column":44}},"line":22}},"branchMap":{},"s":{"0":0,"1":0,"2":0},"f":{"0":0,"1":0},"b":{}}
,"/Users/emmanuelrassou/Desktop/Academics - Harvard/Side_projects/sellryte/projectslge/apps/mobile/src/screens/SwipeScreen.tsx": {"path":"/Users/emmanuelrassou/Desktop/Academics - Harvard/Side_projects/sellryte/projectslge/apps/mobile/src/screens/SwipeScreen.tsx","statementMap":{"0":{"start":{"line":10,"column":2},"end":{"line":23,"column":4}},"1":{"start":{"line":17,"column":25},"end":{"line":17,"column":82}},"2":{"start":{"line":26,"column":15},"end":{"line":58,"column":2}}},"fnMap":{"0":{"name":"SwipeScreen","decl":{"start":{"line":9,"column":24},"end":{"line":9,"column":35}},"loc":{"start":{"line":9,"column":59},"end":{"line":24,"column":1}},"line":9},"1":{"name":"(anonymous_1)","decl":{"start":{"line":17,"column":19},"end":{"line":17,"column":20}},"loc":{"start":{"line":17,"column":25},"end":{"line":17,"column":82}},"line":17}},"branchMap":{},"s":{"0":0,"1":0,"2":0},"f":{"0":0,"1":0},"b":{}}
,"/Users/emmanuelrassou/Desktop/Academics - Harvard/Side_projects/sellryte/projectslge/apps/mobile/src/screens/SwipeSellScreen.tsx": {"path":"/Users/emmanuelrassou/Desktop/Academics - Harvard/Side_projects/sellryte/projectslge/apps/mobile/src/screens/SwipeSellScreen.tsx","statementMap":{"0":{"start":{"line":16,"column":2},"end":{"line":28,"column":4}},"1":{"start":{"line":22,"column":25},"end":{"line":22,"column":44}},"2":{"start":{"line":31,"column":15},"end":{"line":56,"column":2}}},"fnMap":{"0":{"name":"SwipeSellScreen","decl":{"start":{"line":15,"column":24},"end":{"line":15,"column":39}},"loc":{"start":{"line":15,"column":63},"end":{"line":29,"column":1}},"line":15},"1":{"name":"(anonymous_1)","decl":{"start":{"line":22,"column":19},"end":{"line":22,"column":20}},"loc":{"start":{"line":22,"column":25},"end":{"line":22,"column":44}},"line":22}},"branchMap":{},"s":{"0":0,"1":0,"2":0},"f":{"0":0,"1":0},"b":{}}
,"/Users/emmanuelrassou/Desktop/Academics - Harvard/Side_projects/sellryte/projectslge/apps/mobile/src/screens/TestScreen.tsx": {"path":"/Users/emmanuelrassou/Desktop/Academics - Harvard/Side_projects/sellryte/projectslge/apps/mobile/src/screens/TestScreen.tsx","statementMap":{"0":{"start":{"line":5,"column":2},"end":{"line":9,"column":4}},"1":{"start":{"line":12,"column":15},"end":{"line":23,"column":2}}},"fnMap":{"0":{"name":"TestScreen","decl":{"start":{"line":4,"column":24},"end":{"line":4,"column":34}},"loc":{"start":{"line":4,"column":37},"end":{"line":10,"column":1}},"line":4}},"branchMap":{},"s":{"0":0,"1":0},"f":{"0":0},"b":{}}
,"/Users/emmanuelrassou/Desktop/Academics - Harvard/Side_projects/sellryte/projectslge/apps/mobile/src/screens/UploadClarifyScreen.tsx": {"path":"/Users/emmanuelrassou/Desktop/Academics - Harvard/Side_projects/sellryte/projectslge/apps/mobile/src/screens/UploadClarifyScreen.tsx","statementMap":{"0":{"start":{"line":16,"column":2},"end":{"line":28,"column":4}},"1":{"start":{"line":22,"column":25},"end":{"line":22,"column":44}},"2":{"start":{"line":31,"column":15},"end":{"line":56,"column":2}}},"fnMap":{"0":{"name":"UploadClarifyScreen","decl":{"start":{"line":15,"column":24},"end":{"line":15,"column":43}},"loc":{"start":{"line":15,"column":67},"end":{"line":29,"column":1}},"line":15},"1":{"name":"(anonymous_1)","decl":{"start":{"line":22,"column":19},"end":{"line":22,"column":20}},"loc":{"start":{"line":22,"column":25},"end":{"line":22,"column":44}},"line":22}},"branchMap":{},"s":{"0":0,"1":0,"2":0},"f":{"0":0,"1":0},"b":{}}
,"/Users/emmanuelrassou/Desktop/Academics - Harvard/Side_projects/sellryte/projectslge/apps/mobile/src/screens/UploadScreen.tsx": {"path":"/Users/emmanuelrassou/Desktop/Academics - Harvard/Side_projects/sellryte/projectslge/apps/mobile/src/screens/UploadScreen.tsx","statementMap":{"0":{"start":{"line":16,"column":2},"end":{"line":29,"column":4}},"1":{"start":{"line":23,"column":25},"end":{"line":23,"column":61}},"2":{"start":{"line":32,"column":15},"end":{"line":64,"column":2}}},"fnMap":{"0":{"name":"UploadScreen","decl":{"start":{"line":15,"column":24},"end":{"line":15,"column":36}},"loc":{"start":{"line":15,"column":60},"end":{"line":30,"column":1}},"line":15},"1":{"name":"(anonymous_1)","decl":{"start":{"line":23,"column":19},"end":{"line":23,"column":20}},"loc":{"start":{"line":23,"column":25},"end":{"line":23,"column":61}},"line":23}},"branchMap":{},"s":{"0":0,"1":0,"2":0},"f":{"0":0,"1":0},"b":{}}
,"/Users/emmanuelrassou/Desktop/Academics - Harvard/Side_projects/sellryte/projectslge/apps/mobile/src/screens/WelcomeScreen.tsx": {"path":"/Users/emmanuelrassou/Desktop/Academics - Harvard/Side_projects/sellryte/projectslge/apps/mobile/src/screens/WelcomeScreen.tsx","statementMap":{"0":{"start":{"line":16,"column":2},"end":{"line":56,"column":4}},"1":{"start":{"line":36,"column":27},"end":{"line":36,"column":58}},"2":{"start":{"line":46,"column":27},"end":{"line":46,"column":58}},"3":{"start":{"line":59,"column":15},"end":{"line":121,"column":2}}},"fnMap":{"0":{"name":"WelcomeScreen","decl":{"start":{"line":15,"column":24},"end":{"line":15,"column":37}},"loc":{"start":{"line":15,"column":61},"end":{"line":57,"column":1}},"line":15},"1":{"name":"(anonymous_1)","decl":{"start":{"line":36,"column":21},"end":{"line":36,"column":22}},"loc":{"start":{"line":36,"column":27},"end":{"line":36,"column":58}},"line":36},"2":{"name":"(anonymous_2)","decl":{"start":{"line":46,"column":21},"end":{"line":46,"column":22}},"loc":{"start":{"line":46,"column":27},"end":{"line":46,"column":58}},"line":46}},"branchMap":{},"s":{"0":0,"1":0,"2":0,"3":0},"f":{"0":0,"1":0,"2":0},"b":{}}
,"/Users/emmanuelrassou/Desktop/Academics - Harvard/Side_projects/sellryte/projectslge/apps/mobile/src/screens/auth/Auth.tsx": {"path":"/Users/emmanuelrassou/Desktop/Academics - Harvard/Side_projects/sellryte/projectslge/apps/mobile/src/screens/auth/Auth.tsx","statementMap":{"0":{"start":{"line":12,"column":22},"end":{"line":12,"column":61}},"1":{"start":{"line":13,"column":26},"end":{"line":13,"column":67}},"2":{"start":{"line":14,"column":16},"end":{"line":14,"column":52}},"3":{"start":{"line":14,"column":40},"end":{"line":14,"column":51}},"4":{"start":{"line":15,"column":17},"end":{"line":15,"column":54}},"5":{"start":{"line":15,"column":41},"end":{"line":15,"column":53}},"6":{"start":{"line":17,"column":2},"end":{"line":21,"column":36}},"7":{"start":{"line":18,"column":4},"end":{"line":20,"column":5}},"8":{"start":{"line":19,"column":6},"end":{"line":19,"column":42}},"9":{"start":{"line":23,"column":18},"end":{"line":23,"column":34}},"10":{"start":{"line":25,"column":23},"end":{"line":31,"column":3}},"11":{"start":{"line":26,"column":4},"end":{"line":30,"column":5}},"12":{"start":{"line":27,"column":6},"end":{"line":27,"column":14}},"13":{"start":{"line":29,"column":6},"end":{"line":29,"column":15}},"14":{"start":{"line":33,"column":2},"end":{"line":144,"column":4}},"15":{"start":{"line":37,"column":36},"end":{"line":37,"column":55}},"16":{"start":{"line":75,"column":36},"end":{"line":75,"column":73}},"17":{"start":{"line":123,"column":31},"end":{"line":123,"column":85}},"18":{"start":{"line":135,"column":31},"end":{"line":135,"column":84}},"19":{"start":{"line":147,"column":15},"end":{"line":234,"column":2}}},"fnMap":{"0":{"name":"AuthScreen","decl":{"start":{"line":11,"column":24},"end":{"line":11,"column":34}},"loc":{"start":{"line":11,"column":65},"end":{"line":145,"column":1}},"line":11},"1":{"name":"(anonymous_1)","decl":{"start":{"line":14,"column":29},"end":{"line":14,"column":30}},"loc":{"start":{"line":14,"column":40},"end":{"line":14,"column":51}},"line":14},"2":{"name":"(anonymous_2)","decl":{"start":{"line":15,"column":30},"end":{"line":15,"column":31}},"loc":{"start":{"line":15,"column":41},"end":{"line":15,"column":53}},"line":15},"3":{"name":"(anonymous_3)","decl":{"start":{"line":17,"column":12},"end":{"line":17,"column":13}},"loc":{"start":{"line":17,"column":18},"end":{"line":21,"column":3}},"line":17},"4":{"name":"(anonymous_4)","decl":{"start":{"line":25,"column":23},"end":{"line":25,"column":24}},"loc":{"start":{"line":25,"column":29},"end":{"line":31,"column":3}},"line":25},"5":{"name":"(anonymous_5)","decl":{"start":{"line":37,"column":30},"end":{"line":37,"column":31}},"loc":{"start":{"line":37,"column":36},"end":{"line":37,"column":55}},"line":37},"6":{"name":"(anonymous_6)","decl":{"start":{"line":75,"column":30},"end":{"line":75,"column":31}},"loc":{"start":{"line":75,"column":36},"end":{"line":75,"column":73}},"line":75},"7":{"name":"(anonymous_7)","decl":{"start":{"line":123,"column":25},"end":{"line":123,"column":26}},"loc":{"start":{"line":123,"column":31},"end":{"line":123,"column":85}},"line":123},"8":{"name":"(anonymous_8)","decl":{"start":{"line":135,"column":25},"end":{"line":135,"column":26}},"loc":{"start":{"line":135,"column":31},"end":{"line":135,"column":84}},"line":135}},"branchMap":{"0":{"loc":{"start":{"line":12,"column":22},"end":{"line":12,"column":61}},"type":"binary-expr","locations":[{"start":{"line":12,"column":22},"end":{"line":12,"column":49}},{"start":{"line":12,"column":53},"end":{"line":12,"column":61}}],"line":12},"1":{"loc":{"start":{"line":18,"column":4},"end":{"line":20,"column":5}},"type":"if","locations":[{"start":{"line":18,"column":4},"end":{"line":20,"column":5}},{"start":{},"end":{}}],"line":18},"2":{"loc":{"start":{"line":26,"column":4},"end":{"line":30,"column":5}},"type":"if","locations":[{"start":{"line":26,"column":4},"end":{"line":30,"column":5}},{"start":{"line":28,"column":11},"end":{"line":30,"column":5}}],"line":26},"3":{"loc":{"start":{"line":41,"column":13},"end":{"line":41,"column":56}},"type":"cond-expr","locations":[{"start":{"line":41,"column":23},"end":{"line":41,"column":37}},{"start":{"line":41,"column":40},"end":{"line":41,"column":56}}],"line":41},"4":{"loc":{"start":{"line":46,"column":11},"end":{"line":48,"column":92}},"type":"cond-expr","locations":[{"start":{"line":47,"column":14},"end":{"line":47,"column":67}},{"start":{"line":48,"column":14},"end":{"line":48,"column":92}}],"line
[...]
ine":299,"column":58}},"40":{"start":{"line":300,"column":4},"end":{"line":307,"column":5}},"41":{"start":{"line":301,"column":6},"end":{"line":304,"column":9}},"42":{"start":{"line":302,"column":39},"end":{"line":302,"column":71}},"43":{"start":{"line":306,"column":6},"end":{"line":306,"column":78}},"44":{"start":{"line":308,"column":4},"end":{"line":308,"column":22}},"45":{"start":{"line":312,"column":4},"end":{"line":312,"column":19}},"46":{"start":{"line":316,"column":4},"end":{"line":316,"column":25}}},"fnMap":{"0":{"name":"(anonymous_0)","decl":{"start":{"line":50,"column":48},"end":{"line":50,"column":49}},"loc":{"start":{"line":50,"column":63},"end":{"line":318,"column":1}},"line":50},"1":{"name":"(anonymous_1)","decl":{"start":{"line":56,"column":17},"end":{"line":56,"column":18}},"loc":{"start":{"line":56,"column":23},"end":{"line":74,"column":3}},"line":56},"2":{"name":"(anonymous_2)","decl":{"start":{"line":76,"column":20},"end":{"line":76,"column":21}},"loc":{"start":{"line":76,"column":26},"end":{"line":195,"column":3}},"line":76},"3":{"name":"(anonymous_3)","decl":{"start":{"line":197,"column":21},"end":{"line":197,"column":22}},"loc":{"start":{"line":197,"column":38},"end":{"line":204,"column":3}},"line":197},"4":{"name":"(anonymous_4)","decl":{"start":{"line":206,"column":15},"end":{"line":206,"column":16}},"loc":{"start":{"line":206,"column":49},"end":{"line":216,"column":3}},"line":206},"5":{"name":"(anonymous_5)","decl":{"start":{"line":218,"column":15},"end":{"line":218,"column":16}},"loc":{"start":{"line":218,"column":64},"end":{"line":270,"column":3}},"line":218},"6":{"name":"(anonymous_6)","decl":{"start":{"line":272,"column":14},"end":{"line":272,"column":15}},"loc":{"start":{"line":272,"column":20},"end":{"line":274,"column":3}},"line":272},"7":{"name":"(anonymous_7)","decl":{"start":{"line":276,"column":18},"end":{"line":276,"column":19}},"loc":{"start":{"line":276,"column":55},"end":{"line":279,"column":3}},"line":276},"8":{"name":"(anonymous_8)","decl":{"start":{"line":278,"column":25},"end":{"line":278,"column":26}},"loc":{"start":{"line":278,"column":38},"end":{"line":278,"column":55}},"line":278},"9":{"name":"(anonymous_9)","decl":{"start":{"line":281,"column":17},"end":{"line":281,"column":18}},"loc":{"start":{"line":281,"column":87},"end":{"line":309,"column":3}},"line":281},"10":{"name":"(anonymous_10)","decl":{"start":{"line":283,"column":34},"end":{"line":283,"column":35}},"loc":{"start":{"line":283,"column":41},"end":{"line":283,"column":52}},"line":283},"11":{"name":"(anonymous_11)","decl":{"start":{"line":302,"column":31},"end":{"line":302,"column":32}},"loc":{"start":{"line":302,"column":39},"end":{"line":302,"column":71}},"line":302},"12":{"name":"(anonymous_12)","decl":{"start":{"line":311,"column":12},"end":{"line":311,"column":13}},"loc":{"start":{"line":311,"column":38},"end":{"line":313,"column":3}},"line":311},"13":{"name":"(anonymous_13)","decl":{"start":{"line":315,"column":14},"end":{"line":315,"column":15}},"loc":{"start":{"line":315,"column":20},"end":{"line":317,"column":3}},"line":315}},"branchMap":{"0":{"loc":{"start":{"line":58,"column":4},"end":{"line":73,"column":5}},"type":"if","locations":[{"start":{"line":58,"column":4},"end":{"line":73,"column":5}},{"start":{},"end":{}}],"line":58},"1":{"loc":{"start":{"line":78,"column":4},"end":{"line":194,"column":5}},"type":"if","locations":[{"start":{"line":78,"column":4},"end":{"line":194,"column":5}},{"start":{},"end":{}}],"line":78},"2":{"loc":{"start":{"line":208,"column":4},"end":{"line":215,"column":5}},"type":"if","locations":[{"start":{"line":208,"column":4},"end":{"line":215,"column":5}},{"start":{},"end":{}}],"line":208},"3":{"loc":{"start":{"line":211,"column":6},"end":{"line":213,"column":7}},"type":"if","locations":[{"start":{"line":211,"column":6},"end":{"line":213,"column":7}},{"start":{},"end":{}}],"line":211},"4":{"loc":{"start":{"line":211,"column":10},"end":{"line":211,"column":77}},"type":"binary-expr","locations":[{"start":{"line":211,"column":10},"end":{"line":211,"column":24}},{"start":{"line":211,"column":28},"end":{"line":211,"column":77}}],"line":211},"5":{"loc":{"start":{"line":212,"column":38},"end":{"line":212,"column":59}},"type":"binary-expr","locations":[{"start":{"line":212,"column":38},"end":{"line":212,"column":53}},{"start":{"line":212,"column":57},"end":{"line":212,"column":59}}],"line":212},"6":{"loc":{"start":{"line":220,"column":4},"end":{"line":227,"column":5}},"type":"if","locations":[{"start":{"line":220,"column":4},"end":{"line":227,"column":5}},{"start":{},"end":{}}],"line":220},"7":{"loc":{"start":{"line":229,"column":4},"end":{"line":236,"column":5}},"type":"if","locations":[{"start":{"line":229,"column":4},"end":{"line":236,"column":5}},{"start":{},"end":{}}],"line":229},"8":{"loc":{"start":{"line":229,"column":8},"end":{"line":229,"column":39}},"type":"binary-expr","locations":[{"start":{"line":229,"column":8},"end":{"line":229,"column":20}},{"start":{"line":229,"column":24},"end":{"line":229,"column":39}}],"line":229},"9":{"loc":{"start":{"line":245,"column":21},"end":{"line":245,"column":59}},"type":"binary-expr","locations":[{"start":{"line":245,"column":21},"end":{"line":245,"column":38}},{"start":{"line":245,"column":42},"end":{"line":245,"column":53}},{"start":{"line":245,"column":57},"end":{"line":245,"column":59}}],"line":245},"10":{"loc":{"start":{"line":248,"column":19},"end":{"line":248,"column":78}},"type":"binary-expr","locations":[{"start":{"line":248,"column":19},"end":{"line":248,"column":34}},{"start":{"line":248,"column":39},"end":{"line":248,"column":77}}],"line":248},"11":{"loc":{"start":{"line":248,"column":39},"end":{"line":248,"column":77}},"type":"cond-expr","locations":[{"start":{"line":248,"column":56},"end":{"line":248,"column":72}},{"start":{"line":248,"column":75},"end":{"line":248,"column":77}}],"line":248},"12":{"loc":{"start":{"line":249,"column":16},"end":{"line":249,"column":39}},"type":"binary-expr","locations":[{"start":{"line":249,"column":16},"end":{"line":249,"column":28}},{"start":{"line":249,"column":32},"end":{"line":249,"column":39}}],"line":249},"13":{"loc":{"start":{"line":260,"column":4},"end":{"line":268,"column":5}},"type":"if","locations":[{"start":{"line":260,"column":4},"end":{"line":268,"column":5}},{"start":{"line":266,"column":11},"end":{"line":268,"column":5}}],"line":260},"14":{"loc":{"start":{"line":267,"column":19},"end":{"line":267,"column":74}},"type":"binary-expr","locations":[{"start":{"line":267,"column":19},"end":{"line":267,"column":51}},{"start":{"line":267,"column":55},"end":{"line":267,"column":74}}],"line":267},"15":{"loc":{"start":{"line":284,"column":4},"end":{"line":291,"column":5}},"type":"if","locations":[{"start":{"line":284,"column":4},"end":{"line":291,"column":5}},{"start":{},"end":{}}],"line":284},"16":{"loc":{"start":{"line":300,"column":4},"end":{"line":307,"column":5}},"type":"if","locations":[{"start":{"line":300,"column":4},"end":{"line":307,"column":5}},{"start":{"line":305,"column":11},"end":{"line":307,"column":5}}],"line":300},"17":{"loc":{"start":{"line":302,"column":39},"end":{"line":302,"column":71}},"type":"cond-expr","locations":[{"start":{"line":302,"column":53},"end":{"line":302,"column":67}},{"start":{"line":302,"column":70},"end":{"line":302,"column":71}}],"line":302},"18":{"loc":{"start":{"line":306,"column":19},"end":{"line":306,"column":74}},"type":"binary-expr","locations":[{"start":{"line":306,"column":19},"end":{"line":306,"column":51}},{"start":{"line":306,"column":55},"end":{"line":306,"column":74}}],"line":306}},"s":{"0":1,"1":1,"2":0,"3":0,"4":0,"5":0,"6":0,"7":0,"8":0,"9":0,"10":0,"11":0,"12":0,"13":0,"14":0,"15":0,"16":0,"17":0,"18":0,"19":0,"20":0,"21":0,"22":0,"23":0,"24":0,"25":0,"26":0,"27":0,"28":0,"29":0,"30":0,"31":0,"32":0,"33":0,"34":0,"35":0,"36":0,"37":0,"38":0,"39":0,"40":0,"41":0,"42":0,"43":0,"44":0,"45":0,"46":0},"f":{"0":1,"1":0,"2":0,"3":0,"4":0,"5":0,"6":0,"7":0,"8":0,"9":0,"10":0,"11":0,"12":0,"13":0},"b":{"0":[0,0],"1":[0,0],"2":[0,0],"3":[0,0],"4":[0,0],"5":[0,0],"6":[0,0],"7":[0,0],"8":[0,0],"9":[0,0,0],"10":[0,0],"11":[0,0],"12":[0,0],"13":[0,0],"14":[0,0],"15":[0,0],"16":[0,0],"17":[0,0],"18":[0,0]},"_coverageSchema":"1a1c01bbd47fc00a2c39e90264f33305004495a9","hash":"503b2d8255e2c33d6c024c1ee8a1f06ffbfd50fa"}
,"/Users/emmanuelrassou/Desktop/Academics - Harvard/Side_projects/sellryte/projectslge/apps/mobile/src/theme/tokens.ts": {"path":"/Users/emmanuelrassou/Desktop/Academics - Harvard/Side_projects/sellryte/projectslge/apps/mobile/src/theme/tokens.ts","statementMap":{"0":{"start":{"line":2,"column":22},"end":{"line":11,"column":1}},"1":{"start":{"line":13,"column":21},"end":{"line":17,"column":1}}},"fnMap":{},"branchMap":{},"s":{"0":0,"1":0},"f":{},"b":{}}
,"/Users/emmanuelrassou/Desktop/Academics - Harvard/Side_projects/sellryte/projectslge/apps/mobile/src/ui/tokens.ts": {"path":"/Users/emmanuelrassou/Desktop/Academics - Harvard/Side_projects/sellryte/projectslge/apps/mobile/src/ui/tokens.ts","statementMap":{"0":{"start":{"line":3,"column":22},"end":{"line":23,"column":1}},"1":{"start":{"line":25,"column":23},"end":{"line":34,"column":1}},"2":{"start":{"line":36,"column":22},"end":{"line":42,"column":1}},"3":{"start":{"line":44,"column":26},"end":{"line":73,"column":1}},"4":{"start":{"line":75,"column":23},"end":{"line":90,"column":1}}},"fnMap":{},"branchMap":{},"s":{"0":1,"1":1,"2":1,"3":1,"4":1},"f":{},"b":{},"_coverageSchema":"1a1c01bbd47fc00a2c39e90264f33305004495a9","hash":"ab7f4119ca1c67a805f2c84625959fdb0acd4dd7"}
,"/Users/emmanuelrassou/Desktop/Academics - Harvard/Side_projects/sellryte/projectslge/apps/mobile/src/ui/components/Badge.tsx": {"path":"/Users/emmanuelrassou/Desktop/Academics - Harvard/Side_projects/sellryte/projectslge/apps/mobile/src/ui/components/Badge.tsx","statementMap":{"0":{"start":{"line":14,"column":22},"end":{"line":51,"column":1}},"1":{"start":{"line":54,"column":23},"end":{"line":54,"column":45}},"2":{"start":{"line":56,"column":2},"end":{"line":72,"column":4}},"3":{"start":{"line":75,"column":15},"end":{"line":83,"column":2}}},"fnMap":{"0":{"name":"Badge","decl":{"start":{"line":53,"column":16},"end":{"line":53,"column":21}},"loc":{"start":{"line":53,"column":76},"end":{"line":73,"column":1}},"line":53}},"branchMap":{"0":{"loc":{"start":{"line":53,"column":24},"end":{"line":53,"column":43}},"type":"default-arg","locations":[{"start":{"line":53,"column":34},"end":{"line":53,"column":43}}],"line":53}},"s":{"0":1,"1":10,"2":10,"3":1},"f":{"0":10},"b":{"0":[0]},"_coverageSchema":"1a1c01bbd47fc00a2c39e90264f33305004495a9","hash":"d6cd43b130fbd5bffb04a12dc8ed3b6d92d8626f"}
,"/Users/emmanuelrassou/Desktop/Academics - Harvard/Side_projects/sellryte/projectslge/apps/mobile/src/ui/components/Button.tsx": {"path":"/Users/emmanuelrassou/Desktop/Academics - Harvard/Side_projects/sellryte/projectslge/apps/mobile/src/ui/components/Button.tsx","statementMap":{"0":{"start":{"line":32,"column":20},"end":{"line":32,"column":41}},"1":{"start":{"line":33,"column":18},"end":{"line":33,"column":31}},"2":{"start":{"line":35,"column":2},"end":{"line":60,"column":4}},"3":{"start":{"line":37,"column":30},"end":{"line":44,"column":7}},"4":{"start":{"line":63,"column":15},"end":{"line":93,"column":2}}},"fnMap":{"0":{"name":"Button","decl":{"start":{"line":23,"column":16},"end":{"line":23,"column":22}},"loc":{"start":{"line":31,"column":16},"end":{"line":61,"column":1}},"line":31},"1":{"name":"(anonymous_1)","decl":{"start":{"line":37,"column":13},"end":{"line":37,"column":14}},"loc":{"start":{"line":37,"column":30},"end":{"line":44,"column":7}},"line":37}},"branchMap":{"0":{"loc":{"start":{"line":24,"column":2},"end":{"line":24,"column":21}},"type":"default-arg","locations":[{"start":{"line":24,"column":12},"end":{"line":24,"column":21}}],"line":24},"1":{"loc":{"start":{"line":25,"column":2},"end":{"line":25,"column":13}},"type":"default-arg","locations":[{"start":{"line":25,"column":9},"end":{"line":25,"column":13}}],"line":25},"2":{"loc":{"start":{"line":27,"column":2},"end":{"line":27,"column":17}},"type":"default-arg","locations":[{"start":{"line":27,"column":12},"end":{"line":27,"column":17}}],"line":27},"3":{"loc":{"start":{"line":39,"column":8},"end":{"line":39,"column":53}},"type":"cond-expr","locations":[{"start":{"line":39,"column":20},"end":{"line":39,"column":34}},{"start":{"line":39,"column":37},"end":{"line":39,"column":53}}],"line":39},"4":{"loc":{"start":{"line":40,"column":8},"end":{"line":40,"column":39}},"type":"cond-expr","locations":[{"start":{"line":40,"column":18},"end":{"line":40,"column":27}},{"start":{"line":40,"column":30},"end":{"line":40,"column":39}}],"line":40},"5":{"loc":{"start":{"line":41,"column":8},"end":{"line":41,"column":48}},"type":"binary-expr","locations":[{"start":{"line":41,"column":9},"end":{"line":41,"column":17}},{"start":{"line":41,"column":21},"end":{"line":41,"column":28}},{"start":{"line":41,"column":33},"end":{"line":41,"column":48}}],"line":41},"6":{"loc":{"start":{"line":42,"column":8},"end":{"line":42,"column":33}},"type":"binary-expr","locations":[{"start":{"line":42,"column":8},"end":{"line":42,"column":15}},{"start":{"line":42,"column":19},"end":{"line":42,"column":33}}],"line":42},"7":{"loc":{"start":{"line":45,"column":16},"end":{"line":45,"column":35}},"type":"binary-expr","locations":[{"start":{"line":45,"column":16},"end":{"line":45,"column":24}},{"start":{"line":45,"column":28},"end":{"line":45,"column":35}}],"line":45},"8":{"loc":{"start":{"line":48,"column":7},"end":{"line":58,"column":7}},"type":"cond-expr","locations":[{"start":{"line":49,"column":8},"end":{"line":49,"column":80}},{"start":{"line":51,"column":8},"end":{"line":57,"column":15}}],"line":48},"9":{"loc":{"start":{"line":49,"column":34},"end":{"line":49,"column":76}},"type":"cond-expr","locations":[{"start":{"line":49,"column":46},"end":{"line":49,"column":55}},{"start":{"line":49,"column":58},"end":{"line":49,"column":76}}],"line":49},"10":{"loc":{"start":{"line":53,"column":16},"end":{"line":53,"column":37}},"type":"cond-expr","locations":[{"start":{"line":53,"column":26},"end":{"line":53,"column":30}},{"start":{"line":53,"column":33},"end":{"line":53,"column":37}}],"line":53},"11":{"loc":{"start":{"line":54,"column":17},"end":{"line":54,"column":48}},"type":"cond-expr","locations":[{"start":{"line":54,"column":29},"end":{"line":54,"column":36}},{"start":{"line":54,"column":39},"end":{"line":54,"column":48}}],"line":54}},"s":{"0":2,"1":2,"2":2,"3":2,"4":1},"f":{"0":2,"1":2},"b":{"0":[0],"1":[2],"2":[2],"3":[0,2],"4":[0,2],"5":[2,2,0],"6":[2,0],"7":[2,2],"8":[0,2],"9":[0,0],"10":[0,2],"11":[0,2]},"_coverageSchema":"1a1c01bbd47fc00a2c39e90264f33305004495a9","hash":"d5c70b76f3d8827b0a985728d50a5e5e65ba9a2f"}
,"/Users/emmanuelrassou/Desktop/Academics - Harvard/Side_projects/sellryte/projectslge/apps/mobile/src/ui/components/Card.tsx": {"path":"/Users/emmanuelrassou/Desktop/Academics - Harvard/Side_projects/sellryte/projectslge/apps/mobile/src/ui/components/Card.tsx","statementMap":{"0":{"start":{"line":12,"column":2},"end":{"line":21,"column":3}},"1":{"start":{"line":13,"column":4},"end":{"line":20,"column":6}},"2":{"start":{"line":15,"column":32},"end":{"line":15,"column":79}},"3":{"start":{"line":23,"column":2},"end":{"line":23,"column":62}},"4":{"start":{"line":26,"column":15},"end":{"line":39,"column":2}}},"fnMap":{"0":{"name":"Card","decl":{"start":{"line":11,"column":16},"end":{"line":11,"column":20}},"loc":{"start":{"line":11,"column":82},"end":{"line":24,"column":1}},"line":11},"1":{"name":"(anonymous_1)","decl":{"start":{"line":15,"column":15},"end":{"line":15,"column":16}},"loc":{"start":{"line":15,"column":32},"end":{"line":15,"column":79}},"line":15}},"branchMap":{"0":{"loc":{"start":{"line":11,"column":33},"end":{"line":11,"column":50}},"type":"default-arg","locations":[{"start":{"line":11,"column":45},"end":{"line":11,"column":50}}],"line":11},"1":{"loc":{"start":{"line":12,"column":2},"end":{"line":21,"column":3}},"type":"if","locations":[{"start":{"line":12,"column":2},"end":{"line":21,"column":3}},{"start":{},"end":{}}],"line":12},"2":{"loc":{"start":{"line":15,"column":46},"end":{"line":15,"column":71}},"type":"binary-expr","locations":[{"start":{"line":15,"column":46},"end":{"line":15,"column":53}},{"start":{"line":15,"column":57},"end":{"line":15,"column":71}}],"line":15}},"s":{"0":19,"1":0,"2":0,"3":19,"4":1},"f":{"0":19,"1":0},"b":{"0":[19],"1":[0,19],"2":[0,0]},"_coverageSchema":"1a1c01bbd47fc00a2c39e90264f33305004495a9","hash":"d3cfc04ca52311f49368d0c06ea449cfebe87df2"}
,"/Users/emmanuelrassou/Desktop/Academics - Harvard/Side_projects/sellryte/projectslge/apps/mobile/src/ui/components/Input.tsx": {"path":"/Users/emmanuelrassou/Desktop/Academics - Harvard/Side_projects/sellryte/projectslge/apps/mobile/src/ui/components/Input.tsx","statementMap":{"0":{"start":{"line":12,"column":2},"end":{"line":30,"column":4}},"1":{"start":{"line":33,"column":15},"end":{"line":58,"column":2}}},"fnMap":{"0":{"name":"Input","decl":{"start":{"line":11,"column":16},"end":{"line":11,"column":21}},"loc":{"start":{"line":11,"column":69},"end":{"line":31,"column":1}},"line":11}},"branchMap":{"0":{"loc":{"start":{"line":14,"column":7},"end":{"line":18,"column":7}},"type":"binary-expr","locations":[{"start":{"line":14,"column":7},"end":{"line":14,"column":12}},{"start":{"line":15,"column":8},"end":{"line":17,"column":15}}],"line":14},"1":{"loc":{"start":{"line":20,"column":30},"end":{"line":20,"column":56}},"type":"binary-expr","locations":[{"start":{"line":20,"column":30},"end":{"line":20,"column":35}},{"start":{"line":20,"column":39},"end":{"line":20,"column":56}}],"line":20},"2":{"loc":{"start":{"line":24,"column":7},"end":{"line":28,"column":7}},"type":"binary-expr","locations":[{"start":{"line":24,"column":7},"end":{"line":24,"column":12}},{"start":{"line":25,"column":8},"end":{"line":27,"column":15}}],"line":24}},"s":{"0":0,"1":1},"f":{"0":0},"b":{"0":[0,0],"1":[0,0],"2":[0,0]},"_coverageSchema":"1a1c01bbd47fc00a2c39e90264f33305004495a9","hash":"4c94c07de1e41027f94ca13f1aaa75617756e8c5"}
,"/Users/emmanuelrassou/Desktop/Academics - Harvard/Side_projects/sellryte/projectslge/apps/mobile/src/ui/components/Text.tsx": {"path":"/Users/emmanuelrassou/Desktop/Academics - Harvard/Side_projects/sellryte/projectslge/apps/mobile/src/ui/components/Text.tsx","statementMap":{"0":{"start":{"line":16,"column":44},"end":{"line":27,"column":1}},"1":{"start":{"line":37,"column":2},"end":{"line":52,"column":4}},"2":{"start":{"line":55,"column":15},"end":{"line":59,"column":2}}},"fnMap":{"0":{"name":"Text","decl":{"start":{"line":29,"column":16},"end":{"line":29,"column":20}},"loc":{"start":{"line":36,"column":20},"end":{"line":53,"column":1}},"line":36}},"branchMap":{"0":{"loc":{"start":{"line":30,"column":2},"end":{"line":30,"column":18}},"type":"default-arg","locations":[{"start":{"line":30,"column":12},"end":{"line":30,"column":18}}],"line":30},"1":{"loc":{"start":{"line":31,"column":2},"end":{"line":31,"column":13}},"type":"default-arg","locations":[{"start":{"line":31,"column":9},"end":{"line":31,"column":13}}],"line":31},"2":{"loc":{"start":{"line":32,"column":2},"end":{"line":32,"column":19}},"type":"default-arg","locations":[{"start":{"line":32,"column":10},"end":{"line":32,"column":19}}],"line":32}},"s":{"0":1,"1":102,"2":1},"f":{"0":102},"b":{"0":[16],"1":[0],"2":[56]},"_coverageSchema":"1a1c01bbd47fc00a2c39e90264f33305004495a9","hash":"9978ac8284ff7a5d9b6bcae2917a09374e62edbf"}
,"/Users/emmanuelrassou/Desktop/Academics - Harvard/Side_projects/sellryte/projectslge/apps/mobile/src/ui/components/index.ts": {"path":"/Users/emmanuelrassou/Desktop/Academics - Harvard/Side_projects/sellryte/projectslge/apps/mobile/src/ui/components/index.ts","statementMap":{},"fnMap":{},"branchMap":{},"s":{},"f":{},"b":{},"_coverageSchema":"1a1c01bbd47fc00a2c39e90264f33305004495a9","hash":"221ea3647da6558a1fc71e2ec1d5c616da1a338f"}
}
