TN:
SF:src/components/ErrorBoundary.tsx
FN:24,(anonymous_0)
FN:33,(anonymous_1)
FN:40,(anonymous_2)
FN:60,(anonymous_3)
FN:68,(anonymous_4)
FNF:5
FNH:0
FNDA:0,(anonymous_0)
FNDA:0,(anonymous_1)
FNDA:0,(anonymous_2)
FNDA:0,(anonymous_3)
FNDA:0,(anonymous_4)
DA:25,0
DA:26,0
DA:34,0
DA:42,0
DA:43,0
DA:46,0
DA:52,0
DA:53,0
DA:57,0
DA:60,0
DA:61,0
DA:69,0
DA:70,0
DA:71,0
DA:74,0
DA:103,0
DA:107,0
LF:17
LH:0
BRDA:42,0,0,0
BRDA:42,0,1,0
BRDA:52,1,0,0
BRDA:52,1,1,0
BRDA:69,2,0,0
BRDA:69,2,1,0
BRDA:70,3,0,0
BRDA:70,3,1,0
BRDA:81,4,0,0
BRDA:81,4,1,0
BRDA:84,5,0,0
BRDA:84,5,1,0
BRDA:84,5,2,0
BRF:13
BRH:0
end_of_record
TN:
SF:src/navigation/AppNavigator.tsx
FN:80,AppNavigator
FNF:1
FNH:0
FNDA:0,AppNavigator
DA:66,0
DA:81,0
LF:2
LH:0
BRF:0
BRH:0
end_of_record
TN:
SF:src/navigation/AppTabs.tsx
FN:13,AppTabs
FN:41,(anonymous_1)
FN:52,(anonymous_2)
FN:62,(anonymous_3)
FN:67,(anonymous_4)
FN:74,(anonymous_5)
FN:79,(anonymous_6)
FN:86,(anonymous_7)
FN:91,(anonymous_8)
FNF:9
FNH:0
FNDA:0,AppTabs
FNDA:0,(anonymous_1)
FNDA:0,(anonymous_2)
FNDA:0,(anonymous_3)
FNDA:0,(anonymous_4)
FNDA:0,(anonymous_5)
FNDA:0,(anonymous_6)
FNDA:0,(anonymous_7)
FNDA:0,(anonymous_8)
DA:11,0
DA:14,0
DA:42,0
DA:53,0
DA:63,0
DA:67,0
DA:75,0
DA:79,0
DA:87,0
DA:91,0
LF:10
LH:0
BRF:0
BRH:0
end_of_record
TN:
SF:src/navigation/AuthStack.tsx
FN:13,AuthStack
FNF:1
FNH:0
FNDA:0,AuthStack
DA:11,0
DA:14,0
LF:2
LH:0
BRF:0
BRH:0
end_of_record
TN:
SF:src/navigation/RootNavigator.tsx
FN:19,RootNavigator
FN:20,(anonymous_1)
FNF:2
FNH:0
FNDA:0,RootNavigator
FNDA:0,(anonymous_1)
DA:11,0
DA:20,0
DA:22,0
LF:3
LH:0
BRDA:30,0,0,0
BRDA:30,0,1,0
BRF:2
BRH:0
end_of_record
TN:
SF:src/navigation/types.ts
FNF:0
FNH:0
LF:0
LH:0
BRF:0
BRH:0
end_of_record
TN:
SF:src/navigation/stacks/ChatStack.tsx
FN:11,ChatStack
FNF:1
FNH:0
FNDA:0,ChatStack
DA:9,0
DA:12,0
LF:2
LH:0
BRF:0
BRH:0
end_of_record
TN:
SF:src/navigation/stacks/DealsStack.tsx
FN:15,DealsStack
FNF:1
FNH:0
FNDA:0,DealsStack
DA:13,0
DA:16,0
LF:2
LH:0
BRF:0
BRH:0
end_of_record
TN:
SF:src/navigation/stacks/HomeStack.tsx
FN:11,HomeStack
FNF:1
FNH:0
FNDA:0,HomeStack
DA:9,0
DA:12,0
LF:2
LH:0
BRF:0
BRH:0
end_of_record
TN:
SF:src/navigation/stacks/ListStack.tsx
FN:14,ListStack
FNF:1
FNH:0
FNDA:0,ListStack
DA:12,0
DA:15,0
LF:2
LH:0
BRF:0
BRH:0
end_of_record
TN:
SF:src/navigation/stacks/MatchesStack.tsx
FN:11,MatchesStack
FNF:1
FNH:0
FNDA:0,MatchesStack
DA:9,0
DA:12,0
LF:2
LH:0
BRF:0
BRH:0
end_of_record
TN:
SF:src/navigation/stacks/ProfileStack.tsx
FN:12,ProfileStack
FNF:1
FNH:0
FNDA:0,ProfileStack
DA:10,0
DA:13,0
LF:2
LH:0
BRF:0
BRH:0
end_of_record
TN:
SF:src/navigation/stacks/SwipeStack.tsx
FN:11,SwipeStack
FNF:1
FNH:0
FNDA:0,SwipeStack
DA:9,0
DA:12,0
LF:2
LH:0
BRF:0
BRH:0
end_of_record
TN:
SF:src/navigation/stacks/UploadStack.tsx
FN:11,UploadStack
FNF:1
FNH:0
FNDA:0,UploadStack
DA:9,0
DA:12,0
LF:2
LH:0
BRF:0
BRH:0
end_of_record
TN:
SF:src/navigation/stacks/WantsStack.tsx
FN:11,WantsStack
FNF:1
FNH:0
FNDA:0,WantsStack
DA:9,0
DA:12,0
LF:2
LH:0
BRF:0
BRH:0
end_of_record
TN:
SF:src/schemas/errorHandling.ts
FN:10,(anonymous_0)
FN:20,(anonymous_1)
FN:21,(anonymous_2)
FN:27,(anonymous_3)
FN:34,(anonymous_4)
FN:35,(anonymous_5)
FN:41,(anonymous_6)
FN:42,(anonymous_7)
FN:50,validateListingOrThrow
FN:65,validateListingSafe
FN:88,handleListingError
FN:118,safeGetListingData
FNF:12
FNH:12
FNDA:8,(anonymous_0)
FNDA:2,(anonymous_1)
FNDA:3,(anonymous_2)
FNDA:1,(anonymous_3)
FNDA:3,(anonymous_4)
FNDA:5,(anonymous_5)
FNDA:2,(anonymous_6)
FNDA:3,(anonymous_7)
FNDA:2,validateListingOrThrow
FNDA:2,validateListingSafe
FNDA:4,handleListingError
FNDA:9,safeGetListingData
DA:11,8
DA:12,8
DA:13,8
DA:14,8
DA:21,3
DA:28,1
DA:35,5
DA:42,3
DA:43,2
DA:51,2
DA:52,2
DA:53,1
DA:55,1
DA:66,2
DA:67,2
DA:68,2
DA:69,1
DA:71,1
DA:73,0
DA:74,0
DA:76,0
DA:92,4
DA:93,1
DA:94,1
DA:95,1
DA:97,0
DA:99,3
DA:100,2
DA:101,1
DA:103,1
DA:106,1
DA:107,1
DA:108,1
DA:110,0
DA:119,9
LF:35
LH:30
BRDA:11,0,0,8
BRDA:11,0,1,8
BRDA:28,1,0,1
BRDA:28,1,1,0
BRDA:43,2,0,1
BRDA:43,2,1,1
BRDA:52,3,0,1
BRDA:52,3,1,1
BRDA:68,4,0,1
BRDA:68,4,1,1
BRDA:73,5,0,0
BRDA:73,5,1,0
BRDA:79,6,0,0
BRDA:79,6,1,0
BRDA:92,7,0,1
BRDA:92,7,1,3
BRDA:94,8,0,1
BRDA:94,8,1,0
BRDA:99,9,0,2
BRDA:99,9,1,1
BRDA:100,10,0,1
BRDA:100,10,1,1
BRDA:107,11,0,1
BRDA:107,11,1,0
BRDA:120,12,0,9
BRDA:120,12,1,1
BRDA:121,13,0,9
BRDA:121,13,1,1
BRDA:122,14,0,9
BRDA:122,14,1,1
BRDA:123,15,0,9
BRDA:123,15,1,1
BRDA:124,16,0,9
BRDA:124,16,1,1
BRDA:125,17,0,9
BRDA:125,17,1,1
BRDA:129,18,0,9
BRDA:129,18,1,6
BRF:38
BRH:31
end_of_record
TN:
SF:src/schemas/index.ts
FNF:0
FNH:0
LF:0
LH:0
BRF:0
BRH:0
end_of_record
TN:
SF:src/schemas/schema.ts
FN:145,isListingPhase
FN:149,hasPhase
FN:170,hasClarificationData
FN:174,hasNegotiationData
FN:189,validateListing
FN:254,formatCurrency
FN:267,getPhaseDisplayText
FNF:7
FNH:7
FNDA:15,isListingPhase
FNDA:25,hasPhase
FNDA:9,hasClarificationData
FNDA:9,hasNegotiationData
FNDA:9,validateListing
FNDA:10,formatCurrency
FNDA:10,getPhaseDisplayText
DA:146,15
DA:150,25
DA:152,2
DA:157,11
DA:161,11
DA:164,1
DA:166,0
DA:171,9
DA:175,9
DA:190,9
DA:193,9
DA:194,2
DA:197,9
DA:198,0
DA:201,9
DA:202,0
DA:205,9
DA:206,3
DA:208,9
DA:209,3
DA:211,9
DA:212,3
DA:214,9
DA:215,3
DA:217,9
DA:218,1
DA:223,9
DA:224,2
DA:225,0
DA:226,0
DA:228,2
DA:229,2
DA:234,9
DA:235,1
DA:236,0
DA:237,0
DA:240,1
DA:244,9
DA:245,3
DA:248,9
DA:255,10
DA:261,10
DA:268,10
DA:270,4
DA:272,2
DA:274,3
DA:276,1
DA:278,0
LF:48
LH:40
BRDA:150,0,0,2
BRDA:150,0,1,11
BRDA:150,0,2,11
BRDA:150,0,3,1
BRDA:150,0,4,0
BRDA:152,1,0,2
BRDA:152,1,1,1
BRDA:152,1,2,1
BRDA:152,1,3,0
BRDA:157,2,0,11
BRDA:157,2,1,10
BRDA:157,2,2,8
BRDA:161,3,0,11
BRDA:161,3,1,9
BRDA:171,4,0,9
BRDA:171,4,1,4
BRDA:175,5,0,9
BRDA:175,5,1,4
BRDA:193,6,0,2
BRDA:193,6,1,7
BRDA:197,7,0,0
BRDA:197,7,1,9
BRDA:197,8,0,9
BRDA:197,8,1,9
BRDA:201,9,0,0
BRDA:201,9,1,9
BRDA:205,10,0,3
BRDA:205,10,1,6
BRDA:208,11,0,3
BRDA:208,11,1,6
BRDA:211,12,0,3
BRDA:211,12,1,6
BRDA:214,13,0,3
BRDA:214,13,1,6
BRDA:214,14,0,9
BRDA:214,14,1,9
BRDA:217,15,0,1
BRDA:217,15,1,8
BRDA:217,16,0,9
BRDA:217,16,1,9
BRDA:223,17,0,2
BRDA:223,17,1,7
BRDA:223,18,0,9
BRDA:223,18,1,2
BRDA:224,19,0,0
BRDA:224,19,1,2
BRDA:225,20,0,0
BRDA:225,20,1,0
BRDA:228,21,0,2
BRDA:228,21,1,0
BRDA:228,22,0,2
BRDA:228,22,1,1
BRDA:234,23,0,1
BRDA:234,23,1,8
BRDA:234,24,0,9
BRDA:234,24,1,1
BRDA:235,25,0,0
BRDA:235,25,1,1
BRDA:236,26,0,0
BRDA:236,26,1,0
BRDA:244,27,0,3
BRDA:244,27,1,6
BRDA:254,28,0,9
BRDA:268,29,0,4
BRDA:268,29,1,2
BRDA:268,29,2,3
BRDA:268,29,3,1
BRDA:268,29,4,0
BRF:68
BRH:56
end_of_record
TN:
SF:src/screens/AddWantScreen.tsx
FN:15,AddWantScreen
FN:22,(anonymous_1)
FNF:2
FNH:0
FNDA:0,AddWantScreen
FNDA:0,(anonymous_1)
DA:16,0
DA:22,0
DA:31,0
LF:3
LH:0
BRF:0
BRH:0
end_of_record
TN:
SF:src/screens/AgentScreen.tsx
FN:15,AgentScreen
FN:22,(anonymous_1)
FNF:2
FNH:0
FNDA:0,AgentScreen
FNDA:0,(anonymous_1)
DA:16,0
DA:22,0
DA:31,0
LF:3
LH:0
BRF:0
BRH:0
end_of_record
TN:
SF:src/screens/AuthFormScreen.tsx
FN:9,AuthFormScreen
FN:16,(anonymous_1)
FN:20,(anonymous_2)
FNF:3
FNH:0
FNDA:0,AuthFormScreen
FNDA:0,(anonymous_1)
FNDA:0,(anonymous_2)
DA:10,0
DA:16,0
DA:20,0
DA:28,0
LF:4
LH:0
BRF:0
BRH:0
end_of_record
TN:
SF:src/screens/ChatScreen.tsx
FN:15,ChatScreen
FN:22,(anonymous_1)
FNF:2
FNH:0
FNDA:0,ChatScreen
FNDA:0,(anonymous_1)
DA:16,0
DA:22,0
DA:31,0
LF:3
LH:0
BRF:0
BRH:0
end_of_record
TN:
SF:src/screens/ChatThreadScreen.tsx
FN:9,ChatThreadScreen
FN:18,(anonymous_1)
FNF:2
FNH:0
FNDA:0,ChatThreadScreen
FNDA:0,(anonymous_1)
DA:10,0
DA:12,0
DA:18,0
DA:26,0
LF:4
LH:0
BRF:0
BRH:0
end_of_record
TN:
SF:src/screens/ClarificationScreen.tsx
FN:9,ClarificationScreen
FN:16,(anonymous_1)
FN:20,(anonymous_2)
FNF:3
FNH:0
FNDA:0,ClarificationScreen
FNDA:0,(anonymous_1)
FNDA:0,(anonymous_2)
DA:10,0
DA:16,0
DA:20,0
DA:28,0
LF:4
LH:0
BRF:0
BRH:0
end_of_record
TN:
SF:src/screens/ConfirmAddToListScreen.tsx
FN:9,ConfirmAddToListScreen
FN:15,(anonymous_1)
FNF:2
FNH:0
FNDA:0,ConfirmAddToListScreen
FNDA:0,(anonymous_1)
DA:10,0
DA:15,0
DA:23,0
LF:3
LH:0
BRF:0
BRH:0
end_of_record
TN:
SF:src/screens/ConversationsScreen.tsx
FN:15,ConversationsScreen
FN:23,(anonymous_1)
FNF:2
FNH:0
FNDA:0,ConversationsScreen
FNDA:0,(anonymous_1)
DA:16,0
DA:23,0
DA:32,0
LF:3
LH:0
BRF:0
BRH:0
end_of_record
TN:
SF:src/screens/DealChatScreen.tsx
FN:9,DealChatScreen
FN:18,(anonymous_1)
FNF:2
FNH:0
FNDA:0,DealChatScreen
FNDA:0,(anonymous_1)
DA:10,0
DA:12,0
DA:18,0
DA:26,0
LF:4
LH:0
BRF:0
BRH:0
end_of_record
TN:
SF:src/screens/DealDetailScreen.tsx
FN:9,DealDetailScreen
FN:19,(anonymous_1)
FN:25,(anonymous_2)
FN:29,(anonymous_3)
FNF:4
FNH:0
FNDA:0,DealDetailScreen
FNDA:0,(anonymous_1)
FNDA:0,(anonymous_2)
FNDA:0,(anonymous_3)
DA:10,0
DA:12,0
DA:19,0
DA:25,0
DA:29,0
DA:37,0
LF:6
LH:0
BRF:0
BRH:0
end_of_record
TN:
SF:src/screens/DealsHomeScreen.tsx
FN:9,DealsHomeScreen
FN:16,(anonymous_1)
FNF:2
FNH:0
FNDA:0,DealsHomeScreen
FNDA:0,(anonymous_1)
DA:10,0
DA:16,0
DA:25,0
LF:3
LH:0
BRF:0
BRH:0
end_of_record
TN:
SF:src/screens/DealsScreen.tsx
FN:15,DealsScreen
FN:22,(anonymous_1)
FNF:2
FNH:0
FNDA:0,DealsScreen
FNDA:0,(anonymous_1)
DA:16,0
DA:22,0
DA:31,0
LF:3
LH:0
BRF:0
BRH:0
end_of_record
TN:
SF:src/screens/ForgotPasswordScreen.tsx
FN:9,ForgotPasswordScreen
FN:16,(anonymous_1)
FN:20,(anonymous_2)
FNF:3
FNH:0
FNDA:0,ForgotPasswordScreen
FNDA:0,(anonymous_1)
FNDA:0,(anonymous_2)
DA:10,0
DA:16,0
DA:20,0
DA:28,0
LF:4
LH:0
BRF:0
BRH:0
end_of_record
TN:
SF:src/screens/HomeScreen.tsx
FN:15,HomeScreen
FN:36,(anonymous_1)
FN:46,(anonymous_2)
FNF:3
FNH:0
FNDA:0,HomeScreen
FNDA:0,(anonymous_1)
FNDA:0,(anonymous_2)
DA:16,0
DA:36,0
DA:46,0
DA:59,0
LF:4
LH:0
BRF:0
BRH:0
end_of_record
TN:
SF:src/screens/ItemDetailScreen.tsx
FN:15,ItemDetailScreen
FN:26,(anonymous_1)
FNF:2
FNH:0
FNDA:0,ItemDetailScreen
FNDA:0,(anonymous_1)
DA:16,0
DA:18,0
DA:26,0
DA:35,0
LF:4
LH:0
BRF:0
BRH:0
end_of_record
TN:
SF:src/screens/LoginScreen.tsx
FN:15,LoginScreen
FN:22,(anonymous_1)
FNF:2
FNH:0
FNDA:0,LoginScreen
FNDA:0,(anonymous_1)
DA:16,0
DA:22,0
DA:31,0
LF:3
LH:0
BRF:0
BRH:0
end_of_record
TN:
SF:src/screens/LogisticsShippingScreen.tsx
FN:9,LogisticsShippingScreen
FN:18,(anonymous_1)
FNF:2
FNH:0
FNDA:0,LogisticsShippingScreen
FNDA:0,(anonymous_1)
DA:10,0
DA:12,0
DA:18,0
DA:26,0
LF:4
LH:0
BRF:0
BRH:0
end_of_record
TN:
SF:src/screens/MatchDetailScreen.tsx
FN:9,MatchDetailScreen
FN:17,(anonymous_1)
FNF:2
FNH:0
FNDA:0,MatchDetailScreen
FNDA:0,(anonymous_1)
DA:10,0
DA:12,0
DA:17,0
DA:25,0
LF:4
LH:0
BRF:0
BRH:0
end_of_record
TN:
SF:src/screens/MatchesHomeScreen.tsx
FN:9,MatchesHomeScreen
FN:16,(anonymous_1)
FNF:2
FNH:0
FNDA:0,MatchesHomeScreen
FNDA:0,(anonymous_1)
DA:10,0
DA:16,0
DA:25,0
LF:3
LH:0
BRF:0
BRH:0
end_of_record
TN:
SF:src/screens/MatchesScreen.tsx
FN:15,MatchesScreen
FN:22,(anonymous_1)
FNF:2
FNH:0
FNDA:0,MatchesScreen
FNDA:0,(anonymous_1)
DA:16,0
DA:22,0
DA:31,0
LF:3
LH:0
BRF:0
BRH:0
end_of_record
TN:
SF:src/screens/MyListScreen.tsx
FN:15,MyListScreen
FN:23,(anonymous_1)
FNF:2
FNH:0
FNDA:0,MyListScreen
FNDA:0,(anonymous_1)
DA:16,0
DA:23,0
DA:32,0
LF:3
LH:0
BRF:0
BRH:0
end_of_record
TN:
SF:src/screens/MyWantsScreen.tsx
FN:15,MyWantsScreen
FN:22,(anonymous_1)
FNF:2
FNH:0
FNDA:0,MyWantsScreen
FNDA:0,(anonymous_1)
DA:16,0
DA:22,0
DA:31,0
LF:3
LH:0
BRF:0
BRH:0
end_of_record
TN:
SF:src/screens/OfferScreen.tsx
FN:15,OfferScreen
FN:22,(anonymous_1)
FNF:2
FNH:0
FNDA:0,OfferScreen
FNDA:0,(anonymous_1)
DA:16,0
DA:22,0
DA:31,0
LF:3
LH:0
BRF:0
BRH:0
end_of_record
TN:
SF:src/screens/PickupDetailsScreen.tsx
FN:15,PickupDetailsScreen
FN:22,(anonymous_1)
FNF:2
FNH:0
FNDA:0,PickupDetailsScreen
FNDA:0,(anonymous_1)
DA:16,0
DA:22,0
DA:31,0
LF:3
LH:0
BRF:0
BRH:0
end_of_record
TN:
SF:src/screens/ProfileScreen.tsx
FN:15,ProfileScreen
FN:22,(anonymous_1)
FNF:2
FNH:0
FNDA:0,ProfileScreen
FNDA:0,(anonymous_1)
DA:16,0
DA:22,0
DA:31,0
LF:3
LH:0
BRF:0
BRH:0
end_of_record
TN:
SF:src/screens/ResetPasswordScreen.tsx
FN:15,ResetPasswordScreen
FN:23,(anonymous_1)
FNF:2
FNH:0
FNDA:0,ResetPasswordScreen
FNDA:0,(anonymous_1)
DA:16,0
DA:23,0
DA:32,0
LF:3
LH:0
BRF:0
BRH:0
end_of_record
TN:
SF:src/screens/ResetSentScreen.tsx
FN:15,ResetSentScreen
FN:22,(anonymous_1)
FNF:2
FNH:0
FNDA:0,ResetSentScreen
FNDA:0,(anonymous_1)
DA:16,0
DA:22,0
DA:31,0
LF:3
LH:0
BRF:0
BRH:0
end_of_record
TN:
SF:src/screens/ShippingScreen.tsx
FN:15,ShippingScreen
FN:22,(anonymous_1)
FNF:2
FNH:0
FNDA:0,ShippingScreen
FNDA:0,(anonymous_1)
DA:16,0
DA:22,0
DA:31,0
LF:3
LH:0
BRF:0
BRH:0
end_of_record
TN:
SF:src/screens/SignupScreen.tsx
FN:15,SignupScreen
FN:22,(anonymous_1)
FNF:2
FNH:0
FNDA:0,SignupScreen
FNDA:0,(anonymous_1)
DA:16,0
DA:22,0
DA:31,0
LF:3
LH:0
BRF:0
BRH:0
end_of_record
TN:
SF:src/screens/StubScreen.tsx
FN:11,StubScreen
FNF:1
FNH:0
FNDA:0,StubScreen
DA:12,0
DA:36,0
LF:2
LH:0
BRDA:18,0,0,0
BRDA:18,0,1,0
BRF:2
BRH:0
end_of_record
TN:
SF:src/screens/SwipeBuyScreen.tsx
FN:15,SwipeBuyScreen
FN:22,(anonymous_1)
FNF:2
FNH:0
FNDA:0,SwipeBuyScreen
FNDA:0,(anonymous_1)
DA:16,0
DA:22,0
DA:31,0
LF:3
LH:0
BRF:0
BRH:0
end_of_record
TN:
SF:src/screens/SwipeScreen.tsx
FN:9,SwipeScreen
FN:17,(anonymous_1)
FNF:2
FNH:0
FNDA:0,SwipeScreen
FNDA:0,(anonymous_1)
DA:10,0
DA:17,0
DA:26,0
LF:3
LH:0
BRF:0
BRH:0
end_of_record
TN:
SF:src/screens/SwipeSellScreen.tsx
FN:15,SwipeSellScreen
FN:22,(anonymous_1)
FNF:2
FNH:0
FNDA:0,SwipeSellScreen
FNDA:0,(anonymous_1)
DA:16,0
DA:22,0
DA:31,0
LF:3
LH:0
BRF:0
BRH:0
end_of_record
TN:
SF:src/screens/TestScreen.tsx
FN:4,TestScreen
FNF:1
FNH:0
FNDA:0,TestScreen
DA:5,0
DA:12,0
LF:2
LH:0
BRF:0
BRH:0
end_of_record
TN:
SF:src/screens/UploadClarifyScreen.tsx
FN:15,UploadClarifyScreen
FN:22,(anonymous_1)
FNF:2
FNH:0
FNDA:0,UploadClarifyScreen
FNDA:0,(anonymous_1)
DA:16,0
DA:22,0
DA:31,0
LF:3
LH:0
BRF:0
BRH:0
end_of_record
TN:
SF:src/screens/UploadScreen.tsx
FN:15,UploadScreen
FN:23,(anonymous_1)
FNF:2
FNH:0
FNDA:0,UploadScreen
FNDA:0,(anonymous_1)
DA:16,0
DA:23,0
DA:32,0
LF:3
LH:0
BRF:0
BRH:0
end_of_record
TN:
SF:src/screens/WelcomeScreen.tsx
FN:15,WelcomeScreen
FN:36,(anonymous_1)
FN:46,(anonymous_2)
FNF:3
FNH:0
FNDA:0,WelcomeScreen
FNDA:0,(anonymous_1)
FNDA:0,(anonymous_2)
DA:16,0
DA:36,0
DA:46,0
DA:59,0
LF:4
LH:0
BRF:0
BRH:0
end_of_record
TN:
SF:src/screens/auth/Auth.tsx
FN:11,AuthScreen
FN:14,(anonymous_1)
FN:15,(anonymous_2)
FN:17,(anonymous_3)
FN:25,(anonymous_4)
FN:37,(anonymous_5)
FN:75,(anonymous_6)
FN:123,(anonymous_7)
FN:135,(anonymous_8)
FNF:9
FNH:0
FNDA:0,AuthScreen
FNDA:0,(anonymous_1)
FNDA:0,(anonymous_2)
FNDA:0,(anonymous_3)
FNDA:0,(anonymous_4)
FNDA:0,(anonymous_5)
FNDA:0,(anonymous_6)
FNDA:0,(anonymous_7)
FNDA:0,(anonymous_8)
DA:12,0
DA:13,0
DA:14,0
DA:15,0
DA:17,0
DA:18,0
DA:19,0
DA:23,0
DA:25,0
DA:26,0
DA:27,0
DA:29,0
DA:33,0
DA:37,0
DA:75,0
DA:123,0
DA:135,0
DA:147,0
LF:18
LH:0
BRDA:12,0,0,0
BRDA:12,0,1,0
BRDA:18,1,0,0
BRDA:18,1,1,0
BRDA:26,2,0,0
BRDA:26,2,1,0
BRDA:41,3,0,0
BRDA:41,3,1,0
BRDA:46,4,0,0
BRDA:46,4,1,0
BRDA:60,5,0,0
BRDA:60,5,1,0
BRDA:64,6,0,0
BRDA:64,6,1,0
BRDA:74,7,0,0
BRDA:74,7,1,0
BRDA:92,8,0,0
BRDA:92,8,1,0
BRDA:116,9,0,0
BRDA:116,9,1,0
BRF:20
BRH:0
end_of_record
TN:
SF:src/screens/auth/ForgotPassword.tsx
FN:10,ForgotPasswordScreen
FN:15,(anonymous_1)
FN:36,(anonymous_2)
FN:48,(anonymous_3)
FNF:4
FNH:0
FNDA:0,ForgotPasswordScreen
FNDA:0,(anonymous_1)
FNDA:0,(anonymous_2)
FNDA:0,(anonymous_3)
DA:11,0
DA:15,0
DA:36,0
DA:48,0
DA:58,0
LF:5
LH:0
BRF:0
BRH:0
end_of_record
TN:
SF:src/screens/auth/ResetPassword.tsx
FN:10,ResetPasswordScreen
FN:22,(anonymous_1)
FNF:2
FNH:0
FNDA:0,ResetPasswordScreen
FNDA:0,(anonymous_1)
DA:11,0
DA:22,0
DA:30,0
LF:3
LH:0
BRF:0
BRH:0
end_of_record
TN:
SF:src/screens/auth/Welcome.tsx
FN:11,WelcomeScreen
FN:12,(anonymous_1)
FN:14,(anonymous_2)
FN:48,(anonymous_3)
FN:54,(anonymous_4)
FNF:5
FNH:0
FNDA:0,WelcomeScreen
FNDA:0,(anonymous_1)
FNDA:0,(anonymous_2)
FNDA:0,(anonymous_3)
FNDA:0,(anonymous_4)
DA:12,0
DA:14,0
DA:15,0
DA:18,0
DA:48,0
DA:54,0
DA:74,0
LF:7
LH:0
BRF:0
BRH:0
end_of_record
TN:
SF:src/screens/home/ItemDetail.tsx
FN:20,ItemDetailScreen
FN:22,(anonymous_1)
FN:23,(anonymous_2)
FN:27,(anonymous_3)
FN:45,(anonymous_4)
FN:53,(anonymous_5)
FN:64,(anonymous_6)
FN:76,(anonymous_7)
FN:95,(anonymous_8)
FN:113,(anonymous_9)
FN:216,(anonymous_10)
FN:219,(anonymous_11)
FN:220,(anonymous_12)
FN:221,(anonymous_13)
FN:259,(anonymous_14)
FN:272,getPhaseBadgeVariant
FNF:16
FNH:10
FNDA:16,ItemDetailScreen
FNDA:16,(anonymous_1)
FNDA:16,(anonymous_2)
FNDA:8,(anonymous_3)
FNDA:0,(anonymous_4)
FNDA:0,(anonymous_5)
FNDA:0,(anonymous_6)
FNDA:0,(anonymous_7)
FNDA:0,(anonymous_8)
FNDA:1,(anonymous_9)
FNDA:3,(anonymous_10)
FNDA:3,(anonymous_11)
FNDA:0,(anonymous_12)
FNDA:2,(anonymous_13)
FNDA:3,(anonymous_14)
FNDA:6,getPhaseBadgeVariant
DA:21,16
DA:22,16
DA:23,16
DA:24,16
DA:25,16
DA:27,16
DA:29,8
DA:32,8
DA:33,8
DA:34,6
DA:35,6
DA:39,2
DA:43,16
DA:45,16
DA:46,0
DA:49,16
DA:50,2
DA:53,0
DA:64,0
DA:72,14
DA:73,8
DA:76,0
DA:92,6
DA:95,0
DA:114,1
DA:216,3
DA:219,3
DA:220,0
DA:222,2
DA:260,3
DA:273,6
DA:275,3
DA:277,1
DA:279,2
DA:281,0
DA:283,0
DA:287,1
LF:37
LH:29
BRDA:33,0,0,6
BRDA:33,0,1,2
BRDA:43,1,0,6
BRDA:43,1,1,10
BRDA:49,2,0,2
BRDA:49,2,1,14
BRDA:49,3,0,16
BRDA:49,3,1,2
BRDA:72,4,0,8
BRDA:72,4,1,6
BRDA:72,5,0,14
BRDA:72,5,1,6
BRDA:111,6,0,6
BRDA:111,6,1,1
BRDA:127,7,0,6
BRDA:127,7,1,1
BRDA:142,8,0,6
BRDA:142,8,1,1
BRDA:150,9,0,6
BRDA:150,9,1,2
BRDA:155,10,0,2
BRDA:155,10,1,2
BRDA:160,11,0,2
BRDA:160,11,1,1
BRDA:165,12,0,2
BRDA:165,12,1,1
BRDA:167,13,0,0
BRDA:167,13,1,1
BRDA:170,14,0,2
BRDA:170,14,1,1
BRDA:179,15,0,6
BRDA:179,15,1,2
BRDA:185,16,0,2
BRDA:185,16,1,1
BRDA:195,17,0,2
BRDA:195,17,1,1
BRDA:205,18,0,2
BRDA:205,18,1,1
BRDA:213,19,0,2
BRDA:213,19,1,2
BRDA:225,20,0,2
BRDA:225,20,1,0
BRDA:231,21,0,2
BRDA:231,21,1,1
BRDA:236,22,0,1
BRDA:236,22,1,1
BRDA:243,23,0,2
BRDA:243,23,1,1
BRDA:256,24,0,6
BRDA:256,24,1,1
BRDA:256,24,2,1
BRDA:273,25,0,3
BRDA:273,25,1,1
BRDA:273,25,2,2
BRDA:273,25,3,0
BRDA:273,25,4,0
BRF:56
BRH:52
end_of_record
TN:
SF:src/screens/home/MyList.tsx
FN:12,getPhaseBadgeVariant
FN:27,MyListScreen
FN:28,(anonymous_2)
FN:29,(anonymous_3)
FN:30,(anonymous_4)
FN:31,(anonymous_5)
FN:33,(anonymous_6)
FN:38,(anonymous_7)
FN:76,(anonymous_8)
FN:77,(anonymous_9)
FN:79,(anonymous_10)
FN:82,(anonymous_11)
FN:107,(anonymous_12)
FN:111,(anonymous_13)
FN:139,(anonymous_14)
FNF:15
FNH:0
FNDA:0,getPhaseBadgeVariant
FNDA:0,MyListScreen
FNDA:0,(anonymous_2)
FNDA:0,(anonymous_3)
FNDA:0,(anonymous_4)
FNDA:0,(anonymous_5)
FNDA:0,(anonymous_6)
FNDA:0,(anonymous_7)
FNDA:0,(anonymous_8)
FNDA:0,(anonymous_9)
FNDA:0,(anonymous_10)
FNDA:0,(anonymous_11)
FNDA:0,(anonymous_12)
FNDA:0,(anonymous_13)
FNDA:0,(anonymous_14)
DA:13,0
DA:15,0
DA:17,0
DA:19,0
DA:21,0
DA:23,0
DA:28,0
DA:29,0
DA:30,0
DA:31,0
DA:33,0
DA:34,0
DA:35,0
DA:38,0
DA:40,0
DA:41,0
DA:42,0
DA:46,0
DA:76,0
DA:77,0
DA:80,0
DA:82,0
DA:108,0
DA:111,0
DA:139,0
DA:148,0
LF:26
LH:0
BRDA:13,0,0,0
BRDA:13,0,1,0
BRDA:13,0,2,0
BRDA:13,0,3,0
BRDA:13,0,4,0
BRDA:41,1,0,0
BRDA:41,1,1,0
BRDA:57,2,0,0
BRDA:57,2,1,0
BRDA:57,3,0,0
BRDA:57,3,1,0
BRDA:87,4,0,0
BRDA:87,4,1,0
BRDA:99,5,0,0
BRDA:99,5,1,0
BRDA:105,6,0,0
BRDA:105,6,1,0
BRDA:116,7,0,0
BRDA:116,7,1,0
BRDA:139,8,0,0
BRDA:139,8,1,0
BRF:21
BRH:0
end_of_record
TN:
SF:src/screens/upload/ConfirmAddToList.tsx
FN:11,ConfirmAddToListScreen
FN:12,(anonymous_1)
FN:13,(anonymous_2)
FN:14,(anonymous_3)
FN:23,(anonymous_4)
FN:54,(anonymous_5)
FN:80,(anonymous_6)
FN:95,(anonymous_7)
FNF:8
FNH:0
FNDA:0,ConfirmAddToListScreen
FNDA:0,(anonymous_1)
FNDA:0,(anonymous_2)
FNDA:0,(anonymous_3)
FNDA:0,(anonymous_4)
FNDA:0,(anonymous_5)
FNDA:0,(anonymous_6)
FNDA:0,(anonymous_7)
DA:12,0
DA:13,0
DA:14,0
DA:16,0
DA:17,0
DA:18,0
DA:19,0
DA:23,0
DA:24,0
DA:33,0
DA:35,0
DA:36,0
DA:40,0
DA:44,0
DA:45,0
DA:46,0
DA:50,0
DA:54,0
DA:80,0
DA:95,0
DA:143,0
LF:21
LH:0
BRDA:16,0,0,0
BRDA:16,0,1,0
BRDA:17,1,0,0
BRDA:17,1,1,0
BRDA:18,2,0,0
BRDA:18,2,1,0
BRDA:20,3,0,0
BRDA:20,3,1,0
BRDA:27,4,0,0
BRDA:27,4,1,0
BRDA:35,5,0,0
BRDA:35,5,1,0
BRDA:38,6,0,0
BRDA:38,6,1,0
BRDA:45,7,0,0
BRDA:45,7,1,0
BRDA:63,8,0,0
BRDA:63,8,1,0
BRDA:78,9,0,0
BRDA:78,9,1,0
BRDA:85,10,0,0
BRDA:85,10,1,0
BRDA:93,11,0,0
BRDA:93,11,1,0
BRDA:100,12,0,0
BRDA:100,12,1,0
BRDA:134,13,0,0
BRDA:134,13,1,0
BRDA:136,14,0,0
BRDA:136,14,1,0
BRF:30
BRH:0
end_of_record
TN:
SF:src/screens/upload/Upload.tsx
FN:12,UploadScreen
FN:13,(anonymous_1)
FN:15,(anonymous_2)
FN:39,(anonymous_3)
FN:66,(anonymous_4)
FNF:5
FNH:0
FNDA:0,UploadScreen
FNDA:0,(anonymous_1)
FNDA:0,(anonymous_2)
FNDA:0,(anonymous_3)
FNDA:0,(anonymous_4)
DA:13,0
DA:15,0
DA:16,0
DA:18,0
DA:19,0
DA:23,0
DA:26,0
DA:33,0
DA:34,0
DA:35,0
DA:39,0
DA:40,0
DA:42,0
DA:43,0
DA:47,0
DA:50,0
DA:56,0
DA:57,0
DA:58,0
DA:62,0
DA:66,0
DA:104,0
LF:22
LH:0
BRDA:18,0,0,0
BRDA:18,0,1,0
BRDA:33,1,0,0
BRDA:33,1,1,0
BRDA:33,2,0,0
BRDA:33,2,1,0
BRDA:42,3,0,0
BRDA:42,3,1,0
BRDA:56,4,0,0
BRDA:56,4,1,0
BRDA:56,5,0,0
BRDA:56,5,1,0
BRF:12
BRH:0
end_of_record
TN:
SF:src/state/authStore.ts
FN:11,(anonymous_0)
FN:14,(anonymous_1)
FN:18,(anonymous_2)
FN:23,(anonymous_3)
FN:28,(anonymous_4)
FNF:5
FNH:0
FNDA:0,(anonymous_0)
FNDA:0,(anonymous_1)
FNDA:0,(anonymous_2)
FNDA:0,(anonymous_3)
FNDA:0,(anonymous_4)
DA:11,0
DA:15,0
DA:20,0
DA:25,0
DA:29,0
LF:5
LH:0
BRF:0
BRH:0
end_of_record
TN:
SF:src/state/itemsStore.ts
FN:50,(anonymous_0)
FN:56,(anonymous_1)
FN:76,(anonymous_2)
FN:197,(anonymous_3)
FN:206,(anonymous_4)
FN:218,(anonymous_5)
FN:272,(anonymous_6)
FN:276,(anonymous_7)
FN:278,(anonymous_8)
FN:281,(anonymous_9)
FN:283,(anonymous_10)
FN:302,(anonymous_11)
FN:311,(anonymous_12)
FN:315,(anonymous_13)
FNF:14
FNH:1
FNDA:1,(anonymous_0)
FNDA:0,(anonymous_1)
FNDA:0,(anonymous_2)
FNDA:0,(anonymous_3)
FNDA:0,(anonymous_4)
FNDA:0,(anonymous_5)
FNDA:0,(anonymous_6)
FNDA:0,(anonymous_7)
FNDA:0,(anonymous_8)
FNDA:0,(anonymous_9)
FNDA:0,(anonymous_10)
FNDA:0,(anonymous_11)
FNDA:0,(anonymous_12)
FNDA:0,(anonymous_13)
DA:50,1
DA:57,0
DA:58,0
DA:59,0
DA:77,0
DA:78,0
DA:79,0
DA:80,0
DA:193,0
DA:198,0
DA:207,0
DA:208,0
DA:210,0
DA:211,0
DA:212,0
DA:214,0
DA:219,0
DA:220,0
DA:221,0
DA:229,0
DA:230,0
DA:238,0
DA:239,0
DA:259,0
DA:260,0
DA:261,0
DA:267,0
DA:269,0
DA:273,0
DA:277,0
DA:278,0
DA:282,0
DA:283,0
DA:284,0
DA:285,0
DA:293,0
DA:299,0
DA:300,0
DA:301,0
DA:302,0
DA:306,0
DA:308,0
DA:312,0
DA:316,0
LF:44
LH:1
BRDA:58,0,0,0
BRDA:58,0,1,0
BRDA:78,1,0,0
BRDA:78,1,1,0
BRDA:208,2,0,0
BRDA:208,2,1,0
BRDA:211,3,0,0
BRDA:211,3,1,0
BRDA:211,4,0,0
BRDA:211,4,1,0
BRDA:212,5,0,0
BRDA:212,5,1,0
BRDA:220,6,0,0
BRDA:220,6,1,0
BRDA:229,7,0,0
BRDA:229,7,1,0
BRDA:229,8,0,0
BRDA:229,8,1,0
BRDA:245,9,0,0
BRDA:245,9,1,0
BRDA:245,9,2,0
BRDA:248,10,0,0
BRDA:248,10,1,0
BRDA:248,11,0,0
BRDA:248,11,1,0
BRDA:249,12,0,0
BRDA:249,12,1,0
BRDA:260,13,0,0
BRDA:260,13,1,0
BRDA:267,14,0,0
BRDA:267,14,1,0
BRDA:284,15,0,0
BRDA:284,15,1,0
BRDA:300,16,0,0
BRDA:300,16,1,0
BRDA:302,17,0,0
BRDA:302,17,1,0
BRDA:306,18,0,0
BRDA:306,18,1,0
BRF:39
BRH:0
end_of_record
TN:
SF:src/theme/tokens.ts
FNF:0
FNH:0
DA:2,0
DA:13,0
LF:2
LH:0
BRF:0
BRH:0
end_of_record
TN:
SF:src/ui/tokens.ts
FNF:0
FNH:0
DA:3,1
DA:25,1
DA:36,1
DA:44,1
DA:75,1
LF:5
LH:5
BRF:0
BRH:0
end_of_record
TN:
SF:src/ui/components/Badge.tsx
FN:53,Badge
FNF:1
FNH:1
FNDA:10,Badge
DA:14,1
DA:54,10
DA:56,10
DA:75,1
LF:4
LH:4
BRDA:53,0,0,0
BRF:1
BRH:0
end_of_record
TN:
SF:src/ui/components/Button.tsx
FN:23,Button
FN:37,(anonymous_1)
FNF:2
FNH:2
FNDA:2,Button
FNDA:2,(anonymous_1)
DA:32,2
DA:33,2
DA:35,2
DA:37,2
DA:63,1
LF:5
LH:5
BRDA:24,0,0,0
BRDA:25,1,0,2
BRDA:27,2,0,2
BRDA:39,3,0,0
BRDA:39,3,1,2
BRDA:40,4,0,0
BRDA:40,4,1,2
BRDA:41,5,0,2
BRDA:41,5,1,2
BRDA:41,5,2,0
BRDA:42,6,0,2
BRDA:42,6,1,0
BRDA:45,7,0,2
BRDA:45,7,1,2
BRDA:48,8,0,0
BRDA:48,8,1,2
BRDA:49,9,0,0
BRDA:49,9,1,0
BRDA:53,10,0,0
BRDA:53,10,1,2
BRDA:54,11,0,0
BRDA:54,11,1,2
BRF:22
BRH:12
end_of_record
TN:
SF:src/ui/components/Card.tsx
FN:11,Card
FN:15,(anonymous_1)
FNF:2
FNH:1
FNDA:19,Card
FNDA:0,(anonymous_1)
DA:12,19
DA:13,0
DA:15,0
DA:23,19
DA:26,1
LF:5
LH:3
BRDA:11,0,0,19
BRDA:12,1,0,0
BRDA:12,1,1,19
BRDA:15,2,0,0
BRDA:15,2,1,0
BRF:5
BRH:2
end_of_record
TN:
SF:src/ui/components/Input.tsx
FN:11,Input
FNF:1
FNH:0
FNDA:0,Input
DA:12,0
DA:33,1
LF:2
LH:1
BRDA:14,0,0,0
BRDA:14,0,1,0
BRDA:20,1,0,0
BRDA:20,1,1,0
BRDA:24,2,0,0
BRDA:24,2,1,0
BRF:6
BRH:0
end_of_record
TN:
SF:src/ui/components/Text.tsx
FN:29,Text
FNF:1
FNH:1
FNDA:102,Text
DA:16,1
DA:37,102
DA:55,1
LF:3
LH:3
BRDA:30,0,0,16
BRDA:31,1,0,0
BRDA:32,2,0,56
BRF:3
BRH:2
end_of_record
TN:
SF:src/ui/components/index.ts
FNF:0
FNH:0
LF:0
LH:0
BRF:0
BRH:0
end_of_record
